{"meta": {"format": 3, "version": "7.13.1", "timestamp": "2026-01-20T21:33:19.065420", "branch_coverage": false, "show_contexts": false}, "files": {"src/lexecon/__init__.py": {"executed_lines": [7, 8, 10, 11, 12, 13, 14, 15, 16, 18], "summary": {"covered_lines": 10, "num_statements": 10, "percent_covered": 100.0, "percent_covered_display": "100", "missing_lines": 0, "excluded_lines": 0, "percent_statements_covered": 100.0, "percent_statements_covered_display": "100"}, "missing_lines": [], "excluded_lines": [], "functions": {"": {"executed_lines": [7, 8, 10, 11, 12, 13, 14, 15, 16, 18], "summary": {"covered_lines": 10, "num_statements": 10, "percent_covered": 100.0, "percent_covered_display": "100", "missing_lines": 0, "excluded_lines": 0, "percent_statements_covered": 100.0, "percent_statements_covered_display": "100"}, "missing_lines": [], "excluded_lines": [], "start_line": 1}}, "classes": {"": {"executed_lines": [7, 8, 10, 11, 12, 13, 14, 15, 16, 18], "summary": {"covered_lines": 10, "num_statements": 10, "percent_covered": 100.0, "percent_covered_display": "100", "missing_lines": 0, "excluded_lines": 0, "percent_statements_covered": 100.0, "percent_statements_covered_display": "100"}, "missing_lines": [], "excluded_lines": [], "start_line": 1}}}, "src/lexecon/api/__init__.py": {"executed_lines": [], "summary": {"covered_lines": 0, "num_statements": 0, "percent_covered": 100.0, "percent_covered_display": "100", "missing_lines": 0, "excluded_lines": 0, "percent_statements_covered": 100.0, "percent_statements_covered_display": "100"}, "missing_lines": [], "excluded_lines": [], "functions": {"": {"executed_lines": [], "summary": {"covered_lines": 0, "num_statements": 0, "percent_covered": 100.0, "percent_covered_display": "100", "missing_lines": 0, "excluded_lines": 0, "percent_statements_covered": 100.0, "percent_statements_covered_display": "100"}, "missing_lines": [], "excluded_lines": [], "start_line": 1}}, "classes": {"": {"executed_lines": [], "summary": {"covered_lines": 0, "num_statements": 0, "percent_covered": 100.0, "percent_covered_display": "100", "missing_lines": 0, "excluded_lines": 0, "percent_statements_covered": 100.0, "percent_statements_covered_display": "100"}, "missing_lines": [], "excluded_lines": [], "start_line": 1}}}, "src/lexecon/api/server.py": {"executed_lines": [8, 9, 10, 11, 12, 13, 15, 16, 17, 18, 19, 21, 22, 23, 24, 25, 26, 31, 34, 35, 36, 39, 40, 41, 42, 43, 49, 56, 57, 73, 79, 82, 83, 84, 85, 86, 87, 88, 89, 90, 91, 94, 98, 100, 101, 102, 103, 104, 105, 108, 111, 112, 113, 114, 115, 116, 117, 120, 123, 124, 125, 126, 129, 132, 133, 134, 135, 136, 137, 138, 139, 143, 145, 146, 149, 151, 152, 153, 154, 157, 159, 160, 161, 162, 163, 166, 169, 170, 171, 172, 173, 176, 177, 178, 179, 180, 181, 184, 185, 191, 193, 194, 195, 196, 197, 198, 201, 203, 204, 205, 209, 211, 212, 213, 214, 215, 216, 219, 221, 222, 223, 227, 229, 230, 231, 232, 233, 234, 235, 236, 237, 241, 243, 244, 245, 246, 247, 248, 249, 250, 251, 254, 256, 259, 261, 262, 263, 268, 270, 271, 272, 273, 276, 278, 281, 283, 288, 290, 291, 292, 293, 294, 295, 296, 297, 301, 308, 309, 310, 319, 320, 321, 322, 323, 324, 325, 326, 327, 328, 329, 332, 333, 334, 337, 338, 339, 340, 343, 346, 349, 355, 356, 358, 359, 361, 362, 365, 366, 367, 370, 371, 372, 378, 379, 381, 382, 384, 385, 387, 388, 391, 392, 395, 396, 399, 400, 406, 407, 409, 417, 418, 420, 422, 423, 435, 436, 439, 443, 448, 451, 452, 455, 459, 464, 467, 468, 470, 472, 475, 484, 485, 487, 489, 491, 493, 494, 496, 497, 500, 502, 503, 505, 508, 517, 523, 524, 529, 530, 532, 534, 538, 552, 555, 565, 568, 578, 581, 582, 585, 587, 590, 592, 594, 595, 600, 601, 602, 603, 604, 606, 607, 613, 614, 617, 620, 621, 623, 626, 627, 629, 632, 633, 639, 642, 646, 647, 648, 650, 652, 660, 661, 663, 666, 667, 673, 674, 676, 678, 680, 685, 687, 693, 699, 700, 702, 704, 705, 708, 709, 715, 717, 719, 722, 728, 729, 734, 735, 753, 754, 787, 788, 792, 794, 798, 801, 802, 806, 808, 810, 811, 831, 832, 837, 838, 844, 846, 849, 854, 858, 861, 862, 886, 887, 889, 891, 894, 895, 901, 902, 923, 925, 928, 929, 936, 937, 941, 942, 943, 960, 992, 993, 1005, 1012, 1018, 1019, 1020, 1037, 1038, 1041, 1056, 1070, 1071, 1072, 1073, 1074, 1080, 1083, 1098, 1181, 1183, 1186, 1187, 1192, 1198, 1199, 1201, 1203, 1204, 1213, 1214, 1216, 1218, 1225, 1226, 1228, 1230, 1236, 1237, 1239, 1241, 1247, 1248, 1250, 1253, 1254, 1256, 1259, 1260, 1271, 1272, 1311, 1312, 1324, 1325, 1352, 1353, 1355, 1356, 1357, 1389, 1390, 1392, 1393, 1394, 1426, 1427, 1429, 1431, 1438, 1439, 1441, 1454, 1455, 1457, 1458, 1459, 1487, 1488, 1490, 1491, 1492, 1509, 1510, 1512, 1514, 1517, 1519, 1520, 1523, 1530, 1546, 1547, 1552, 1553, 1555, 1557, 1560, 1561, 1562, 1564, 1582, 1583, 1585, 1587, 1590, 1591, 1594, 1614, 1615, 1617, 1619, 1622, 1624, 1627, 1628, 1630, 1639, 1650, 1651, 1656, 1657, 1659, 1661, 1664, 1666, 1669, 1671, 1679, 1680, 1681, 1682, 1686, 1700, 1701, 1703, 1705, 1708, 1709, 1712, 1727, 1728, 1730, 1732, 1735, 1737, 1753, 1754, 1756, 1758, 1763, 1765, 1769, 1770, 1775, 1792, 1793, 1795, 1797, 1800, 1802, 1803, 1804, 1807, 1808, 1813, 1814, 1817, 1829, 1839, 1840, 1845, 1846, 1848, 1850, 1853, 1854, 1857, 1871, 1872, 1874, 1876, 1879, 1881, 1897, 1898, 1900, 1902, 1905, 1906, 1908, 1913, 1914, 1922, 1925, 1926, 1928, 1930, 1936, 1938, 1940, 1945, 1946, 1948, 1950, 1953, 1955, 1957, 1969, 1979, 1980, 1985, 1986, 1988, 1990, 1993, 1995, 1998, 1999, 2001, 2003, 2006, 2007, 2010, 2027, 2028, 2030, 2032, 2035, 2036, 2038, 2040, 2051, 2052, 2054, 2056, 2059, 2061, 2078, 2079, 2081, 2083, 2086, 2088, 2091, 2092, 2094, 2096, 2099, 2100, 2107, 2122, 2123, 2125, 2127, 2130, 2132, 2152, 2153, 2158, 2159, 2165, 2167, 2170, 2171, 2201, 2202, 2207, 2208, 2210, 2212, 2215, 2216, 2238, 2239, 2244, 2245, 2247, 2249, 2252, 2253, 2278, 2279, 2284, 2285, 2327, 2328, 2350, 2351, 2380, 2381, 2399, 2400, 2402, 2404, 2407, 2408, 2410, 2429, 2430, 2432, 2434, 2437, 2438, 2441, 2442, 2444, 2451, 2452, 2515, 2516, 2518, 2520, 2524, 2525, 2530, 2532, 2533, 2534, 2577, 2578, 2583, 2584, 2586, 2588, 2592, 2593, 2594, 2599, 2600, 2601, 2602, 2632, 2633, 2638, 2639, 2641, 2643, 2647, 2648, 2653, 2654, 2655, 2656, 2692, 2693, 2698, 2699, 2783, 2784, 2849, 2850, 2877, 2878, 2902, 2905, 2906, 2907, 2912, 2914, 2917, 2918, 2919, 2922, 2929, 2939, 2945, 2951, 2958, 2964, 2967, 2970, 2971, 2974, 2975, 2976, 2979, 2980, 2985, 2986, 2993, 3008, 3019, 3020, 3024, 3027, 3028, 3029, 3034, 3036, 3037, 3038, 3042, 3043, 3095, 3096, 3101, 3102, 3106, 3109, 3110, 3111, 3116, 3118, 3119, 3122, 3123, 3124, 3125, 3128, 3129, 3130, 3131, 3134, 3135, 3137, 3138, 3139, 3141, 3143, 3144, 3151, 3152, 3157, 3158, 3160, 3164, 3166, 3192, 3193, 3197, 3200, 3201, 3202, 3207, 3209, 3212, 3213, 3214, 3216, 3218, 3219, 3222, 3223, 3224, 3225, 3227, 3228, 3237, 3251, 3252, 3265, 3266, 3280, 3282, 3286, 3287, 3288, 3293, 3295, 3298, 3303, 3306, 3307, 3310, 3311, 3330, 3343, 3344, 3359, 3360, 3362], "summary": {"covered_lines": 841, "num_statements": 1331, "percent_covered": 63.18557475582269, "percent_covered_display": "63", "missing_lines": 490, "excluded_lines": 0, "percent_statements_covered": 63.18557475582269, "percent_statements_covered_display": "63"}, "missing_lines": [74, 75, 402, 403, 444, 460, 473, 495, 535, 615, 643, 664, 688, 720, 731, 742, 744, 745, 756, 758, 760, 762, 763, 765, 775, 781, 782, 783, 784, 824, 826, 833, 834, 847, 855, 856, 867, 869, 871, 872, 874, 879, 880, 881, 882, 883, 892, 938, 944, 945, 946, 947, 948, 950, 951, 952, 953, 954, 956, 957, 1042, 1044, 1045, 1047, 1075, 1076, 1077, 1099, 1101, 1178, 1206, 1257, 1274, 1276, 1282, 1283, 1286, 1289, 1298, 1314, 1315, 1316, 1318, 1319, 1321, 1327, 1328, 1329, 1331, 1332, 1334, 1335, 1336, 1338, 1339, 1340, 1342, 1359, 1360, 1361, 1363, 1364, 1366, 1367, 1375, 1385, 1386, 1396, 1397, 1398, 1400, 1401, 1403, 1405, 1461, 1462, 1463, 1465, 1466, 1468, 1470, 1494, 1495, 1496, 1498, 1500, 1515, 1548, 1549, 1558, 1588, 1592, 1620, 1652, 1653, 1662, 1684, 1694, 1695, 1696, 1697, 1706, 1710, 1733, 1759, 1798, 1809, 1810, 1815, 1841, 1842, 1851, 1855, 1877, 1903, 1931, 1951, 1981, 1982, 1991, 2004, 2008, 2033, 2045, 2046, 2047, 2048, 2057, 2084, 2097, 2114, 2115, 2116, 2117, 2128, 2133, 2135, 2142, 2154, 2155, 2168, 2172, 2174, 2180, 2203, 2204, 2213, 2217, 2219, 2220, 2225, 2240, 2241, 2250, 2255, 2261, 2262, 2268, 2270, 2280, 2281, 2291, 2293, 2294, 2296, 2297, 2299, 2305, 2306, 2312, 2314, 2321, 2322, 2323, 2324, 2330, 2332, 2333, 2335, 2336, 2337, 2339, 2344, 2345, 2346, 2347, 2353, 2355, 2356, 2358, 2359, 2360, 2362, 2374, 2375, 2376, 2377, 2383, 2385, 2386, 2388, 2389, 2390, 2392, 2393, 2394, 2395, 2396, 2405, 2425, 2426, 2435, 2445, 2446, 2454, 2456, 2457, 2460, 2461, 2462, 2463, 2464, 2466, 2468, 2469, 2472, 2473, 2474, 2475, 2476, 2478, 2479, 2480, 2481, 2482, 2485, 2496, 2509, 2510, 2511, 2512, 2521, 2526, 2527, 2528, 2537, 2538, 2539, 2542, 2553, 2561, 2579, 2580, 2589, 2595, 2596, 2597, 2604, 2625, 2626, 2629, 2631, 2634, 2635, 2644, 2649, 2650, 2651, 2659, 2668, 2674, 2681, 2682, 2683, 2684, 2685, 2687, 2694, 2695, 2708, 2710, 2711, 2714, 2715, 2716, 2717, 2718, 2719, 2721, 2723, 2724, 2727, 2730, 2731, 2732, 2733, 2734, 2735, 2737, 2738, 2739, 2740, 2741, 2742, 2744, 2745, 2746, 2747, 2748, 2749, 2750, 2753, 2777, 2778, 2779, 2780, 2790, 2792, 2793, 2796, 2797, 2798, 2799, 2800, 2801, 2803, 2805, 2806, 2809, 2812, 2813, 2814, 2815, 2816, 2817, 2818, 2821, 2824, 2826, 2843, 2844, 2845, 2846, 2852, 2854, 2855, 2858, 2859, 2860, 2861, 2862, 2863, 2865, 2866, 2867, 2868, 2869, 2908, 2909, 2910, 2923, 2924, 2925, 2926, 2930, 2931, 2933, 2934, 2935, 2936, 2940, 2941, 2942, 2946, 2947, 2948, 2949, 2952, 2953, 2954, 2955, 2960, 2961, 2962, 2981, 2982, 2987, 2988, 3015, 3016, 3030, 3031, 3032, 3039, 3040, 3045, 3048, 3049, 3050, 3051, 3054, 3055, 3056, 3057, 3063, 3064, 3067, 3068, 3069, 3070, 3071, 3073, 3097, 3098, 3112, 3113, 3114, 3142, 3145, 3146, 3147, 3148, 3153, 3154, 3155, 3156, 3159, 3161, 3188, 3189, 3203, 3204, 3205, 3230, 3247, 3248, 3262, 3283, 3289, 3290, 3291, 3299, 3300, 3313, 3315, 3337, 3338, 3339, 3340, 3351], "excluded_lines": [], "functions": {"initialize_services": {"executed_lines": [355, 356, 358, 359, 361, 362, 365, 366, 367, 370, 371, 372, 378, 379, 381, 382, 384, 385, 387, 388, 391, 392, 395, 396], "summary": {"covered_lines": 24, "num_statements": 24, "percent_covered": 100.0, "percent_covered_display": "100", "missing_lines": 0, "excluded_lines": 0, "percent_statements_covered": 100.0, "percent_statements_covered_display": "100"}, "missing_lines": [], "excluded_lines": [], "start_line": 349}, "startup_event": {"executed_lines": [], "summary": {"covered_lines": 0, "num_statements": 2, "percent_covered": 0.0, "percent_covered_display": "0", "missing_lines": 2, "excluded_lines": 0, "percent_statements_covered": 0.0, "percent_statements_covered_display": "0"}, "missing_lines": [402, 403], "excluded_lines": [], "start_line": 400}, "health_check": {"executed_lines": [409], "summary": {"covered_lines": 1, "num_statements": 1, "percent_covered": 100.0, "percent_covered_display": "100", "missing_lines": 0, "excluded_lines": 0, "percent_statements_covered": 100.0, "percent_statements_covered_display": "100"}, "missing_lines": [], "excluded_lines": [], "start_line": 407}, "get_status": {"executed_lines": [420, 422, 423], "summary": {"covered_lines": 3, "num_statements": 3, "percent_covered": 100.0, "percent_covered_display": "100", "missing_lines": 0, "excluded_lines": 0, "percent_statements_covered": 100.0, "percent_statements_covered_display": "100"}, "missing_lines": [], "excluded_lines": [], "start_line": 418}, "serve_dashboard": {"executed_lines": [439, 443, 448], "summary": {"covered_lines": 3, "num_statements": 4, "percent_covered": 75.0, "percent_covered_display": "75", "missing_lines": 1, "excluded_lines": 0, "percent_statements_covered": 75.0, "percent_statements_covered_display": "75"}, "missing_lines": [444], "excluded_lines": [], "start_line": 436}, "serve_governance_dashboard": {"executed_lines": [455, 459, 464], "summary": {"covered_lines": 3, "num_statements": 4, "percent_covered": 75.0, "percent_covered_display": "75", "missing_lines": 1, "excluded_lines": 0, "percent_statements_covered": 75.0, "percent_statements_covered_display": "75"}, "missing_lines": [460], "excluded_lines": [], "start_line": 452}, "list_policies": {"executed_lines": [470, 472, 475], "summary": {"covered_lines": 3, "num_statements": 4, "percent_covered": 75.0, "percent_covered_display": "75", "missing_lines": 1, "excluded_lines": 0, "percent_statements_covered": 75.0, "percent_statements_covered_display": "75"}, "missing_lines": [473], "excluded_lines": [], "start_line": 468}, "load_policy": {"executed_lines": [487, 489, 491, 493, 494, 496, 497, 500, 502, 503, 505, 508, 517, 523, 524], "summary": {"covered_lines": 15, "num_statements": 16, "percent_covered": 93.75, "percent_covered_display": "94", "missing_lines": 1, "excluded_lines": 0, "percent_statements_covered": 93.75, "percent_statements_covered_display": "94"}, "missing_lines": [495], "excluded_lines": [], "start_line": 485}, "make_decision": {"executed_lines": [532, 534, 538, 552, 555, 565, 568, 578], "summary": {"covered_lines": 8, "num_statements": 9, "percent_covered": 88.88888888888889, "percent_covered_display": "89", "missing_lines": 1, "excluded_lines": 0, "percent_statements_covered": 88.88888888888889, "percent_statements_covered_display": "89"}, "missing_lines": [535], "excluded_lines": [], "start_line": 530}, "verify_decision": {"executed_lines": [585, 587, 590, 592, 594, 595, 600, 601, 602, 603, 604, 606, 607, 613, 614, 617], "summary": {"covered_lines": 16, "num_statements": 17, "percent_covered": 94.11764705882354, "percent_covered_display": "94", "missing_lines": 1, "excluded_lines": 0, "percent_statements_covered": 94.11764705882354, "percent_statements_covered_display": "94"}, "missing_lines": [615], "excluded_lines": [], "start_line": 582}, "verify_ledger": {"executed_lines": [623], "summary": {"covered_lines": 1, "num_statements": 1, "percent_covered": 100.0, "percent_covered_display": "100", "missing_lines": 0, "excluded_lines": 0, "percent_statements_covered": 100.0, "percent_statements_covered_display": "100"}, "missing_lines": [], "excluded_lines": [], "start_line": 621}, "get_audit_report": {"executed_lines": [629], "summary": {"covered_lines": 1, "num_statements": 1, "percent_covered": 100.0, "percent_covered_display": "100", "missing_lines": 0, "excluded_lines": 0, "percent_statements_covered": 100.0, "percent_statements_covered_display": "100"}, "missing_lines": [], "excluded_lines": [], "start_line": 627}, "get_ledger_entries": {"executed_lines": [639, 642, 646, 647, 648, 650, 652], "summary": {"covered_lines": 7, "num_statements": 8, "percent_covered": 87.5, "percent_covered_display": "88", "missing_lines": 1, "excluded_lines": 0, "percent_statements_covered": 87.5, "percent_statements_covered_display": "88"}, "missing_lines": [643], "excluded_lines": [], "start_line": 633}, "get_storage_statistics": {"executed_lines": [663, 666, 667], "summary": {"covered_lines": 3, "num_statements": 4, "percent_covered": 75.0, "percent_covered_display": "75", "missing_lines": 1, "excluded_lines": 0, "percent_statements_covered": 75.0, "percent_statements_covered_display": "75"}, "missing_lines": [664], "excluded_lines": [], "start_line": 661}, "generate_article_11_documentation": {"executed_lines": [676, 678, 680, 685, 687, 693], "summary": {"covered_lines": 6, "num_statements": 7, "percent_covered": 85.71428571428571, "percent_covered_display": "86", "missing_lines": 1, "excluded_lines": 0, "percent_statements_covered": 85.71428571428571, "percent_statements_covered_display": "86"}, "missing_lines": [688], "excluded_lines": [], "start_line": 674}, "get_retention_status": {"executed_lines": [702, 704, 705], "summary": {"covered_lines": 3, "num_statements": 3, "percent_covered": 100.0, "percent_covered_display": "100", "missing_lines": 0, "excluded_lines": 0, "percent_statements_covered": 100.0, "percent_statements_covered_display": "100"}, "missing_lines": [], "excluded_lines": [], "start_line": 700}, "generate_regulatory_package": {"executed_lines": [715, 717, 719, 722, 728, 729], "summary": {"covered_lines": 6, "num_statements": 8, "percent_covered": 75.0, "percent_covered_display": "75", "missing_lines": 2, "excluded_lines": 0, "percent_statements_covered": 75.0, "percent_statements_covered_display": "75"}, "missing_lines": [720, 731], "excluded_lines": [], "start_line": 709}, "apply_legal_hold": {"executed_lines": [], "summary": {"covered_lines": 0, "num_statements": 3, "percent_covered": 0.0, "percent_covered_display": "0", "missing_lines": 3, "excluded_lines": 0, "percent_statements_covered": 0.0, "percent_statements_covered_display": "0"}, "missing_lines": [742, 744, 745], "excluded_lines": [], "start_line": 735}, "log_human_intervention": {"executed_lines": [], "summary": {"covered_lines": 0, "num_statements": 11, "percent_covered": 0.0, "percent_covered_display": "0", "missing_lines": 11, "excluded_lines": 0, "percent_statements_covered": 0.0, "percent_statements_covered_display": "0"}, "missing_lines": [756, 758, 760, 762, 763, 765, 775, 781, 782, 783, 784], "excluded_lines": [], "start_line": 754}, "get_oversight_effectiveness": {"executed_lines": [792, 794, 798], "summary": {"covered_lines": 3, "num_statements": 3, "percent_covered": 100.0, "percent_covered_display": "100", "missing_lines": 0, "excluded_lines": 0, "percent_statements_covered": 100.0, "percent_statements_covered_display": "100"}, "missing_lines": [], "excluded_lines": [], "start_line": 788}, "verify_intervention": {"executed_lines": [806, 808, 810, 811, 831, 832], "summary": {"covered_lines": 6, "num_statements": 10, "percent_covered": 60.0, "percent_covered_display": "60", "missing_lines": 4, "excluded_lines": 0, "percent_statements_covered": 60.0, "percent_statements_covered_display": "60"}, "missing_lines": [824, 826, 833, 834], "excluded_lines": [], "start_line": 802}, "get_evidence_package": {"executed_lines": [844, 846, 849, 854, 858], "summary": {"covered_lines": 5, "num_statements": 8, "percent_covered": 62.5, "percent_covered_display": "62", "missing_lines": 3, "excluded_lines": 0, "percent_statements_covered": 62.5, "percent_statements_covered_display": "62"}, "missing_lines": [847, 855, 856], "excluded_lines": [], "start_line": 838}, "simulate_escalation": {"executed_lines": [], "summary": {"covered_lines": 0, "num_statements": 10, "percent_covered": 0.0, "percent_covered_display": "0", "missing_lines": 10, "excluded_lines": 0, "percent_statements_covered": 0.0, "percent_statements_covered_display": "0"}, "missing_lines": [867, 869, 871, 872, 874, 879, 880, 881, 882, 883], "excluded_lines": [], "start_line": 862}, "get_intervention_storage_stats": {"executed_lines": [889, 891, 894, 895], "summary": {"covered_lines": 4, "num_statements": 5, "percent_covered": 80.0, "percent_covered_display": "80", "missing_lines": 1, "excluded_lines": 0, "percent_statements_covered": 80.0, "percent_statements_covered_display": "80"}, "missing_lines": [892], "excluded_lines": [], "start_line": 887}, "generate_audit_packet": {"executed_lines": [923, 925, 928, 929, 936, 937, 941, 960, 992, 993, 1005, 1012, 1018, 1019, 1020, 1037, 1038, 1041, 1056, 1070, 1071, 1072, 1073, 1074, 1080, 1083, 1098, 1181, 1183], "summary": {"covered_lines": 29, "num_statements": 40, "percent_covered": 72.5, "percent_covered_display": "72", "missing_lines": 11, "excluded_lines": 0, "percent_statements_covered": 72.5, "percent_statements_covered_display": "72"}, "missing_lines": [938, 1042, 1044, 1045, 1047, 1075, 1076, 1077, 1099, 1101, 1178], "excluded_lines": [], "start_line": 902}, "generate_audit_packet.filter_by_time": {"executed_lines": [942, 943], "summary": {"covered_lines": 2, "num_statements": 14, "percent_covered": 14.285714285714286, "percent_covered_display": "14", "missing_lines": 12, "excluded_lines": 0, "percent_statements_covered": 14.285714285714286, "percent_statements_covered_display": "14"}, "missing_lines": [944, 945, 946, 947, 948, 950, 951, 952, 953, 954, 956, 957], "excluded_lines": [], "start_line": 941}, "get_accountability_report": {"executed_lines": [1192], "summary": {"covered_lines": 1, "num_statements": 1, "percent_covered": 100.0, "percent_covered_display": "100", "missing_lines": 0, "excluded_lines": 0, "percent_statements_covered": 100.0, "percent_statements_covered_display": "100"}, "missing_lines": [], "excluded_lines": [], "start_line": 1187}, "get_responsibility_chain": {"executed_lines": [1201, 1203, 1204], "summary": {"covered_lines": 3, "num_statements": 4, "percent_covered": 75.0, "percent_covered_display": "75", "missing_lines": 1, "excluded_lines": 0, "percent_statements_covered": 75.0, "percent_statements_covered_display": "75"}, "missing_lines": [1206], "excluded_lines": [], "start_line": 1199}, "get_by_party": {"executed_lines": [1216, 1218], "summary": {"covered_lines": 2, "num_statements": 2, "percent_covered": 100.0, "percent_covered_display": "100", "missing_lines": 0, "excluded_lines": 0, "percent_statements_covered": 100.0, "percent_statements_covered_display": "100"}, "missing_lines": [], "excluded_lines": [], "start_line": 1214}, "get_ai_overrides": {"executed_lines": [1228, 1230], "summary": {"covered_lines": 2, "num_statements": 2, "percent_covered": 100.0, "percent_covered_display": "100", "missing_lines": 0, "excluded_lines": 0, "percent_statements_covered": 100.0, "percent_statements_covered_display": "100"}, "missing_lines": [], "excluded_lines": [], "start_line": 1226}, "get_pending_reviews": {"executed_lines": [1239, 1241], "summary": {"covered_lines": 2, "num_statements": 2, "percent_covered": 100.0, "percent_covered_display": "100", "missing_lines": 0, "excluded_lines": 0, "percent_statements_covered": 100.0, "percent_statements_covered_display": "100"}, "missing_lines": [], "excluded_lines": [], "start_line": 1237}, "get_legal_export": {"executed_lines": [1250], "summary": {"covered_lines": 1, "num_statements": 1, "percent_covered": 100.0, "percent_covered_display": "100", "missing_lines": 0, "excluded_lines": 0, "percent_statements_covered": 100.0, "percent_statements_covered_display": "100"}, "missing_lines": [], "excluded_lines": [], "start_line": 1248}, "get_responsibility_storage_stats": {"executed_lines": [1256, 1259, 1260], "summary": {"covered_lines": 3, "num_statements": 4, "percent_covered": 75.0, "percent_covered_display": "75", "missing_lines": 1, "excluded_lines": 0, "percent_statements_covered": 75.0, "percent_statements_covered_display": "75"}, "missing_lines": [1257], "excluded_lines": [], "start_line": 1254}, "login": {"executed_lines": [], "summary": {"covered_lines": 0, "num_statements": 7, "percent_covered": 0.0, "percent_covered_display": "0", "missing_lines": 7, "excluded_lines": 0, "percent_statements_covered": 0.0, "percent_statements_covered_display": "0"}, "missing_lines": [1274, 1276, 1282, 1283, 1286, 1289, 1298], "excluded_lines": [], "start_line": 1272}, "logout": {"executed_lines": [], "summary": {"covered_lines": 0, "num_statements": 6, "percent_covered": 0.0, "percent_covered_display": "0", "missing_lines": 6, "excluded_lines": 0, "percent_statements_covered": 0.0, "percent_statements_covered_display": "0"}, "missing_lines": [1314, 1315, 1316, 1318, 1319, 1321], "excluded_lines": [], "start_line": 1312}, "get_current_user_info": {"executed_lines": [], "summary": {"covered_lines": 0, "num_statements": 12, "percent_covered": 0.0, "percent_covered_display": "0", "missing_lines": 12, "excluded_lines": 0, "percent_statements_covered": 0.0, "percent_statements_covered_display": "0"}, "missing_lines": [1327, 1328, 1329, 1331, 1332, 1334, 1335, 1336, 1338, 1339, 1340, 1342], "excluded_lines": [], "start_line": 1325}, "create_user": {"executed_lines": [1355, 1356, 1357], "summary": {"covered_lines": 3, "num_statements": 13, "percent_covered": 23.076923076923077, "percent_covered_display": "23", "missing_lines": 10, "excluded_lines": 0, "percent_statements_covered": 23.076923076923077, "percent_statements_covered_display": "23"}, "missing_lines": [1359, 1360, 1361, 1363, 1364, 1366, 1367, 1375, 1385, 1386], "excluded_lines": [], "start_line": 1353}, "list_users": {"executed_lines": [1392, 1393, 1394], "summary": {"covered_lines": 3, "num_statements": 10, "percent_covered": 30.0, "percent_covered_display": "30", "missing_lines": 7, "excluded_lines": 0, "percent_statements_covered": 30.0, "percent_statements_covered_display": "30"}, "missing_lines": [1396, 1397, 1398, 1400, 1401, 1403, 1405], "excluded_lines": [], "start_line": 1390}, "verify_signature": {"executed_lines": [1429, 1431], "summary": {"covered_lines": 2, "num_statements": 2, "percent_covered": 100.0, "percent_covered_display": "100", "missing_lines": 0, "excluded_lines": 0, "percent_statements_covered": 100.0, "percent_statements_covered_display": "100"}, "missing_lines": [], "excluded_lines": [], "start_line": 1427}, "get_public_key": {"executed_lines": [1441], "summary": {"covered_lines": 1, "num_statements": 1, "percent_covered": 100.0, "percent_covered_display": "100", "missing_lines": 0, "excluded_lines": 0, "percent_statements_covered": 100.0, "percent_statements_covered_display": "100"}, "missing_lines": [], "excluded_lines": [], "start_line": 1439}, "list_export_requests": {"executed_lines": [1457, 1458, 1459], "summary": {"covered_lines": 3, "num_statements": 10, "percent_covered": 30.0, "percent_covered_display": "30", "missing_lines": 7, "excluded_lines": 0, "percent_statements_covered": 30.0, "percent_statements_covered_display": "30"}, "missing_lines": [1461, 1462, 1463, 1465, 1466, 1468, 1470], "excluded_lines": [], "start_line": 1455}, "verify_audit_chain": {"executed_lines": [1490, 1491, 1492], "summary": {"covered_lines": 3, "num_statements": 8, "percent_covered": 37.5, "percent_covered_display": "38", "missing_lines": 5, "excluded_lines": 0, "percent_statements_covered": 37.5, "percent_statements_covered_display": "38"}, "missing_lines": [1494, 1495, 1496, 1498, 1500], "excluded_lines": [], "start_line": 1488}, "assess_risk": {"executed_lines": [1512, 1514, 1517, 1519, 1520, 1523, 1530, 1546, 1547], "summary": {"covered_lines": 9, "num_statements": 12, "percent_covered": 75.0, "percent_covered_display": "75", "missing_lines": 3, "excluded_lines": 0, "percent_statements_covered": 75.0, "percent_statements_covered_display": "75"}, "missing_lines": [1515, 1548, 1549], "excluded_lines": [], "start_line": 1510}, "get_risk": {"executed_lines": [1555, 1557, 1560, 1561, 1562, 1564], "summary": {"covered_lines": 6, "num_statements": 7, "percent_covered": 85.71428571428571, "percent_covered_display": "86", "missing_lines": 1, "excluded_lines": 0, "percent_statements_covered": 85.71428571428571, "percent_statements_covered_display": "86"}, "missing_lines": [1558], "excluded_lines": [], "start_line": 1553}, "get_risk_for_decision": {"executed_lines": [1585, 1587, 1590, 1591, 1594], "summary": {"covered_lines": 5, "num_statements": 7, "percent_covered": 71.42857142857143, "percent_covered_display": "71", "missing_lines": 2, "excluded_lines": 0, "percent_statements_covered": 71.42857142857143, "percent_statements_covered_display": "71"}, "missing_lines": [1588, 1592], "excluded_lines": [], "start_line": 1583}, "create_escalation": {"executed_lines": [1617, 1619, 1622, 1624, 1627, 1628, 1630, 1639, 1650, 1651], "summary": {"covered_lines": 10, "num_statements": 13, "percent_covered": 76.92307692307692, "percent_covered_display": "77", "missing_lines": 3, "excluded_lines": 0, "percent_statements_covered": 76.92307692307692, "percent_statements_covered_display": "77"}, "missing_lines": [1620, 1652, 1653], "excluded_lines": [], "start_line": 1615}, "resolve_escalation": {"executed_lines": [1659, 1661, 1664, 1666, 1669, 1671, 1679, 1680, 1681, 1682, 1686], "summary": {"covered_lines": 11, "num_statements": 17, "percent_covered": 64.70588235294117, "percent_covered_display": "65", "missing_lines": 6, "excluded_lines": 0, "percent_statements_covered": 64.70588235294117, "percent_statements_covered_display": "65"}, "missing_lines": [1662, 1684, 1694, 1695, 1696, 1697], "excluded_lines": [], "start_line": 1657}, "get_escalation": {"executed_lines": [1703, 1705, 1708, 1709, 1712], "summary": {"covered_lines": 5, "num_statements": 7, "percent_covered": 71.42857142857143, "percent_covered_display": "71", "missing_lines": 2, "excluded_lines": 0, "percent_statements_covered": 71.42857142857143, "percent_statements_covered_display": "71"}, "missing_lines": [1706, 1710], "excluded_lines": [], "start_line": 1701}, "get_escalations_for_decision": {"executed_lines": [1730, 1732, 1735, 1737], "summary": {"covered_lines": 4, "num_statements": 5, "percent_covered": 80.0, "percent_covered_display": "80", "missing_lines": 1, "excluded_lines": 0, "percent_statements_covered": 80.0, "percent_statements_covered_display": "80"}, "missing_lines": [1733], "excluded_lines": [], "start_line": 1728}, "get_sla_violations": {"executed_lines": [1756, 1758, 1763, 1765, 1769, 1770, 1775], "summary": {"covered_lines": 7, "num_statements": 8, "percent_covered": 87.5, "percent_covered_display": "88", "missing_lines": 1, "excluded_lines": 0, "percent_statements_covered": 87.5, "percent_statements_covered_display": "88"}, "missing_lines": [1759], "excluded_lines": [], "start_line": 1754}, "create_override": {"executed_lines": [1795, 1797, 1800, 1802, 1803, 1804, 1807, 1808, 1813, 1814, 1817, 1829, 1839, 1840], "summary": {"covered_lines": 14, "num_statements": 20, "percent_covered": 70.0, "percent_covered_display": "70", "missing_lines": 6, "excluded_lines": 0, "percent_statements_covered": 70.0, "percent_statements_covered_display": "70"}, "missing_lines": [1798, 1809, 1810, 1815, 1841, 1842], "excluded_lines": [], "start_line": 1793}, "get_override": {"executed_lines": [1848, 1850, 1853, 1854, 1857], "summary": {"covered_lines": 5, "num_statements": 7, "percent_covered": 71.42857142857143, "percent_covered_display": "71", "missing_lines": 2, "excluded_lines": 0, "percent_statements_covered": 71.42857142857143, "percent_statements_covered_display": "71"}, "missing_lines": [1851, 1855], "excluded_lines": [], "start_line": 1846}, "get_overrides_for_decision": {"executed_lines": [1874, 1876, 1879, 1881], "summary": {"covered_lines": 4, "num_statements": 5, "percent_covered": 80.0, "percent_covered_display": "80", "missing_lines": 1, "excluded_lines": 0, "percent_statements_covered": 80.0, "percent_statements_covered_display": "80"}, "missing_lines": [1877], "excluded_lines": [], "start_line": 1872}, "check_active_override": {"executed_lines": [1900, 1902, 1905, 1906, 1908, 1913, 1914, 1922], "summary": {"covered_lines": 8, "num_statements": 9, "percent_covered": 88.88888888888889, "percent_covered_display": "89", "missing_lines": 1, "excluded_lines": 0, "percent_statements_covered": 88.88888888888889, "percent_statements_covered_display": "89"}, "missing_lines": [1903], "excluded_lines": [], "start_line": 1898}, "get_decision_with_override_status": {"executed_lines": [1928, 1930, 1936, 1938, 1940], "summary": {"covered_lines": 5, "num_statements": 6, "percent_covered": 83.33333333333333, "percent_covered_display": "83", "missing_lines": 1, "excluded_lines": 0, "percent_statements_covered": 83.33333333333333, "percent_statements_covered_display": "83"}, "missing_lines": [1931], "excluded_lines": [], "start_line": 1926}, "store_evidence_artifact": {"executed_lines": [1948, 1950, 1953, 1955, 1957, 1969, 1979, 1980], "summary": {"covered_lines": 8, "num_statements": 11, "percent_covered": 72.72727272727273, "percent_covered_display": "73", "missing_lines": 3, "excluded_lines": 0, "percent_statements_covered": 72.72727272727273, "percent_statements_covered_display": "73"}, "missing_lines": [1951, 1981, 1982], "excluded_lines": [], "start_line": 1946}, "get_evidence_statistics": {"executed_lines": [1988, 1990, 1993, 1995], "summary": {"covered_lines": 4, "num_statements": 5, "percent_covered": 80.0, "percent_covered_display": "80", "missing_lines": 1, "excluded_lines": 0, "percent_statements_covered": 80.0, "percent_statements_covered_display": "80"}, "missing_lines": [1991], "excluded_lines": [], "start_line": 1986}, "get_evidence_artifact": {"executed_lines": [2001, 2003, 2006, 2007, 2010], "summary": {"covered_lines": 5, "num_statements": 7, "percent_covered": 71.42857142857143, "percent_covered_display": "71", "missing_lines": 2, "excluded_lines": 0, "percent_statements_covered": 71.42857142857143, "percent_statements_covered_display": "71"}, "missing_lines": [2004, 2008], "excluded_lines": [], "start_line": 1999}, "verify_evidence_artifact": {"executed_lines": [2030, 2032, 2035, 2036, 2038, 2040], "summary": {"covered_lines": 6, "num_statements": 11, "percent_covered": 54.54545454545455, "percent_covered_display": "55", "missing_lines": 5, "excluded_lines": 0, "percent_statements_covered": 54.54545454545455, "percent_statements_covered_display": "55"}, "missing_lines": [2033, 2045, 2046, 2047, 2048], "excluded_lines": [], "start_line": 2028}, "get_artifacts_for_decision": {"executed_lines": [2054, 2056, 2059, 2061], "summary": {"covered_lines": 4, "num_statements": 5, "percent_covered": 80.0, "percent_covered_display": "80", "missing_lines": 1, "excluded_lines": 0, "percent_statements_covered": 80.0, "percent_statements_covered_display": "80"}, "missing_lines": [2057], "excluded_lines": [], "start_line": 2052}, "export_artifact_lineage": {"executed_lines": [2081, 2083, 2086, 2088], "summary": {"covered_lines": 4, "num_statements": 5, "percent_covered": 80.0, "percent_covered_display": "80", "missing_lines": 1, "excluded_lines": 0, "percent_statements_covered": 80.0, "percent_statements_covered_display": "80"}, "missing_lines": [2084], "excluded_lines": [], "start_line": 2079}, "sign_evidence_artifact": {"executed_lines": [2094, 2096, 2099, 2100, 2107], "summary": {"covered_lines": 5, "num_statements": 10, "percent_covered": 50.0, "percent_covered_display": "50", "missing_lines": 5, "excluded_lines": 0, "percent_statements_covered": 50.0, "percent_statements_covered_display": "50"}, "missing_lines": [2097, 2114, 2115, 2116, 2117], "excluded_lines": [], "start_line": 2092}, "map_primitive_to_controls": {"executed_lines": [2125, 2127, 2130, 2132, 2152, 2153], "summary": {"covered_lines": 6, "num_statements": 12, "percent_covered": 50.0, "percent_covered_display": "50", "missing_lines": 6, "excluded_lines": 0, "percent_statements_covered": 50.0, "percent_statements_covered_display": "50"}, "missing_lines": [2128, 2133, 2135, 2142, 2154, 2155], "excluded_lines": [], "start_line": 2123}, "list_compliance_controls": {"executed_lines": [2165, 2167, 2170, 2171, 2201, 2202], "summary": {"covered_lines": 6, "num_statements": 12, "percent_covered": 50.0, "percent_covered_display": "50", "missing_lines": 6, "excluded_lines": 0, "percent_statements_covered": 50.0, "percent_statements_covered_display": "50"}, "missing_lines": [2168, 2172, 2174, 2180, 2203, 2204], "excluded_lines": [], "start_line": 2159}, "get_control_status": {"executed_lines": [2210, 2212, 2215, 2216, 2238, 2239], "summary": {"covered_lines": 6, "num_statements": 13, "percent_covered": 46.15384615384615, "percent_covered_display": "46", "missing_lines": 7, "excluded_lines": 0, "percent_statements_covered": 46.15384615384615, "percent_statements_covered_display": "46"}, "missing_lines": [2213, 2217, 2219, 2220, 2225, 2240, 2241], "excluded_lines": [], "start_line": 2208}, "verify_control": {"executed_lines": [2247, 2249, 2252, 2253, 2278, 2279], "summary": {"covered_lines": 6, "num_statements": 14, "percent_covered": 42.857142857142854, "percent_covered_display": "43", "missing_lines": 8, "excluded_lines": 0, "percent_statements_covered": 42.857142857142854, "percent_statements_covered_display": "43"}, "missing_lines": [2250, 2255, 2261, 2262, 2268, 2270, 2280, 2281], "excluded_lines": [], "start_line": 2245}, "link_evidence_to_control": {"executed_lines": [], "summary": {"covered_lines": 0, "num_statements": 14, "percent_covered": 0.0, "percent_covered_display": "0", "missing_lines": 14, "excluded_lines": 0, "percent_statements_covered": 0.0, "percent_statements_covered_display": "0"}, "missing_lines": [2291, 2293, 2294, 2296, 2297, 2299, 2305, 2306, 2312, 2314, 2321, 2322, 2323, 2324], "excluded_lines": [], "start_line": 2285}, "analyze_compliance_gaps": {"executed_lines": [], "summary": {"covered_lines": 0, "num_statements": 11, "percent_covered": 0.0, "percent_covered_display": "0", "missing_lines": 11, "excluded_lines": 0, "percent_statements_covered": 0.0, "percent_statements_covered_display": "0"}, "missing_lines": [2330, 2332, 2333, 2335, 2336, 2337, 2339, 2344, 2345, 2346, 2347], "excluded_lines": [], "start_line": 2328}, "generate_compliance_report": {"executed_lines": [], "summary": {"covered_lines": 0, "num_statements": 11, "percent_covered": 0.0, "percent_covered_display": "0", "missing_lines": 11, "excluded_lines": 0, "percent_statements_covered": 0.0, "percent_statements_covered_display": "0"}, "missing_lines": [2353, 2355, 2356, 2358, 2359, 2360, 2362, 2374, 2375, 2376, 2377], "excluded_lines": [], "start_line": 2351}, "get_framework_coverage": {"executed_lines": [], "summary": {"covered_lines": 0, "num_statements": 11, "percent_covered": 0.0, "percent_covered_display": "0", "missing_lines": 11, "excluded_lines": 0, "percent_statements_covered": 0.0, "percent_statements_covered_display": "0"}, "missing_lines": [2383, 2385, 2386, 2388, 2389, 2390, 2392, 2393, 2394, 2395, 2396], "excluded_lines": [], "start_line": 2381}, "get_primitive_mappings": {"executed_lines": [2402, 2404, 2407, 2408, 2410], "summary": {"covered_lines": 5, "num_statements": 8, "percent_covered": 62.5, "percent_covered_display": "62", "missing_lines": 3, "excluded_lines": 0, "percent_statements_covered": 62.5, "percent_statements_covered_display": "62"}, "missing_lines": [2405, 2425, 2426], "excluded_lines": [], "start_line": 2400}, "get_compliance_statistics": {"executed_lines": [2432, 2434, 2437, 2438, 2441, 2442, 2444], "summary": {"covered_lines": 7, "num_statements": 10, "percent_covered": 70.0, "percent_covered_display": "70", "missing_lines": 3, "excluded_lines": 0, "percent_statements_covered": 70.0, "percent_statements_covered_display": "70"}, "missing_lines": [2435, 2445, 2446], "excluded_lines": [], "start_line": 2430}, "create_audit_export_request": {"executed_lines": [], "summary": {"covered_lines": 0, "num_statements": 27, "percent_covered": 0.0, "percent_covered_display": "0", "missing_lines": 27, "excluded_lines": 0, "percent_statements_covered": 0.0, "percent_statements_covered_display": "0"}, "missing_lines": [2454, 2456, 2457, 2460, 2461, 2462, 2463, 2464, 2466, 2468, 2469, 2472, 2473, 2474, 2475, 2476, 2478, 2479, 2480, 2481, 2482, 2485, 2496, 2509, 2510, 2511, 2512], "excluded_lines": [], "start_line": 2452}, "generate_audit_export": {"executed_lines": [2518, 2520, 2524, 2525, 2530, 2532, 2533, 2534, 2577, 2578], "summary": {"covered_lines": 10, "num_statements": 22, "percent_covered": 45.45454545454545, "percent_covered_display": "45", "missing_lines": 12, "excluded_lines": 0, "percent_statements_covered": 45.45454545454545, "percent_statements_covered_display": "45"}, "missing_lines": [2521, 2526, 2527, 2528, 2537, 2538, 2539, 2542, 2553, 2561, 2579, 2580], "excluded_lines": [], "start_line": 2516}, "get_audit_export": {"executed_lines": [2586, 2588, 2592, 2593, 2594, 2599, 2600, 2601, 2602, 2632, 2633], "summary": {"covered_lines": 11, "num_statements": 22, "percent_covered": 50.0, "percent_covered_display": "50", "missing_lines": 11, "excluded_lines": 0, "percent_statements_covered": 50.0, "percent_statements_covered_display": "50"}, "missing_lines": [2589, 2595, 2596, 2597, 2604, 2625, 2626, 2629, 2631, 2634, 2635], "excluded_lines": [], "start_line": 2584}, "download_audit_export": {"executed_lines": [2641, 2643, 2647, 2648, 2653, 2654, 2655, 2656, 2692, 2693], "summary": {"covered_lines": 10, "num_statements": 25, "percent_covered": 40.0, "percent_covered_display": "40", "missing_lines": 15, "excluded_lines": 0, "percent_statements_covered": 40.0, "percent_statements_covered_display": "40"}, "missing_lines": [2644, 2649, 2650, 2651, 2659, 2668, 2674, 2681, 2682, 2683, 2684, 2685, 2687, 2694, 2695], "excluded_lines": [], "start_line": 2639}, "list_audit_exports": {"executed_lines": [], "summary": {"covered_lines": 0, "num_statements": 37, "percent_covered": 0.0, "percent_covered_display": "0", "missing_lines": 37, "excluded_lines": 0, "percent_statements_covered": 0.0, "percent_statements_covered_display": "0"}, "missing_lines": [2708, 2710, 2711, 2714, 2715, 2716, 2717, 2718, 2719, 2721, 2723, 2724, 2727, 2730, 2731, 2732, 2733, 2734, 2735, 2737, 2738, 2739, 2740, 2741, 2742, 2744, 2745, 2746, 2747, 2748, 2749, 2750, 2753, 2777, 2778, 2779, 2780], "excluded_lines": [], "start_line": 2699}, "list_audit_export_requests": {"executed_lines": [], "summary": {"covered_lines": 0, "num_statements": 27, "percent_covered": 0.0, "percent_covered_display": "0", "missing_lines": 27, "excluded_lines": 0, "percent_statements_covered": 0.0, "percent_statements_covered_display": "0"}, "missing_lines": [2790, 2792, 2793, 2796, 2797, 2798, 2799, 2800, 2801, 2803, 2805, 2806, 2809, 2812, 2813, 2814, 2815, 2816, 2817, 2818, 2821, 2824, 2826, 2843, 2844, 2845, 2846], "excluded_lines": [], "start_line": 2784}, "get_audit_export_statistics": {"executed_lines": [], "summary": {"covered_lines": 0, "num_statements": 14, "percent_covered": 0.0, "percent_covered_display": "0", "missing_lines": 14, "excluded_lines": 0, "percent_statements_covered": 0.0, "percent_statements_covered_display": "0"}, "missing_lines": [2852, 2854, 2855, 2858, 2859, 2860, 2861, 2862, 2863, 2865, 2866, 2867, 2868, 2869], "excluded_lines": [], "start_line": 2850}, "get_audit_decisions": {"executed_lines": [2902, 2905, 2906, 2907, 2912, 2914, 2917, 2918, 2919, 2922, 2929, 2939, 2945, 2951, 2958, 2964, 2967, 2970, 2971, 2974, 2975, 2976, 2979, 2980, 2985, 2986, 2993, 3008], "summary": {"covered_lines": 28, "num_statements": 61, "percent_covered": 45.90163934426229, "percent_covered_display": "46", "missing_lines": 33, "excluded_lines": 0, "percent_statements_covered": 45.90163934426229, "percent_statements_covered_display": "46"}, "missing_lines": [2908, 2909, 2910, 2923, 2924, 2925, 2926, 2930, 2931, 2933, 2934, 2935, 2936, 2940, 2941, 2942, 2946, 2947, 2948, 2949, 2952, 2953, 2954, 2955, 2960, 2961, 2962, 2981, 2982, 2987, 2988, 3015, 3016], "excluded_lines": [], "start_line": 2878}, "get_decision_details": {"executed_lines": [3024, 3027, 3028, 3029, 3034, 3036, 3037, 3038, 3042, 3043, 3095, 3096], "summary": {"covered_lines": 12, "num_statements": 36, "percent_covered": 33.333333333333336, "percent_covered_display": "33", "missing_lines": 24, "excluded_lines": 0, "percent_statements_covered": 33.333333333333336, "percent_statements_covered_display": "33"}, "missing_lines": [3030, 3031, 3032, 3039, 3040, 3045, 3048, 3049, 3050, 3051, 3054, 3055, 3056, 3057, 3063, 3064, 3067, 3068, 3069, 3070, 3071, 3073, 3097, 3098], "excluded_lines": [], "start_line": 3020}, "get_audit_statistics": {"executed_lines": [3106, 3109, 3110, 3111, 3116, 3118, 3119, 3122, 3123, 3124, 3125, 3128, 3129, 3130, 3131, 3134, 3135, 3137, 3138, 3139, 3141, 3143, 3144, 3151, 3152, 3157, 3158, 3160, 3164, 3166], "summary": {"covered_lines": 30, "num_statements": 46, "percent_covered": 65.21739130434783, "percent_covered_display": "65", "missing_lines": 16, "excluded_lines": 0, "percent_statements_covered": 65.21739130434783, "percent_statements_covered_display": "65"}, "missing_lines": [3112, 3113, 3114, 3142, 3145, 3146, 3147, 3148, 3153, 3154, 3155, 3156, 3159, 3161, 3188, 3189], "excluded_lines": [], "start_line": 3102}, "verify_audit_ledger": {"executed_lines": [3197, 3200, 3201, 3202, 3207, 3209, 3212, 3213, 3214, 3216, 3218, 3219, 3222, 3223, 3224, 3225, 3227, 3228, 3237], "summary": {"covered_lines": 19, "num_statements": 25, "percent_covered": 76.0, "percent_covered_display": "76", "missing_lines": 6, "excluded_lines": 0, "percent_statements_covered": 76.0, "percent_statements_covered_display": "76"}, "missing_lines": [3203, 3204, 3205, 3230, 3247, 3248], "excluded_lines": [], "start_line": 3193}, "create_audit_export_v1": {"executed_lines": [], "summary": {"covered_lines": 0, "num_statements": 1, "percent_covered": 0.0, "percent_covered_display": "0", "missing_lines": 1, "excluded_lines": 0, "percent_statements_covered": 0.0, "percent_statements_covered_display": "0"}, "missing_lines": [3262], "excluded_lines": [], "start_line": 3252}, "list_audit_exports_v1": {"executed_lines": [3280, 3282, 3286, 3287, 3288, 3293, 3295, 3298, 3303, 3306, 3307, 3310, 3311, 3330], "summary": {"covered_lines": 14, "num_statements": 26, "percent_covered": 53.84615384615385, "percent_covered_display": "54", "missing_lines": 12, "excluded_lines": 0, "percent_statements_covered": 53.84615384615385, "percent_statements_covered_display": "54"}, "missing_lines": [3283, 3289, 3290, 3291, 3299, 3300, 3313, 3315, 3337, 3338, 3339, 3340], "excluded_lines": [], "start_line": 3266}, "download_audit_export_v1": {"executed_lines": [], "summary": {"covered_lines": 0, "num_statements": 1, "percent_covered": 0.0, "percent_covered_display": "0", "missing_lines": 1, "excluded_lines": 0, "percent_statements_covered": 0.0, "percent_statements_covered_display": "0"}, "missing_lines": [3351], "excluded_lines": [], "start_line": 3344}, "root": {"executed_lines": [3362], "summary": {"covered_lines": 1, "num_statements": 1, "percent_covered": 100.0, "percent_covered_display": "100", "missing_lines": 0, "excluded_lines": 0, "percent_statements_covered": 100.0, "percent_statements_covered_display": "100"}, "missing_lines": [], "excluded_lines": [], "start_line": 3360}, "": {"executed_lines": [8, 9, 10, 11, 12, 13, 15, 16, 17, 18, 19, 21, 22, 23, 24, 25, 26, 31, 34, 35, 36, 39, 40, 41, 42, 43, 49, 56, 57, 73, 79, 82, 83, 84, 85, 86, 87, 88, 89, 90, 91, 94, 98, 100, 101, 102, 103, 104, 105, 108, 111, 112, 113, 114, 115, 116, 117, 120, 123, 124, 125, 126, 129, 132, 133, 134, 135, 136, 137, 138, 139, 143, 145, 146, 149, 151, 152, 153, 154, 157, 159, 160, 161, 162, 163, 166, 169, 170, 171, 172, 173, 176, 177, 178, 179, 180, 181, 184, 185, 191, 193, 194, 195, 196, 197, 198, 201, 203, 204, 205, 209, 211, 212, 213, 214, 215, 216, 219, 221, 222, 223, 227, 229, 230, 231, 232, 233, 234, 235, 236, 237, 241, 243, 244, 245, 246, 247, 248, 249, 250, 251, 254, 256, 259, 261, 262, 263, 268, 270, 271, 272, 273, 276, 278, 281, 283, 288, 290, 291, 292, 293, 294, 295, 296, 297, 301, 308, 309, 310, 319, 320, 321, 322, 323, 324, 325, 326, 327, 328, 329, 332, 333, 334, 337, 338, 339, 340, 343, 346, 349, 399, 400, 406, 407, 417, 418, 435, 436, 451, 452, 467, 468, 484, 485, 529, 530, 581, 582, 620, 621, 626, 627, 632, 633, 660, 661, 673, 674, 699, 700, 708, 709, 734, 735, 753, 754, 787, 788, 801, 802, 837, 838, 861, 862, 886, 887, 901, 902, 1186, 1187, 1198, 1199, 1213, 1214, 1225, 1226, 1236, 1237, 1247, 1248, 1253, 1254, 1271, 1272, 1311, 1312, 1324, 1325, 1352, 1353, 1389, 1390, 1426, 1427, 1438, 1439, 1454, 1455, 1487, 1488, 1509, 1510, 1552, 1553, 1582, 1583, 1614, 1615, 1656, 1657, 1700, 1701, 1727, 1728, 1753, 1754, 1792, 1793, 1845, 1846, 1871, 1872, 1897, 1898, 1925, 1926, 1945, 1946, 1985, 1986, 1998, 1999, 2027, 2028, 2051, 2052, 2078, 2079, 2091, 2092, 2122, 2123, 2158, 2159, 2207, 2208, 2244, 2245, 2284, 2285, 2327, 2328, 2350, 2351, 2380, 2381, 2399, 2400, 2429, 2430, 2451, 2452, 2515, 2516, 2583, 2584, 2638, 2639, 2698, 2699, 2783, 2784, 2849, 2850, 2877, 2878, 3019, 3020, 3101, 3102, 3192, 3193, 3251, 3252, 3265, 3266, 3343, 3344, 3359, 3360], "summary": {"covered_lines": 360, "num_statements": 362, "percent_covered": 99.4475138121547, "percent_covered_display": "99", "missing_lines": 2, "excluded_lines": 0, "percent_statements_covered": 99.4475138121547, "percent_statements_covered_display": "99"}, "missing_lines": [74, 75], "excluded_lines": [], "start_line": 1}}, "classes": {"DecisionRequestModel": {"executed_lines": [], "summary": {"covered_lines": 0, "num_statements": 0, "percent_covered": 100.0, "percent_covered_display": "100", "missing_lines": 0, "excluded_lines": 0, "percent_statements_covered": 100.0, "percent_statements_covered_display": "100"}, "missing_lines": [], "excluded_lines": [], "start_line": 79}, "PolicyLoadModel": {"executed_lines": [], "summary": {"covered_lines": 0, "num_statements": 0, "percent_covered": 100.0, "percent_covered_display": "100", "missing_lines": 0, "excluded_lines": 0, "percent_statements_covered": 100.0, "percent_statements_covered_display": "100"}, "missing_lines": [], "excluded_lines": [], "start_line": 94}, "InterventionModel": {"executed_lines": [], "summary": {"covered_lines": 0, "num_statements": 0, "percent_covered": 100.0, "percent_covered_display": "100", "missing_lines": 0, "excluded_lines": 0, "percent_statements_covered": 100.0, "percent_statements_covered_display": "100"}, "missing_lines": [], "excluded_lines": [], "start_line": 108}, "HealthResponse": {"executed_lines": [], "summary": {"covered_lines": 0, "num_statements": 0, "percent_covered": 100.0, "percent_covered_display": "100", "missing_lines": 0, "excluded_lines": 0, "percent_statements_covered": 100.0, "percent_statements_covered_display": "100"}, "missing_lines": [], "excluded_lines": [], "start_line": 120}, "StatusResponse": {"executed_lines": [], "summary": {"covered_lines": 0, "num_statements": 0, "percent_covered": 100.0, "percent_covered_display": "100", "missing_lines": 0, "excluded_lines": 0, "percent_statements_covered": 100.0, "percent_statements_covered_display": "100"}, "missing_lines": [], "excluded_lines": [], "start_line": 129}, "LoginRequest": {"executed_lines": [], "summary": {"covered_lines": 0, "num_statements": 0, "percent_covered": 100.0, "percent_covered_display": "100", "missing_lines": 0, "excluded_lines": 0, "percent_statements_covered": 100.0, "percent_statements_covered_display": "100"}, "missing_lines": [], "excluded_lines": [], "start_line": 143}, "LoginResponse": {"executed_lines": [], "summary": {"covered_lines": 0, "num_statements": 0, "percent_covered": 100.0, "percent_covered_display": "100", "missing_lines": 0, "excluded_lines": 0, "percent_statements_covered": 100.0, "percent_statements_covered_display": "100"}, "missing_lines": [], "excluded_lines": [], "start_line": 149}, "CreateUserRequest": {"executed_lines": [], "summary": {"covered_lines": 0, "num_statements": 0, "percent_covered": 100.0, "percent_covered_display": "100", "missing_lines": 0, "excluded_lines": 0, "percent_statements_covered": 100.0, "percent_statements_covered_display": "100"}, "missing_lines": [], "excluded_lines": [], "start_line": 157}, "ExportRequestModel": {"executed_lines": [], "summary": {"covered_lines": 0, "num_statements": 0, "percent_covered": 100.0, "percent_covered_display": "100", "missing_lines": 0, "excluded_lines": 0, "percent_statements_covered": 100.0, "percent_statements_covered_display": "100"}, "missing_lines": [], "excluded_lines": [], "start_line": 166}, "RiskDimensionsModel": {"executed_lines": [], "summary": {"covered_lines": 0, "num_statements": 0, "percent_covered": 100.0, "percent_covered_display": "100", "missing_lines": 0, "excluded_lines": 0, "percent_statements_covered": 100.0, "percent_statements_covered_display": "100"}, "missing_lines": [], "excluded_lines": [], "start_line": 191}, "RiskAssessmentRequest": {"executed_lines": [], "summary": {"covered_lines": 0, "num_statements": 0, "percent_covered": 100.0, "percent_covered_display": "100", "missing_lines": 0, "excluded_lines": 0, "percent_statements_covered": 100.0, "percent_statements_covered_display": "100"}, "missing_lines": [], "excluded_lines": [], "start_line": 201}, "EscalationCreateRequest": {"executed_lines": [], "summary": {"covered_lines": 0, "num_statements": 0, "percent_covered": 100.0, "percent_covered_display": "100", "missing_lines": 0, "excluded_lines": 0, "percent_statements_covered": 100.0, "percent_statements_covered_display": "100"}, "missing_lines": [], "excluded_lines": [], "start_line": 209}, "EscalationResolveRequest": {"executed_lines": [], "summary": {"covered_lines": 0, "num_statements": 0, "percent_covered": 100.0, "percent_covered_display": "100", "missing_lines": 0, "excluded_lines": 0, "percent_statements_covered": 100.0, "percent_statements_covered_display": "100"}, "missing_lines": [], "excluded_lines": [], "start_line": 219}, "OverrideCreateRequest": {"executed_lines": [], "summary": {"covered_lines": 0, "num_statements": 0, "percent_covered": 100.0, "percent_covered_display": "100", "missing_lines": 0, "excluded_lines": 0, "percent_statements_covered": 100.0, "percent_statements_covered_display": "100"}, "missing_lines": [], "excluded_lines": [], "start_line": 227}, "EvidenceStoreRequest": {"executed_lines": [], "summary": {"covered_lines": 0, "num_statements": 0, "percent_covered": 100.0, "percent_covered_display": "100", "missing_lines": 0, "excluded_lines": 0, "percent_statements_covered": 100.0, "percent_statements_covered_display": "100"}, "missing_lines": [], "excluded_lines": [], "start_line": 241}, "EvidenceVerifyRequest": {"executed_lines": [], "summary": {"covered_lines": 0, "num_statements": 0, "percent_covered": 100.0, "percent_covered_display": "100", "missing_lines": 0, "excluded_lines": 0, "percent_statements_covered": 100.0, "percent_statements_covered_display": "100"}, "missing_lines": [], "excluded_lines": [], "start_line": 254}, "EvidenceSignRequest": {"executed_lines": [], "summary": {"covered_lines": 0, "num_statements": 0, "percent_covered": 100.0, "percent_covered_display": "100", "missing_lines": 0, "excluded_lines": 0, "percent_statements_covered": 100.0, "percent_statements_covered_display": "100"}, "missing_lines": [], "excluded_lines": [], "start_line": 259}, "ComplianceMappingRequest": {"executed_lines": [], "summary": {"covered_lines": 0, "num_statements": 0, "percent_covered": 100.0, "percent_covered_display": "100", "missing_lines": 0, "excluded_lines": 0, "percent_statements_covered": 100.0, "percent_statements_covered_display": "100"}, "missing_lines": [], "excluded_lines": [], "start_line": 268}, "ComplianceLinkEvidenceRequest": {"executed_lines": [], "summary": {"covered_lines": 0, "num_statements": 0, "percent_covered": 100.0, "percent_covered_display": "100", "missing_lines": 0, "excluded_lines": 0, "percent_statements_covered": 100.0, "percent_statements_covered_display": "100"}, "missing_lines": [], "excluded_lines": [], "start_line": 276}, "ComplianceVerifyControlRequest": {"executed_lines": [], "summary": {"covered_lines": 0, "num_statements": 0, "percent_covered": 100.0, "percent_covered_display": "100", "missing_lines": 0, "excluded_lines": 0, "percent_statements_covered": 100.0, "percent_statements_covered_display": "100"}, "missing_lines": [], "excluded_lines": [], "start_line": 281}, "AuditExportCreateRequest": {"executed_lines": [], "summary": {"covered_lines": 0, "num_statements": 0, "percent_covered": 100.0, "percent_covered_display": "100", "missing_lines": 0, "excluded_lines": 0, "percent_statements_covered": 100.0, "percent_statements_covered_display": "100"}, "missing_lines": [], "excluded_lines": [], "start_line": 288}, "": {"executed_lines": [8, 9, 10, 11, 12, 13, 15, 16, 17, 18, 19, 21, 22, 23, 24, 25, 26, 31, 34, 35, 36, 39, 40, 41, 42, 43, 49, 56, 57, 73, 79, 82, 83, 84, 85, 86, 87, 88, 89, 90, 91, 94, 98, 100, 101, 102, 103, 104, 105, 108, 111, 112, 113, 114, 115, 116, 117, 120, 123, 124, 125, 126, 129, 132, 133, 134, 135, 136, 137, 138, 139, 143, 145, 146, 149, 151, 152, 153, 154, 157, 159, 160, 161, 162, 163, 166, 169, 170, 171, 172, 173, 176, 177, 178, 179, 180, 181, 184, 185, 191, 193, 194, 195, 196, 197, 198, 201, 203, 204, 205, 209, 211, 212, 213, 214, 215, 216, 219, 221, 222, 223, 227, 229, 230, 231, 232, 233, 234, 235, 236, 237, 241, 243, 244, 245, 246, 247, 248, 249, 250, 251, 254, 256, 259, 261, 262, 263, 268, 270, 271, 272, 273, 276, 278, 281, 283, 288, 290, 291, 292, 293, 294, 295, 296, 297, 301, 308, 309, 310, 319, 320, 321, 322, 323, 324, 325, 326, 327, 328, 329, 332, 333, 334, 337, 338, 339, 340, 343, 346, 349, 355, 356, 358, 359, 361, 362, 365, 366, 367, 370, 371, 372, 378, 379, 381, 382, 384, 385, 387, 388, 391, 392, 395, 396, 399, 400, 406, 407, 409, 417, 418, 420, 422, 423, 435, 436, 439, 443, 448, 451, 452, 455, 459, 464, 467, 468, 470, 472, 475, 484, 485, 487, 489, 491, 493, 494, 496, 497, 500, 502, 503, 505, 508, 517, 523, 524, 529, 530, 532, 534, 538, 552, 555, 565, 568, 578, 581, 582, 585, 587, 590, 592, 594, 595, 600, 601, 602, 603, 604, 606, 607, 613, 614, 617, 620, 621, 623, 626, 627, 629, 632, 633, 639, 642, 646, 647, 648, 650, 652, 660, 661, 663, 666, 667, 673, 674, 676, 678, 680, 685, 687, 693, 699, 700, 702, 704, 705, 708, 709, 715, 717, 719, 722, 728, 729, 734, 735, 753, 754, 787, 788, 792, 794, 798, 801, 802, 806, 808, 810, 811, 831, 832, 837, 838, 844, 846, 849, 854, 858, 861, 862, 886, 887, 889, 891, 894, 895, 901, 902, 923, 925, 928, 929, 936, 937, 941, 942, 943, 960, 992, 993, 1005, 1012, 1018, 1019, 1020, 1037, 1038, 1041, 1056, 1070, 1071, 1072, 1073, 1074, 1080, 1083, 1098, 1181, 1183, 1186, 1187, 1192, 1198, 1199, 1201, 1203, 1204, 1213, 1214, 1216, 1218, 1225, 1226, 1228, 1230, 1236, 1237, 1239, 1241, 1247, 1248, 1250, 1253, 1254, 1256, 1259, 1260, 1271, 1272, 1311, 1312, 1324, 1325, 1352, 1353, 1355, 1356, 1357, 1389, 1390, 1392, 1393, 1394, 1426, 1427, 1429, 1431, 1438, 1439, 1441, 1454, 1455, 1457, 1458, 1459, 1487, 1488, 1490, 1491, 1492, 1509, 1510, 1512, 1514, 1517, 1519, 1520, 1523, 1530, 1546, 1547, 1552, 1553, 1555, 1557, 1560, 1561, 1562, 1564, 1582, 1583, 1585, 1587, 1590, 1591, 1594, 1614, 1615, 1617, 1619, 1622, 1624, 1627, 1628, 1630, 1639, 1650, 1651, 1656, 1657, 1659, 1661, 1664, 1666, 1669, 1671, 1679, 1680, 1681, 1682, 1686, 1700, 1701, 1703, 1705, 1708, 1709, 1712, 1727, 1728, 1730, 1732, 1735, 1737, 1753, 1754, 1756, 1758, 1763, 1765, 1769, 1770, 1775, 1792, 1793, 1795, 1797, 1800, 1802, 1803, 1804, 1807, 1808, 1813, 1814, 1817, 1829, 1839, 1840, 1845, 1846, 1848, 1850, 1853, 1854, 1857, 1871, 1872, 1874, 1876, 1879, 1881, 1897, 1898, 1900, 1902, 1905, 1906, 1908, 1913, 1914, 1922, 1925, 1926, 1928, 1930, 1936, 1938, 1940, 1945, 1946, 1948, 1950, 1953, 1955, 1957, 1969, 1979, 1980, 1985, 1986, 1988, 1990, 1993, 1995, 1998, 1999, 2001, 2003, 2006, 2007, 2010, 2027, 2028, 2030, 2032, 2035, 2036, 2038, 2040, 2051, 2052, 2054, 2056, 2059, 2061, 2078, 2079, 2081, 2083, 2086, 2088, 2091, 2092, 2094, 2096, 2099, 2100, 2107, 2122, 2123, 2125, 2127, 2130, 2132, 2152, 2153, 2158, 2159, 2165, 2167, 2170, 2171, 2201, 2202, 2207, 2208, 2210, 2212, 2215, 2216, 2238, 2239, 2244, 2245, 2247, 2249, 2252, 2253, 2278, 2279, 2284, 2285, 2327, 2328, 2350, 2351, 2380, 2381, 2399, 2400, 2402, 2404, 2407, 2408, 2410, 2429, 2430, 2432, 2434, 2437, 2438, 2441, 2442, 2444, 2451, 2452, 2515, 2516, 2518, 2520, 2524, 2525, 2530, 2532, 2533, 2534, 2577, 2578, 2583, 2584, 2586, 2588, 2592, 2593, 2594, 2599, 2600, 2601, 2602, 2632, 2633, 2638, 2639, 2641, 2643, 2647, 2648, 2653, 2654, 2655, 2656, 2692, 2693, 2698, 2699, 2783, 2784, 2849, 2850, 2877, 2878, 2902, 2905, 2906, 2907, 2912, 2914, 2917, 2918, 2919, 2922, 2929, 2939, 2945, 2951, 2958, 2964, 2967, 2970, 2971, 2974, 2975, 2976, 2979, 2980, 2985, 2986, 2993, 3008, 3019, 3020, 3024, 3027, 3028, 3029, 3034, 3036, 3037, 3038, 3042, 3043, 3095, 3096, 3101, 3102, 3106, 3109, 3110, 3111, 3116, 3118, 3119, 3122, 3123, 3124, 3125, 3128, 3129, 3130, 3131, 3134, 3135, 3137, 3138, 3139, 3141, 3143, 3144, 3151, 3152, 3157, 3158, 3160, 3164, 3166, 3192, 3193, 3197, 3200, 3201, 3202, 3207, 3209, 3212, 3213, 3214, 3216, 3218, 3219, 3222, 3223, 3224, 3225, 3227, 3228, 3237, 3251, 3252, 3265, 3266, 3280, 3282, 3286, 3287, 3288, 3293, 3295, 3298, 3303, 3306, 3307, 3310, 3311, 3330, 3343, 3344, 3359, 3360, 3362], "summary": {"covered_lines": 841, "num_statements": 1331, "percent_covered": 63.18557475582269, "percent_covered_display": "63", "missing_lines": 490, "excluded_lines": 0, "percent_statements_covered": 63.18557475582269, "percent_statements_covered_display": "63"}, "missing_lines": [74, 75, 402, 403, 444, 460, 473, 495, 535, 615, 643, 664, 688, 720, 731, 742, 744, 745, 756, 758, 760, 762, 763, 765, 775, 781, 782, 783, 784, 824, 826, 833, 834, 847, 855, 856, 867, 869, 871, 872, 874, 879, 880, 881, 882, 883, 892, 938, 944, 945, 946, 947, 948, 950, 951, 952, 953, 954, 956, 957, 1042, 1044, 1045, 1047, 1075, 1076, 1077, 1099, 1101, 1178, 1206, 1257, 1274, 1276, 1282, 1283, 1286, 1289, 1298, 1314, 1315, 1316, 1318, 1319, 1321, 1327, 1328, 1329, 1331, 1332, 1334, 1335, 1336, 1338, 1339, 1340, 1342, 1359, 1360, 1361, 1363, 1364, 1366, 1367, 1375, 1385, 1386, 1396, 1397, 1398, 1400, 1401, 1403, 1405, 1461, 1462, 1463, 1465, 1466, 1468, 1470, 1494, 1495, 1496, 1498, 1500, 1515, 1548, 1549, 1558, 1588, 1592, 1620, 1652, 1653, 1662, 1684, 1694, 1695, 1696, 1697, 1706, 1710, 1733, 1759, 1798, 1809, 1810, 1815, 1841, 1842, 1851, 1855, 1877, 1903, 1931, 1951, 1981, 1982, 1991, 2004, 2008, 2033, 2045, 2046, 2047, 2048, 2057, 2084, 2097, 2114, 2115, 2116, 2117, 2128, 2133, 2135, 2142, 2154, 2155, 2168, 2172, 2174, 2180, 2203, 2204, 2213, 2217, 2219, 2220, 2225, 2240, 2241, 2250, 2255, 2261, 2262, 2268, 2270, 2280, 2281, 2291, 2293, 2294, 2296, 2297, 2299, 2305, 2306, 2312, 2314, 2321, 2322, 2323, 2324, 2330, 2332, 2333, 2335, 2336, 2337, 2339, 2344, 2345, 2346, 2347, 2353, 2355, 2356, 2358, 2359, 2360, 2362, 2374, 2375, 2376, 2377, 2383, 2385, 2386, 2388, 2389, 2390, 2392, 2393, 2394, 2395, 2396, 2405, 2425, 2426, 2435, 2445, 2446, 2454, 2456, 2457, 2460, 2461, 2462, 2463, 2464, 2466, 2468, 2469, 2472, 2473, 2474, 2475, 2476, 2478, 2479, 2480, 2481, 2482, 2485, 2496, 2509, 2510, 2511, 2512, 2521, 2526, 2527, 2528, 2537, 2538, 2539, 2542, 2553, 2561, 2579, 2580, 2589, 2595, 2596, 2597, 2604, 2625, 2626, 2629, 2631, 2634, 2635, 2644, 2649, 2650, 2651, 2659, 2668, 2674, 2681, 2682, 2683, 2684, 2685, 2687, 2694, 2695, 2708, 2710, 2711, 2714, 2715, 2716, 2717, 2718, 2719, 2721, 2723, 2724, 2727, 2730, 2731, 2732, 2733, 2734, 2735, 2737, 2738, 2739, 2740, 2741, 2742, 2744, 2745, 2746, 2747, 2748, 2749, 2750, 2753, 2777, 2778, 2779, 2780, 2790, 2792, 2793, 2796, 2797, 2798, 2799, 2800, 2801, 2803, 2805, 2806, 2809, 2812, 2813, 2814, 2815, 2816, 2817, 2818, 2821, 2824, 2826, 2843, 2844, 2845, 2846, 2852, 2854, 2855, 2858, 2859, 2860, 2861, 2862, 2863, 2865, 2866, 2867, 2868, 2869, 2908, 2909, 2910, 2923, 2924, 2925, 2926, 2930, 2931, 2933, 2934, 2935, 2936, 2940, 2941, 2942, 2946, 2947, 2948, 2949, 2952, 2953, 2954, 2955, 2960, 2961, 2962, 2981, 2982, 2987, 2988, 3015, 3016, 3030, 3031, 3032, 3039, 3040, 3045, 3048, 3049, 3050, 3051, 3054, 3055, 3056, 3057, 3063, 3064, 3067, 3068, 3069, 3070, 3071, 3073, 3097, 3098, 3112, 3113, 3114, 3142, 3145, 3146, 3147, 3148, 3153, 3154, 3155, 3156, 3159, 3161, 3188, 3189, 3203, 3204, 3205, 3230, 3247, 3248, 3262, 3283, 3289, 3290, 3291, 3299, 3300, 3313, 3315, 3337, 3338, 3339, 3340, 3351], "excluded_lines": [], "start_line": 1}}}, "src/lexecon/audit_export/__init__.py": {"executed_lines": [], "summary": {"covered_lines": 0, "num_statements": 0, "percent_covered": 100.0, "percent_covered_display": "100", "missing_lines": 0, "excluded_lines": 0, "percent_statements_covered": 100.0, "percent_statements_covered_display": "100"}, "missing_lines": [], "excluded_lines": [], "functions": {"": {"executed_lines": [], "summary": {"covered_lines": 0, "num_statements": 0, "percent_covered": 100.0, "percent_covered_display": "100", "missing_lines": 0, "excluded_lines": 0, "percent_statements_covered": 100.0, "percent_statements_covered_display": "100"}, "missing_lines": [], "excluded_lines": [], "start_line": 1}}, "classes": {"": {"executed_lines": [], "summary": {"covered_lines": 0, "num_statements": 0, "percent_covered": 100.0, "percent_covered_display": "100", "missing_lines": 0, "excluded_lines": 0, "percent_statements_covered": 100.0, "percent_statements_covered_display": "100"}, "missing_lines": [], "excluded_lines": [], "start_line": 1}}}, "src/lexecon/audit_export/service.py": {"executed_lines": [14, 15, 16, 17, 18, 19, 20, 21, 22, 25, 27, 28, 29, 30, 33, 35, 36, 37, 38, 39, 40, 41, 44, 46, 47, 48, 49, 52, 53, 55, 56, 57, 58, 59, 60, 61, 62, 63, 64, 65, 66, 69, 70, 72, 73, 74, 75, 76, 77, 78, 79, 80, 81, 82, 85, 86, 88, 89, 90, 91, 92, 93, 94, 95, 96, 97, 100, 108, 110, 111, 113, 140, 142, 154, 155, 157, 182, 185, 201, 202, 203, 206, 207, 208, 211, 212, 213, 216, 217, 218, 221, 222, 223, 226, 227, 228, 231, 232, 235, 238, 241, 254, 255, 257, 259, 266, 269, 271, 273, 275, 278, 295, 297, 304, 307, 309, 311, 313, 316, 327, 328, 329, 331, 333, 336, 338, 340, 347, 350, 352, 354, 356, 359, 372, 374, 381, 384, 386, 388, 390, 393, 408, 410, 412, 418, 420, 421, 422, 423, 425, 441, 443, 450, 453, 454, 455, 458, 459, 460, 461, 466, 468, 471, 479, 481, 483, 492, 493, 494, 495, 496, 498, 500, 502, 503, 504, 505, 506, 507, 508, 510, 512, 513, 514, 515, 516, 517, 518, 519, 523, 525, 527, 529, 532, 533, 534, 538, 539, 540, 547, 550, 568, 585, 587, 589, 592, 593, 594, 595, 596, 597, 598, 601, 602, 603, 604, 605, 606, 607, 608, 609, 610, 611, 614, 615, 616, 617, 618, 619, 620, 621, 622, 623, 626, 638, 649, 651, 653, 654, 655, 656, 657, 658, 659, 660, 661, 662, 663, 666, 667, 668, 671, 672, 673, 674, 675, 676, 677, 678, 679, 680, 682, 683, 684, 686, 688, 690, 696, 698, 699, 702, 704, 706, 708, 709, 710, 712, 713, 714, 715, 717], "summary": {"covered_lines": 281, "num_statements": 327, "percent_covered": 85.93272171253822, "percent_covered_display": "86", "missing_lines": 46, "excluded_lines": 0, "percent_statements_covered": 85.93272171253822, "percent_statements_covered_display": "86"}, "missing_lines": [274, 276, 312, 314, 330, 332, 334, 355, 357, 389, 391, 462, 463, 467, 469, 521, 551, 552, 556, 557, 558, 565, 569, 570, 574, 575, 576, 583, 627, 628, 629, 630, 631, 632, 633, 634, 635, 639, 640, 641, 642, 643, 644, 645, 646, 647], "excluded_lines": [], "functions": {"AuditExportService.__init__": {"executed_lines": [110, 111], "summary": {"covered_lines": 2, "num_statements": 2, "percent_covered": 100.0, "percent_covered_display": "100", "missing_lines": 0, "excluded_lines": 0, "percent_statements_covered": 100.0, "percent_statements_covered_display": "100"}, "missing_lines": [], "excluded_lines": [], "start_line": 108}, "AuditExportService.create_export_request": {"executed_lines": [140, 142, 154, 155], "summary": {"covered_lines": 4, "num_statements": 4, "percent_covered": 100.0, "percent_covered_display": "100", "missing_lines": 0, "excluded_lines": 0, "percent_statements_covered": 100.0, "percent_statements_covered_display": "100"}, "missing_lines": [], "excluded_lines": [], "start_line": 113}, "AuditExportService.generate_export": {"executed_lines": [182, 185, 201, 202, 203, 206, 207, 208, 211, 212, 213, 216, 217, 218, 221, 222, 223, 226, 227, 228, 231, 232, 235, 238, 241, 254, 255, 257], "summary": {"covered_lines": 28, "num_statements": 28, "percent_covered": 100.0, "percent_covered_display": "100", "missing_lines": 0, "excluded_lines": 0, "percent_statements_covered": 100.0, "percent_statements_covered_display": "100"}, "missing_lines": [], "excluded_lines": [], "start_line": 157}, "AuditExportService._collect_risks": {"executed_lines": [266, 269, 271, 273, 275, 278, 295], "summary": {"covered_lines": 7, "num_statements": 9, "percent_covered": 77.77777777777777, "percent_covered_display": "78", "missing_lines": 2, "excluded_lines": 0, "percent_statements_covered": 77.77777777777777, "percent_statements_covered_display": "78"}, "missing_lines": [274, 276], "excluded_lines": [], "start_line": 259}, "AuditExportService._collect_escalations": {"executed_lines": [304, 307, 309, 311, 313, 316, 327, 328, 329, 331, 333, 336, 338], "summary": {"covered_lines": 13, "num_statements": 18, "percent_covered": 72.22222222222223, "percent_covered_display": "72", "missing_lines": 5, "excluded_lines": 0, "percent_statements_covered": 72.22222222222223, "percent_statements_covered_display": "72"}, "missing_lines": [312, 314, 330, 332, 334], "excluded_lines": [], "start_line": 297}, "AuditExportService._collect_overrides": {"executed_lines": [347, 350, 352, 354, 356, 359, 372], "summary": {"covered_lines": 7, "num_statements": 9, "percent_covered": 77.77777777777777, "percent_covered_display": "78", "missing_lines": 2, "excluded_lines": 0, "percent_statements_covered": 77.77777777777777, "percent_statements_covered_display": "78"}, "missing_lines": [355, 357], "excluded_lines": [], "start_line": 340}, "AuditExportService._collect_evidence": {"executed_lines": [381, 384, 386, 388, 390, 393, 408], "summary": {"covered_lines": 7, "num_statements": 9, "percent_covered": 77.77777777777777, "percent_covered_display": "78", "missing_lines": 2, "excluded_lines": 0, "percent_statements_covered": 77.77777777777777, "percent_statements_covered_display": "78"}, "missing_lines": [389, 391], "excluded_lines": [], "start_line": 374}, "AuditExportService._collect_compliance": {"executed_lines": [412, 418, 420, 421, 422, 423, 425, 441], "summary": {"covered_lines": 8, "num_statements": 8, "percent_covered": 100.0, "percent_covered_display": "100", "missing_lines": 0, "excluded_lines": 0, "percent_statements_covered": 100.0, "percent_statements_covered_display": "100"}, "missing_lines": [], "excluded_lines": [], "start_line": 410}, "AuditExportService._collect_decisions": {"executed_lines": [450, 453, 454, 455, 458, 459, 460, 461, 466, 468, 471, 479], "summary": {"covered_lines": 12, "num_statements": 16, "percent_covered": 75.0, "percent_covered_display": "75", "missing_lines": 4, "excluded_lines": 0, "percent_statements_covered": 75.0, "percent_statements_covered_display": "75"}, "missing_lines": [462, 463, 467, 469], "excluded_lines": [], "start_line": 443}, "AuditExportService._calculate_statistics": {"executed_lines": [483, 492, 493, 494, 495, 496, 498], "summary": {"covered_lines": 7, "num_statements": 7, "percent_covered": 100.0, "percent_covered_display": "100", "missing_lines": 0, "excluded_lines": 0, "percent_statements_covered": 100.0, "percent_statements_covered_display": "100"}, "missing_lines": [], "excluded_lines": [], "start_line": 481}, "AuditExportService._count_records": {"executed_lines": [502, 503, 504, 505, 506, 507, 508], "summary": {"covered_lines": 7, "num_statements": 7, "percent_covered": 100.0, "percent_covered_display": "100", "missing_lines": 0, "excluded_lines": 0, "percent_statements_covered": 100.0, "percent_statements_covered_display": "100"}, "missing_lines": [], "excluded_lines": [], "start_line": 500}, "AuditExportService._format_data": {"executed_lines": [512, 513, 514, 515, 516, 517, 518, 519], "summary": {"covered_lines": 8, "num_statements": 9, "percent_covered": 88.88888888888889, "percent_covered_display": "89", "missing_lines": 1, "excluded_lines": 0, "percent_statements_covered": 88.88888888888889, "percent_statements_covered_display": "89"}, "missing_lines": [521], "excluded_lines": [], "start_line": 510}, "AuditExportService._format_json": {"executed_lines": [525], "summary": {"covered_lines": 1, "num_statements": 1, "percent_covered": 100.0, "percent_covered_display": "100", "missing_lines": 0, "excluded_lines": 0, "percent_statements_covered": 100.0, "percent_statements_covered_display": "100"}, "missing_lines": [], "excluded_lines": [], "start_line": 523}, "AuditExportService._format_csv": {"executed_lines": [529, 532, 533, 534, 538, 539, 540, 547, 550, 568, 585], "summary": {"covered_lines": 11, "num_statements": 23, "percent_covered": 47.82608695652174, "percent_covered_display": "48", "missing_lines": 12, "excluded_lines": 0, "percent_statements_covered": 47.82608695652174, "percent_statements_covered_display": "48"}, "missing_lines": [551, 552, 556, 557, 558, 565, 569, 570, 574, 575, 576, 583], "excluded_lines": [], "start_line": 527}, "AuditExportService._format_markdown": {"executed_lines": [589, 592, 593, 594, 595, 596, 597, 598, 601, 602, 603, 604, 605, 606, 607, 608, 609, 610, 611, 614, 615, 616, 617, 618, 619, 620, 621, 622, 623, 626, 638, 649], "summary": {"covered_lines": 32, "num_statements": 50, "percent_covered": 64.0, "percent_covered_display": "64", "missing_lines": 18, "excluded_lines": 0, "percent_statements_covered": 64.0, "percent_statements_covered_display": "64"}, "missing_lines": [627, 628, 629, 630, 631, 632, 633, 634, 635, 639, 640, 641, 642, 643, 644, 645, 646, 647], "excluded_lines": [], "start_line": 587}, "AuditExportService._format_html": {"executed_lines": [653, 654, 655, 656, 657, 658, 659, 660, 661, 662, 663, 666, 667, 668, 671, 672, 673, 674, 675, 676, 677, 678, 679, 680, 682, 683, 684], "summary": {"covered_lines": 27, "num_statements": 27, "percent_covered": 100.0, "percent_covered_display": "100", "missing_lines": 0, "excluded_lines": 0, "percent_statements_covered": 100.0, "percent_statements_covered_display": "100"}, "missing_lines": [], "excluded_lines": [], "start_line": 651}, "AuditExportService.get_export": {"executed_lines": [688], "summary": {"covered_lines": 1, "num_statements": 1, "percent_covered": 100.0, "percent_covered_display": "100", "missing_lines": 0, "excluded_lines": 0, "percent_statements_covered": 100.0, "percent_statements_covered_display": "100"}, "missing_lines": [], "excluded_lines": [], "start_line": 686}, "AuditExportService.list_exports": {"executed_lines": [696, 698, 699, 702, 704], "summary": {"covered_lines": 5, "num_statements": 5, "percent_covered": 100.0, "percent_covered_display": "100", "missing_lines": 0, "excluded_lines": 0, "percent_statements_covered": 100.0, "percent_statements_covered_display": "100"}, "missing_lines": [], "excluded_lines": [], "start_line": 690}, "AuditExportService.get_export_statistics": {"executed_lines": [708, 709, 710, 712, 713, 714, 715, 717], "summary": {"covered_lines": 8, "num_statements": 8, "percent_covered": 100.0, "percent_covered_display": "100", "missing_lines": 0, "excluded_lines": 0, "percent_statements_covered": 100.0, "percent_statements_covered_display": "100"}, "missing_lines": [], "excluded_lines": [], "start_line": 706}, "": {"executed_lines": [14, 15, 16, 17, 18, 19, 20, 21, 22, 25, 27, 28, 29, 30, 33, 35, 36, 37, 38, 39, 40, 41, 44, 46, 47, 48, 49, 52, 53, 55, 56, 57, 58, 59, 60, 61, 62, 63, 64, 65, 66, 69, 70, 72, 73, 74, 75, 76, 77, 78, 79, 80, 81, 82, 85, 86, 88, 89, 90, 91, 92, 93, 94, 95, 96, 97, 100, 108, 113, 157, 259, 297, 340, 374, 410, 443, 481, 500, 510, 523, 527, 587, 651, 686, 690, 706], "summary": {"covered_lines": 86, "num_statements": 86, "percent_covered": 100.0, "percent_covered_display": "100", "missing_lines": 0, "excluded_lines": 0, "percent_statements_covered": 100.0, "percent_statements_covered_display": "100"}, "missing_lines": [], "excluded_lines": [], "start_line": 1}}, "classes": {"ExportFormat": {"executed_lines": [], "summary": {"covered_lines": 0, "num_statements": 0, "percent_covered": 100.0, "percent_covered_display": "100", "missing_lines": 0, "excluded_lines": 0, "percent_statements_covered": 100.0, "percent_statements_covered_display": "100"}, "missing_lines": [], "excluded_lines": [], "start_line": 25}, "ExportScope": {"executed_lines": [], "summary": {"covered_lines": 0, "num_statements": 0, "percent_covered": 100.0, "percent_covered_display": "100", "missing_lines": 0, "excluded_lines": 0, "percent_statements_covered": 100.0, "percent_statements_covered_display": "100"}, "missing_lines": [], "excluded_lines": [], "start_line": 33}, "ExportStatus": {"executed_lines": [], "summary": {"covered_lines": 0, "num_statements": 0, "percent_covered": 100.0, "percent_covered_display": "100", "missing_lines": 0, "excluded_lines": 0, "percent_statements_covered": 100.0, "percent_statements_covered_display": "100"}, "missing_lines": [], "excluded_lines": [], "start_line": 44}, "ExportRequest": {"executed_lines": [], "summary": {"covered_lines": 0, "num_statements": 0, "percent_covered": 100.0, "percent_covered_display": "100", "missing_lines": 0, "excluded_lines": 0, "percent_statements_covered": 100.0, "percent_statements_covered_display": "100"}, "missing_lines": [], "excluded_lines": [], "start_line": 53}, "ExportPackage": {"executed_lines": [], "summary": {"covered_lines": 0, "num_statements": 0, "percent_covered": 100.0, "percent_covered_display": "100", "missing_lines": 0, "excluded_lines": 0, "percent_statements_covered": 100.0, "percent_statements_covered_display": "100"}, "missing_lines": [], "excluded_lines": [], "start_line": 70}, "ExportStatistics": {"executed_lines": [], "summary": {"covered_lines": 0, "num_statements": 0, "percent_covered": 100.0, "percent_covered_display": "100", "missing_lines": 0, "excluded_lines": 0, "percent_statements_covered": 100.0, "percent_statements_covered_display": "100"}, "missing_lines": [], "excluded_lines": [], "start_line": 86}, "AuditExportService": {"executed_lines": [110, 111, 140, 142, 154, 155, 182, 185, 201, 202, 203, 206, 207, 208, 211, 212, 213, 216, 217, 218, 221, 222, 223, 226, 227, 228, 231, 232, 235, 238, 241, 254, 255, 257, 266, 269, 271, 273, 275, 278, 295, 304, 307, 309, 311, 313, 316, 327, 328, 329, 331, 333, 336, 338, 347, 350, 352, 354, 356, 359, 372, 381, 384, 386, 388, 390, 393, 408, 412, 418, 420, 421, 422, 423, 425, 441, 450, 453, 454, 455, 458, 459, 460, 461, 466, 468, 471, 479, 483, 492, 493, 494, 495, 496, 498, 502, 503, 504, 505, 506, 507, 508, 512, 513, 514, 515, 516, 517, 518, 519, 525, 529, 532, 533, 534, 538, 539, 540, 547, 550, 568, 585, 589, 592, 593, 594, 595, 596, 597, 598, 601, 602, 603, 604, 605, 606, 607, 608, 609, 610, 611, 614, 615, 616, 617, 618, 619, 620, 621, 622, 623, 626, 638, 649, 653, 654, 655, 656, 657, 658, 659, 660, 661, 662, 663, 666, 667, 668, 671, 672, 673, 674, 675, 676, 677, 678, 679, 680, 682, 683, 684, 688, 696, 698, 699, 702, 704, 708, 709, 710, 712, 713, 714, 715, 717], "summary": {"covered_lines": 195, "num_statements": 241, "percent_covered": 80.91286307053942, "percent_covered_display": "81", "missing_lines": 46, "excluded_lines": 0, "percent_statements_covered": 80.91286307053942, "percent_statements_covered_display": "81"}, "missing_lines": [274, 276, 312, 314, 330, 332, 334, 355, 357, 389, 391, 462, 463, 467, 469, 521, 551, 552, 556, 557, 558, 565, 569, 570, 574, 575, 576, 583, 627, 628, 629, 630, 631, 632, 633, 634, 635, 639, 640, 641, 642, 643, 644, 645, 646, 647], "excluded_lines": [], "start_line": 100}, "": {"executed_lines": [14, 15, 16, 17, 18, 19, 20, 21, 22, 25, 27, 28, 29, 30, 33, 35, 36, 37, 38, 39, 40, 41, 44, 46, 47, 48, 49, 52, 53, 55, 56, 57, 58, 59, 60, 61, 62, 63, 64, 65, 66, 69, 70, 72, 73, 74, 75, 76, 77, 78, 79, 80, 81, 82, 85, 86, 88, 89, 90, 91, 92, 93, 94, 95, 96, 97, 100, 108, 113, 157, 259, 297, 340, 374, 410, 443, 481, 500, 510, 523, 527, 587, 651, 686, 690, 706], "summary": {"covered_lines": 86, "num_statements": 86, "percent_covered": 100.0, "percent_covered_display": "100", "missing_lines": 0, "excluded_lines": 0, "percent_statements_covered": 100.0, "percent_statements_covered_display": "100"}, "missing_lines": [], "excluded_lines": [], "start_line": 1}}}, "src/lexecon/capability/__init__.py": {"executed_lines": [], "summary": {"covered_lines": 0, "num_statements": 0, "percent_covered": 100.0, "percent_covered_display": "100", "missing_lines": 0, "excluded_lines": 0, "percent_statements_covered": 100.0, "percent_statements_covered_display": "100"}, "missing_lines": [], "excluded_lines": [], "functions": {"": {"executed_lines": [], "summary": {"covered_lines": 0, "num_statements": 0, "percent_covered
[...]
overed": 100.0, "percent_covered_display": "100", "missing_lines": 0, "excluded_lines": 0, "percent_statements_covered": 100.0, "percent_statements_covered_display": "100"}, "missing_lines": [], "excluded_lines": [], "start_line": 202}, "SignatureService.get_public_key_fingerprint": {"executed_lines": [216, 217, 219, 224], "summary": {"covered_lines": 4, "num_statements": 4, "percent_covered": 100.0, "percent_covered_display": "100", "missing_lines": 0, "excluded_lines": 0, "percent_statements_covered": 100.0, "percent_statements_covered_display": "100"}, "missing_lines": [], "excluded_lines": [], "start_line": 214}, "SignatureService.sign_and_enrich_packet": {"executed_lines": [237, 240, 243, 248], "summary": {"covered_lines": 4, "num_statements": 4, "percent_covered": 100.0, "percent_covered_display": "100", "missing_lines": 0, "excluded_lines": 0, "percent_statements_covered": 100.0, "percent_statements_covered_display": "100"}, "missing_lines": [], "excluded_lines": [], "start_line": 226}, "SignatureService.verify_packet_signature": {"executed_lines": [260, 261, 263, 265, 266, 269, 272], "summary": {"covered_lines": 7, "num_statements": 7, "percent_covered": 100.0, "percent_covered_display": "100", "missing_lines": 0, "excluded_lines": 0, "percent_statements_covered": 100.0, "percent_statements_covered_display": "100"}, "missing_lines": [], "excluded_lines": [], "start_line": 250}, "": {"executed_lines": [11, 12, 13, 14, 15, 16, 17, 18, 19, 20, 22, 25, 28, 50, 54, 89, 104, 156, 202, 214, 226, 250], "summary": {"covered_lines": 22, "num_statements": 22, "percent_covered": 100.0, "percent_covered_display": "100", "missing_lines": 0, "excluded_lines": 0, "percent_statements_covered": 100.0, "percent_statements_covered_display": "100"}, "missing_lines": [], "excluded_lines": [], "start_line": 1}}, "classes": {"SignatureService": {"executed_lines": [35, 36, 37, 38, 39, 42, 45, 46, 48, 52, 57, 64, 67, 73, 74, 77, 82, 83, 86, 87, 91, 92, 98, 99, 114, 115, 118, 119, 122, 132, 135, 139, 142, 154, 171, 172, 174, 176, 177, 180, 183, 193, 195, 196, 197, 199, 200, 204, 205, 207, 212, 216, 217, 219, 224, 237, 240, 243, 248, 260, 261, 263, 265, 266, 269, 272], "summary": {"covered_lines": 66, "num_statements": 66, "percent_covered": 100.0, "percent_covered_display": "100", "missing_lines": 0, "excluded_lines": 0, "percent_statements_covered": 100.0, "percent_statements_covered_display": "100"}, "missing_lines": [], "excluded_lines": [], "start_line": 25}, "": {"executed_lines": [11, 12, 13, 14, 15, 16, 17, 18, 19, 20, 22, 25, 28, 50, 54, 89, 104, 156, 202, 214, 226, 250], "summary": {"covered_lines": 22, "num_statements": 22, "percent_covered": 100.0, "percent_covered_display": "100", "missing_lines": 0, "excluded_lines": 0, "percent_statements_covered": 100.0, "percent_statements_covered_display": "100"}, "missing_lines": [], "excluded_lines": [], "start_line": 1}}}, "src/lexecon/storage/__init__.py": {"executed_lines": [7, 9], "summary": {"covered_lines": 2, "num_statements": 2, "percent_covered": 100.0, "percent_covered_display": "100", "missing_lines": 0, "excluded_lines": 0, "percent_statements_covered": 100.0, "percent_statements_covered_display": "100"}, "missing_lines": [], "excluded_lines": [], "functions": {"": {"executed_lines": [7, 9], "summary": {"covered_lines": 2, "num_statements": 2, "percent_covered": 100.0, "percent_covered_display": "100", "missing_lines": 0, "excluded_lines": 0, "percent_statements_covered": 100.0, "percent_statements_covered_display": "100"}, "missing_lines": [], "excluded_lines": [], "start_line": 1}}, "classes": {"": {"executed_lines": [7, 9], "summary": {"covered_lines": 2, "num_statements": 2, "percent_covered": 100.0, "percent_covered_display": "100", "missing_lines": 0, "excluded_lines": 0, "percent_statements_covered": 100.0, "percent_statements_covered_display": "100"}, "missing_lines": [], "excluded_lines": [], "start_line": 1}}}, "src/lexecon/storage/persistence.py": {"executed_lines": [8, 9, 10, 11, 12, 14, 17, 28, 30, 31, 33, 35, 36, 39, 52, 56, 61, 69, 70, 72, 74, 75, 77, 78, 93, 98, 100, 102, 104, 105, 107, 108, 114, 115, 116, 119, 128, 129, 131, 133, 135, 137, 139, 140, 142, 143, 150, 151, 152, 154, 163, 164, 166, 168, 170, 172, 174, 175, 177, 178, 179, 181, 183, 185, 186, 188, 189, 192, 193, 195, 197, 199, 201, 202, 205, 206, 207, 211, 212, 213, 215, 217, 219, 221, 227, 228, 230, 232, 233, 235, 237, 238, 241, 246, 249, 253, 256, 258, 268], "summary": {"covered_lines": 99, "num_statements": 100, "percent_covered": 99.0, "percent_covered_display": "99", "missing_lines": 1, "excluded_lines": 0, "percent_statements_covered": 99.0, "percent_statements_covered_display": "99"}, "missing_lines": [208], "excluded_lines": [], "functions": {"LedgerStorage.__init__": {"executed_lines": [30, 31], "summary": {"covered_lines": 2, "num_statements": 2, "percent_covered": 100.0, "percent_covered_display": "100", "missing_lines": 0, "excluded_lines": 0, "percent_statements_covered": 100.0, "percent_statements_covered_display": "100"}, "missing_lines": [], "excluded_lines": [], "start_line": 28}, "LedgerStorage._init_database": {"executed_lines": [35, 36, 39, 52, 56, 61, 69, 70], "summary": {"covered_lines": 8, "num_statements": 8, "percent_covered": 100.0, "percent_covered_display": "100", "missing_lines": 0, "excluded_lines": 0, "percent_statements_covered": 100.0, "percent_statements_covered_display": "100"}, "missing_lines": [], "excluded_lines": [], "start_line": 33}, "LedgerStorage.save_entry": {"executed_lines": [74, 75, 77, 78, 93, 98, 100], "summary": {"covered_lines": 7, "num_statements": 7, "percent_covered": 100.0, "percent_covered_display": "100", "missing_lines": 0, "excluded_lines": 0, "percent_statements_covered": 100.0, "percent_statements_covered_display": "100"}, "missing_lines": [], "excluded_lines": [], "start_line": 72}, "LedgerStorage.load_all_entries": {"executed_lines": [104, 105, 107, 108, 114, 115, 116, 119, 128, 129, 131, 133, 135], "summary": {"covered_lines": 13, "num_statements": 13, "percent_covered": 100.0, "percent_covered_display": "100", "missing_lines": 0, "excluded_lines": 0, "percent_statements_covered": 100.0, "percent_statements_covered_display": "100"}, "missing_lines": [], "excluded_lines": [], "start_line": 102}, "LedgerStorage.get_entries_by_type": {"executed_lines": [139, 140, 142, 143, 150, 151, 152, 154, 163, 164, 166, 168, 170], "summary": {"covered_lines": 13, "num_statements": 13, "percent_covered": 100.0, "percent_covered_display": "100", "missing_lines": 0, "excluded_lines": 0, "percent_statements_covered": 100.0, "percent_statements_covered_display": "100"}, "missing_lines": [], "excluded_lines": [], "start_line": 137}, "LedgerStorage.get_entry_count": {"executed_lines": [174, 175, 177, 178, 179, 181], "summary": {"covered_lines": 6, "num_statements": 6, "percent_covered": 100.0, "percent_covered_display": "100", "missing_lines": 0, "excluded_lines": 0, "percent_statements_covered": 100.0, "percent_statements_covered_display": "100"}, "missing_lines": [], "excluded_lines": [], "start_line": 172}, "LedgerStorage.get_latest_hash": {"executed_lines": [185, 186, 188, 189, 192, 193, 195], "summary": {"covered_lines": 7, "num_statements": 7, "percent_covered": 100.0, "percent_covered_display": "100", "missing_lines": 0, "excluded_lines": 0, "percent_statements_covered": 100.0, "percent_statements_covered_display": "100"}, "missing_lines": [], "excluded_lines": [], "start_line": 183}, "LedgerStorage.verify_chain_integrity": {"executed_lines": [199, 201, 202, 205, 206, 207, 211, 212, 213, 215], "summary": {"covered_lines": 10, "num_statements": 11, "percent_covered": 90.9090909090909, "percent_covered_display": "91", "missing_lines": 1, "excluded_lines": 0, "percent_statements_covered": 90.9090909090909, "percent_statements_covered_display": "91"}, "missing_lines": [208], "excluded_lines": [], "start_line": 197}, "LedgerStorage.export_to_json": {"executed_lines": [219, 221, 227, 228], "summary": {"covered_lines": 4, "num_statements": 4, "percent_covered": 100.0, "percent_covered_display": "100", "missing_lines": 0, "excluded_lines": 0, "percent_statements_covered": 100.0, "percent_statements_covered_display": "100"}, "missing_lines": [], "excluded_lines": [], "start_line": 217}, "LedgerStorage.get_statistics": {"executed_lines": [232, 233, 235, 237, 238, 241, 246, 249, 253, 256, 258, 268], "summary": {"covered_lines": 12, "num_statements": 12, "percent_covered": 100.0, "percent_covered_display": "100", "missing_lines": 0, "excluded_lines": 0, "percent_statements_covered": 100.0, "percent_statements_covered_display": "100"}, "missing_lines": [], "excluded_lines": [], "start_line": 230}, "": {"executed_lines": [8, 9, 10, 11, 12, 14, 17, 28, 33, 72, 102, 137, 172, 183, 197, 217, 230], "summary": {"covered_lines": 17, "num_statements": 17, "percent_covered": 100.0, "percent_covered_display": "100", "missing_lines": 0, "excluded_lines": 0, "percent_statements_covered": 100.0, "percent_statements_covered_display": "100"}, "missing_lines": [], "excluded_lines": [], "start_line": 1}}, "classes": {"LedgerStorage": {"executed_lines": [30, 31, 35, 36, 39, 52, 56, 61, 69, 70, 74, 75, 77, 78, 93, 98, 100, 104, 105, 107, 108, 114, 115, 116, 119, 128, 129, 131, 133, 135, 139, 140, 142, 143, 150, 151, 152, 154, 163, 164, 166, 168, 170, 174, 175, 177, 178, 179, 181, 185, 186, 188, 189, 192, 193, 195, 199, 201, 202, 205, 206, 207, 211, 212, 213, 215, 219, 221, 227, 228, 232, 233, 235, 237, 238, 241, 246, 249, 253, 256, 258, 268], "summary": {"covered_lines": 82, "num_statements": 83, "percent_covered": 98.79518072289157, "percent_covered_display": "99", "missing_lines": 1, "excluded_lines": 0, "percent_statements_covered": 98.79518072289157, "percent_statements_covered_display": "99"}, "missing_lines": [208], "excluded_lines": [], "start_line": 17}, "": {"executed_lines": [8, 9, 10, 11, 12, 14, 17, 28, 33, 72, 102, 137, 172, 183, 197, 217, 230], "summary": {"covered_lines": 17, "num_statements": 17, "percent_covered": 100.0, "percent_covered_display": "100", "missing_lines": 0, "excluded_lines": 0, "percent_statements_covered": 100.0, "percent_statements_covered_display": "100"}, "missing_lines": [], "excluded_lines": [], "start_line": 1}}}, "src/lexecon/tools/__init__.py": {"executed_lines": [], "summary": {"covered_lines": 0, "num_statements": 0, "percent_covered": 100.0, "percent_covered_display": "100", "missing_lines": 0, "excluded_lines": 0, "percent_statements_covered": 100.0, "percent_statements_covered_display": "100"}, "missing_lines": [], "excluded_lines": [], "functions": {"": {"executed_lines": [], "summary": {"covered_lines": 0, "num_statements": 0, "percent_covered": 100.0, "percent_covered_display": "100", "missing_lines": 0, "excluded_lines": 0, "percent_statements_covered": 100.0, "percent_statements_covered_display": "100"}, "missing_lines": [], "excluded_lines": [], "start_line": 1}}, "classes": {"": {"executed_lines": [], "summary": {"covered_lines": 0, "num_statements": 0, "percent_covered": 100.0, "percent_covered_display": "100", "missing_lines": 0, "excluded_lines": 0, "percent_statements_covered": 100.0, "percent_statements_covered_display": "100"}, "missing_lines": [], "excluded_lines": [], "start_line": 1}}}, "src/lexecon/tools/audit_verify.py": {"executed_lines": [8, 9, 10, 11, 12, 13, 16, 18, 21, 24, 25, 26, 27, 28, 30, 37, 39, 47, 48, 49, 50, 51, 59, 60, 62, 64, 65, 67, 69, 70, 71, 73, 74, 75, 76, 77, 81, 83, 84, 85, 86, 87, 88, 89, 91, 92, 93, 94, 95, 96, 100, 109, 110, 111, 114, 115, 117, 120, 125, 127, 130, 134, 141, 142, 143, 144, 147, 149, 150, 152, 153, 154, 183, 185, 186, 188, 192, 195, 198, 212, 227, 235, 254, 256, 258, 259, 260, 261, 262, 264, 266, 267, 268, 269, 271, 272, 273, 274, 276, 277, 278, 279, 280, 281, 282, 284, 287, 333], "summary": {"covered_lines": 108, "num_statements": 172, "percent_covered": 62.7906976744186, "percent_covered_display": "63", "missing_lines": 64, "excluded_lines": 0, "percent_statements_covered": 62.7906976744186, "percent_statements_covered_display": "63"}, "missing_lines": [52, 53, 54, 55, 56, 57, 79, 97, 116, 118, 121, 131, 145, 157, 158, 159, 162, 163, 165, 166, 167, 168, 171, 172, 173, 178, 180, 181, 189, 201, 205, 206, 209, 210, 215, 221, 222, 223, 225, 229, 230, 231, 232, 233, 237, 241, 249, 250, 252, 289, 305, 310, 317, 319, 321, 322, 323, 324, 325, 326, 327, 329, 330, 334], "excluded_lines": [], "functions": {"AuditVerifier.__init__": {"executed_lines": [25, 26, 27, 28], "summary": {"covered_lines": 4, "num_statements": 4, "percent_covered": 100.0, "percent_covered_display": "100", "missing_lines": 0, "excluded_lines": 0, "percent_statements_covered": 100.0, "percent_statements_covered_display": "100"}, "missing_lines": [], "excluded_lines": [], "start_line": 24}, "AuditVerifier.verify": {"executed_lines": [37, 39, 47, 48, 49, 50, 51, 59, 60], "summary": {"covered_lines": 9, "num_statements": 15, "percent_covered": 60.0, "percent_covered_display": "60", "missing_lines": 6, "excluded_lines": 0, "percent_statements_covered": 60.0, "percent_statements_covered_display": "60"}, "missing_lines": [52, 53, 54, 55, 56, 57], "excluded_lines": [], "start_line": 30}, "AuditVerifier._verify_structure": {"executed_lines": [64, 65, 67, 69, 70, 71, 73, 74, 75, 76, 77], "summary": {"covered_lines": 11, "num_statements": 12, "percent_covered": 91.66666666666667, "percent_covered_display": "92", "missing_lines": 1, "excluded_lines": 0, "percent_statements_covered": 91.66666666666667, "percent_statements_covered_display": "92"}, "missing_lines": [79], "excluded_lines": [], "start_line": 62}, "AuditVerifier._verify_manifest": {"executed_lines": [83, 84, 85, 86, 87, 88, 89, 91, 92, 93, 94, 95, 96, 100, 109, 110, 111, 114, 115, 117, 120], "summary": {"covered_lines": 21, "num_statements": 25, "percent_covered": 84.0, "percent_covered_display": "84", "missing_lines": 4, "excluded_lines": 0, "percent_statements_covered": 84.0, "percent_statements_covered_display": "84"}, "missing_lines": [97, 116, 118, 121], "excluded_lines": [], "start_line": 81}, "AuditVerifier._verify_required_sections": {"executed_lines": [127, 130, 134, 141, 142, 143, 144], "summary": {"covered_lines": 7, "num_statements": 9, "percent_covered": 77.77777777777777, "percent_covered_display": "78", "missing_lines": 2, "excluded_lines": 0, "percent_statements_covered": 77.77777777777777, "percent_statements_covered_display": "78"}, "missing_lines": [131, 145], "excluded_lines": [], "start_line": 125}, "AuditVerifier._verify_artifact_checksums": {"executed_lines": [149, 150, 152, 153, 154], "summary": {"covered_lines": 5, "num_statements": 20, "percent_covered": 25.0, "percent_covered_display": "25", "missing_lines": 15, "excluded_lines": 0, "percent_statements_covered": 25.0, "percent_statements_covered_display": "25"}, "missing_lines": [157, 158, 159, 162, 163, 165, 166, 167, 168, 171, 172, 173, 178, 180, 181], "excluded_lines": [], "start_line": 147}, "AuditVerifier._verify_root_checksum": {"executed_lines": [185, 186, 188, 192, 195, 198], "summary": {"covered_lines": 6, "num_statements": 12, "percent_covered": 50.0, "percent_covered_display": "50", "missing_lines": 6, "excluded_lines": 0, "percent_statements_covered": 50.0, "percent_statements_covered_display": "50"}, "missing_lines": [189, 201, 205, 206, 209, 210], "excluded_lines": [], "start_line": 183}, "AuditVerifier._find_artifact_file": {"executed_lines": [], "summary": {"covered_lines": 0, "num_statements": 5, "percent_covered": 0.0, "percent_covered_display": "0", "missing_lines": 5, "excluded_lines": 0, "percent_statements_covered": 0.0, "percent_statements_covered_display": "0"}, "missing_lines": [215, 221, 222, 223, 225], "excluded_lines": [], "start_line": 212}, "AuditVerifier._compute_file_hash": {"executed_lines": [], "summary": {"covered_lines": 0, "num_statements": 5, "percent_covered": 0.0, "percent_covered_display": "0", "missing_lines": 5, "excluded_lines": 0, "percent_statements_covered": 0.0, "percent_statements_covered_display": "0"}, "missing_lines": [229, 230, 231, 232, 233], "excluded_lines": [], "start_line": 227}, "AuditVerifier._compute_root_checksum": {"executed_lines": [], "summary": {"covered_lines": 0, "num_statements": 5, "percent_covered": 0.0, "percent_covered_display": "0", "missing_lines": 5, "excluded_lines": 0, "percent_statements_covered": 0.0, "percent_statements_covered_display": "0"}, "missing_lines": [237, 241, 249, 250, 252], "excluded_lines": [], "start_line": 235}, "AuditVerifier._print_results": {"executed_lines": [256, 258, 259, 260, 261, 262, 264, 266, 267, 268, 269, 271, 272, 273, 274, 276, 277, 278, 279, 280, 281, 282, 284], "summary": {"covered_lines": 23, "num_statements": 23, "percent_covered": 100.0, "percent_covered_display": "100", "missing_lines": 0, "excluded_lines": 0, "percent_statements_covered": 100.0, "percent_statements_covered_display": "100"}, "missing_lines": [], "excluded_lines": [], "start_line": 254}, "main": {"executed_lines": [], "summary": {"covered_lines": 0, "num_statements": 14, "percent_covered": 0.0, "percent_covered_display": "0", "missing_lines": 14, "excluded_lines": 0, "percent_statements_covered": 0.0, "percent_statements_covered_display": "0"}, "missing_lines": [289, 305, 310, 317, 319, 321, 322, 323, 324, 325, 326, 327, 329, 330], "excluded_lines": [], "start_line": 287}, "": {"executed_lines": [8, 9, 10, 11, 12, 13, 16, 18, 21, 24, 30, 62, 81, 125, 147, 183, 212, 227, 235, 254, 287, 333], "summary": {"covered_lines": 22, "num_statements": 23, "percent_covered": 95.65217391304348, "percent_covered_display": "96", "missing_lines": 1, "excluded_lines": 0, "percent_statements_covered": 95.65217391304348, "percent_statements_covered_display": "96"}, "missing_lines": [334], "excluded_lines": [], "start_line": 1}}, "classes": {"AuditVerificationError": {"executed_lines": [], "summary": {"covered_lines": 0, "num_statements": 0, "percent_covered": 100.0, "percent_covered_display": "100", "missing_lines": 0, "excluded_lines": 0, "percent_statements_covered": 100.0, "percent_statements_covered_display": "100"}, "missing_lines": [], "excluded_lines": [], "start_line": 16}, "AuditVerifier": {"executed_lines": [25, 26, 27, 28, 37, 39, 47, 48, 49, 50, 51, 59, 60, 64, 65, 67, 69, 70, 71, 73, 74, 75, 76, 77, 83, 84, 85, 86, 87, 88, 89, 91, 92, 93, 94, 95, 96, 100, 109, 110, 111, 114, 115, 117, 120, 127, 130, 134, 141, 142, 143, 144, 149, 150, 152, 153, 154, 185, 186, 188, 192, 195, 198, 256, 258, 259, 260, 261, 262, 264, 266, 267, 268, 269, 271, 272, 273, 274, 276, 277, 278, 279, 280, 281, 282, 284], "summary": {"covered_lines": 86, "num_statements": 135, "percent_covered": 63.7037037037037, "percent_covered_display": "64", "missing_lines": 49, "excluded_lines": 0, "percent_statements_covered": 63.7037037037037, "percent_statements_covered_display": "64"}, "missing_lines": [52, 53, 54, 55, 56, 57, 79, 97, 116, 118, 121, 131, 145, 157, 158, 159, 162, 163, 165, 166, 167, 168, 171, 172, 173, 178, 180, 181, 189, 201, 205, 206, 209, 210, 215, 221, 222, 223, 225, 229, 230, 231, 232, 233, 237, 241, 249, 250, 252], "excluded_lines": [], "start_line": 21}, "": {"executed_lines": [8, 9, 10, 11, 12, 13, 16, 18, 21, 24, 30, 62, 81, 125, 147, 183, 212, 227, 235, 254, 287, 333], "summary": {"covered_lines": 22, "num_statements": 37, "percent_covered": 59.45945945945946, "percent_covered_display": "59", "missing_lines": 15, "excluded_lines": 0, "percent_statements_covered": 59.45945945945946, "percent_statements_covered_display": "59"}, "missing_lines": [289, 305, 310, 317, 319, 321, 322, 323, 324, 325, 326, 327, 329, 330, 334], "excluded_lines": [], "start_line": 1}}}}, "totals": {"covered_lines": 4045, "num_statements": 5009, "percent_covered": 80.75464164503893, "percent_covered_display": "81", "missing_lines": 964, "excluded_lines": 1, "percent_statements_covered": 80.75464164503893, "percent_statements_covered_display": "81"}}