{"meta": {"format": 3, "version": "7.10.7", "timestamp": "2026-01-05T06:43:33.589816", "branch_coverage": false, "show_contexts": false}, "files": {"src/lexecon/__init__.py": {"executed_lines": [1, 7, 8, 10, 11, 12, 13, 14, 15, 16, 18], "summary": {"covered_lines": 10, "num_statements": 10, "percent_covered": 100.0, "percent_covered_display": "100", "missing_lines": 0, "excluded_lines": 0}, "missing_lines": [], "excluded_lines": [], "functions": {"": {"executed_lines": [1, 7, 8, 10, 11, 12, 13, 14, 15, 16, 18], "summary": {"covered_lines": 10, "num_statements": 10, "percent_covered": 100.0, "percent_covered_display": "100", "missing_lines": 0, "excluded_lines": 0}, "missing_lines": [], "excluded_lines": []}}, "classes": {"": {"executed_lines": [1, 7, 8, 10, 11, 12, 13, 14, 15, 16, 18], "summary": {"covered_lines": 10, "num_statements": 10, "percent_covered": 100.0, "percent_covered_display": "100", "missing_lines": 0, "excluded_lines": 0}, "missing_lines": [], "excluded_lines": []}}}, "src/lexecon/api/__init__.py": {"executed_lines": [1], "summary": {"covered_lines": 0, "num_statements": 0, "percent_covered": 100.0, "percent_covered_display": "100", "missing_lines": 0, "excluded_lines": 0}, "missing_lines": [], "excluded_lines": [], "functions": {"": {"executed_lines": [], "summary": {"covered_lines": 0, "num_statements": 0, "percent_covered": 100.0, "percent_covered_display": "100", "missing_lines": 0, "excluded_lines": 0}, "missing_lines": [], "excluded_lines": []}}, "classes": {"": {"executed_lines": [], "summary": {"covered_lines": 0, "num_statements": 0, "percent_covered": 100.0, "percent_covered_display": "100", "missing_lines": 0, "excluded_lines": 0}, "missing_lines": [], "excluded_lines": []}}}, "src/lexecon/api/server.py": {"executed_lines": [1, 8, 9, 10, 11, 12, 13, 15, 16, 17, 18, 19, 21, 22, 23, 24, 25, 26, 31, 34, 35, 36, 39, 40, 41, 42, 43, 49, 56, 57, 73, 79, 80, 82, 83, 84, 85, 86, 87, 88, 89, 90, 91, 94, 95, 98, 100, 101, 102, 103, 104, 105, 108, 109, 111, 112, 113, 114, 115, 116, 117, 120, 121, 123, 124, 125, 126, 129, 130, 132, 133, 134, 135, 136, 137, 138, 139, 143, 144, 145, 146, 149, 150, 151, 152, 153, 154, 157, 158, 159, 160, 161, 162, 163, 166, 167, 169, 170, 171, 172, 173, 176, 177, 178, 179, 180, 181, 184, 185, 191, 192, 193, 194, 195, 196, 197, 198, 201, 202, 203, 204, 205, 209, 210, 211, 212, 213, 214, 215, 216, 219, 220, 221, 222, 223, 227, 228, 229, 230, 231, 232, 233, 234, 235, 236, 237, 241, 242, 243, 244, 245, 246, 247, 248, 249, 250, 251, 254, 255, 256, 259, 260, 261, 262, 263, 268, 269, 270, 271, 272, 273, 276, 277, 278, 281, 282, 283, 288, 289, 290, 291, 292, 293, 294, 295, 296, 297, 301, 308, 309, 310, 319, 320, 321, 322, 323, 324, 325, 326, 327, 328, 329, 332, 333, 334, 337, 338, 339, 340, 343, 346, 349, 355, 356, 358, 359, 361, 362, 365, 366, 367, 370, 371, 372, 378, 379, 381, 382, 384, 385, 387, 388, 391, 392, 395, 396, 399, 400, 406, 407, 409, 417, 418, 420, 422, 423, 435, 436, 439, 443, 448, 451, 452, 455, 459, 464, 467, 468, 470, 472, 475, 484, 485, 487, 489, 491, 493, 496, 498, 499, 501, 504, 513, 519, 520, 525, 526, 528, 530, 534, 548, 551, 561, 564, 574, 577, 578, 581, 583, 586, 588, 590, 591, 596, 597, 598, 599, 600, 602, 603, 606, 607, 610, 613, 614, 616, 619, 620, 622, 625, 626, 632, 635, 639, 640, 641, 643, 645, 653, 654, 656, 659, 660, 666, 667, 669, 671, 673, 678, 680, 686, 692, 693, 695, 697, 698, 701, 702, 708, 710, 712, 715, 721, 722, 727, 728, 746, 747, 780, 781, 785, 787, 791, 794, 795, 799, 801, 803, 804, 824, 825, 830, 831, 837, 839, 842, 847, 851, 854, 855, 879, 880, 882, 884, 887, 888, 894, 895, 916, 918, 921, 922, 929, 930, 934, 935, 936, 953, 985, 986, 998, 1005, 1011, 1012, 1013, 1030, 1031, 1034, 1035, 1037, 1038, 1040, 1049, 1063, 1064, 1065, 1066, 1067, 1073, 1076, 1091, 1174, 1176, 1179, 1180, 1185, 1191, 1192, 1194, 1196, 1197, 1206, 1207, 1209, 1211, 1218, 1219, 1221, 1223, 1229, 1230, 1232, 1234, 1240, 1241, 1243, 1246, 1247, 1249, 1252, 1253, 1264, 1265, 1304, 1305, 1317, 1318, 1345, 1346, 1348, 1349, 1350, 1382, 1383, 1385, 1386, 1387, 1419, 1420, 1422, 1424, 1431, 1432, 1434, 1447, 1448, 1450, 1451, 1452, 1480, 1481, 1483, 1484, 1485, 1502, 1503, 1505, 1507, 1510, 1512, 1513, 1516, 1523, 1539, 1540, 1545, 1546, 1548, 1550, 1553, 1554, 1555, 1557, 1575, 1576, 1578, 1580, 1583, 1584, 1587, 1607, 1608, 1610, 1612, 1615, 1617, 1620, 1621, 1623, 1632, 1643, 1644, 1649, 1650, 1652, 1654, 1657, 1659, 1662, 1664, 1672, 1673, 1674, 1675, 1679, 1693, 1694, 1696, 1698, 1701, 1702, 1705, 1720, 1721, 1723, 1725, 1728, 1730, 1746, 1747, 1749, 1751, 1756, 1758, 1762, 1763, 1768, 1785, 1786, 1788, 1790, 1793, 1795, 1796, 1797, 1800, 1801, 1806, 1807, 1810, 1822, 1832, 1833, 1838, 1839, 1841, 1843, 1846, 1847, 1850, 1864, 1865, 1867, 1869, 1872, 1874, 1890, 1891, 1893, 1895, 1898, 1899, 1901, 1906, 1907, 1915, 1918, 1919, 1921, 1923, 1929, 1931, 1933, 1938, 1939, 1941, 1943, 1946, 1948, 1950, 1962, 1972, 1973, 1978, 1979, 1981, 1983, 1986, 1988, 1991, 1992, 1994, 1996, 1999, 2000, 2003, 2020, 2021, 2023, 2025, 2028, 2029, 2031, 2033, 2044, 2045, 2047, 2049, 2052, 2054, 2071, 2072, 2074, 2076, 2079, 2081, 2084, 2085, 2087, 2089, 2092, 2093, 2100, 2115, 2116, 2118, 2120, 2123, 2125, 2145, 2146, 2151, 2152, 2158, 2160, 2163, 2164, 2194, 2195, 2200, 2201, 2203, 2205, 2208, 2209, 2231, 2232, 2237, 2238, 2240, 2242, 2245, 2246, 2271, 2272, 2277, 2278, 2320, 2321, 2343, 2344, 2373, 2374, 2392, 2393, 2395, 2397, 2400, 2401, 2403, 2422, 2423, 2425, 2427, 2430, 2431, 2434, 2435, 2437, 2444, 2445, 2508, 2509, 2511, 2513, 2517, 2518, 2523, 2525, 2526, 2527, 2570, 2571, 2576, 2577, 2579, 2581, 2585, 2586, 2587, 2592, 2593, 2594, 2595, 2625, 2626, 2631, 2632, 2634, 2636, 2640, 2641, 2646, 2647, 2648, 2649, 2685, 2686, 2691, 2692, 2776, 2777, 2842, 2843, 2870, 2871, 2873], "summary": {"covered_lines": 725, "num_statements": 1117, "percent_covered": 64.90599820948971, "percent_covered_display": "65", "missing_lines": 392, "excluded_lines": 0}, "missing_lines": [74, 75, 402, 403, 444, 460, 473, 531, 608, 636, 657, 681, 713, 724, 735, 737, 738, 749, 751, 753, 755, 756, 758, 768, 774, 775, 776, 777, 817, 819, 826, 827, 840, 848, 849, 860, 862, 864, 865, 867, 872, 873, 874, 875, 876, 885, 931, 937, 938, 939, 940, 941, 943, 944, 945, 946, 947, 949, 950, 1068, 1069, 1070, 1092, 1094, 1171, 1199, 1250, 1267, 1269, 1275, 1276, 1279, 1282, 1291, 1307, 1308, 1309, 1311, 1312, 1314, 1320, 1321, 1322, 1324, 1325, 1327, 1328, 1329, 1331, 1332, 1333, 1335, 1352, 1353, 1354, 1356, 1357, 1359, 1360, 1368, 1378, 1379, 1389, 1390, 1391, 1393, 1394, 1396, 1398, 1454, 1455, 1456, 1458, 1459, 1461, 1463, 1487, 1488, 1489, 1491, 1493, 1508, 1541, 1542, 1551, 1581, 1585, 1613, 1645, 1646, 1655, 1677, 1687, 1688, 1689, 1690, 1699, 1703, 1726, 1752, 1791, 1802, 1803, 1808, 1834, 1835, 1844, 1848, 1870, 1896, 1924, 1944, 1974, 1975, 1984, 1997, 2001, 2026, 2038, 2039, 2040, 2041, 2050, 2077, 2090, 2107, 2108, 2109, 2110, 2121, 2126, 2128, 2135, 2147, 2148, 2161, 2165, 2167, 2173, 2196, 2197, 2206, 2210, 2212, 2213, 2218, 2233, 2234, 2243, 2248, 2254, 2255, 2261, 2263, 2273, 2274, 2284, 2286, 2287, 2289, 2290, 2292, 2298, 2299, 2305, 2307, 2314, 2315, 2316, 2317, 2323, 2325, 2326, 2328, 2329, 2330, 2332, 2337, 2338, 2339, 2340, 2346, 2348, 2349, 2351, 2352, 2353, 2355, 2367, 2368, 2369, 2370, 2376, 2378, 2379, 2381, 2382, 2383, 2385, 2386, 2387, 2388, 2389, 2398, 2418, 2419, 2428, 2438, 2439, 2447, 2449, 2450, 2453, 2454, 2455, 2456, 2457, 2459, 2461, 2462, 2465, 2466, 2467, 2468, 2469, 2471, 2472, 2473, 2474, 2475, 2478, 2489, 2502, 2503, 2504, 2505, 2514, 2519, 2520, 2521, 2530, 2531, 2532, 2535, 2546, 2554, 2572, 2573, 2582, 2588, 2589, 2590, 2597, 2618, 2619, 2622, 2624, 2627, 2628, 2637, 2642, 2643, 2644, 2652, 2661, 2667, 2674, 2675, 2676, 2677, 2678, 2680, 2687, 2688, 2701, 2703, 2704, 2707, 2708, 2709, 2710, 2711, 2712, 2714, 2716, 2717, 2720, 2723, 2724, 2725, 2726, 2727, 2728, 2730, 2731, 2732, 2733, 2734, 2735, 2737, 2738, 2739, 2740, 2741, 2742, 2743, 2746, 2770, 2771, 2772, 2773, 2783, 2785, 2786, 2789, 2790, 2791, 2792, 2793, 2794, 2796, 2798, 2799, 2802, 2805, 2806, 2807, 2808, 2809, 2810, 2811, 2814, 2817, 2819, 2836, 2837, 2838, 2839, 2845, 2847, 2848, 2851, 2852, 2853, 2854, 2855, 2856, 2858, 2859, 2860, 2861, 2862], "excluded_lines": [], "functions": {"initialize_services": {"executed_lines": [355, 356, 358, 359, 361, 362, 365, 366, 367, 370, 371, 372, 378, 379, 381, 382, 384, 385, 387, 388, 391, 392, 395, 396], "summary": {"covered_lines": 24, "num_statements": 24, "percent_covered": 100.0, "percent_covered_display": "100", "missing_lines": 0, "excluded_lines": 0}, "missing_lines": [], "excluded_lines": []}, "startup_event": {"executed_lines": [], "summary": {"covered_lines": 0, "num_statements": 2, "percent_covered": 0.0, "percent_covered_display": "0", "missing_lines": 2, "excluded_lines": 0}, "missing_lines": [402, 403], "excluded_lines": []}, "health_check": {"executed_lines": [409], "summary": {"covered_lines": 1, "num_statements": 1, "percent_covered": 100.0, "percent_covered_display": "100", "missing_lines": 0, "excluded_lines": 0}, "missing_lines": [], "excluded_lines": []}, "get_status": {"executed_lines": [420, 422, 423], "summary": {"covered_lines": 3, "num_statements": 3, "percent_covered": 100.0, "percent_covered_display": "100", "missing_lines": 0, "excluded_lines": 0}, "missing_lines": [], "excluded_lines": []}, "serve_dashboard": {"executed_lines": [439, 443, 448], "summary": {"covered_lines": 3, "num_statements": 4, "percent_covered": 75.0, "percent_covered_display": "75", "missing_lines": 1, "excluded_lines": 0}, "missing_lines": [444], "excluded_lines": []}, "serve_governance_dashboard": {"executed_lines": [455, 459, 464], "summary": {"covered_lines": 3, "num_statements": 4, "percent_covered": 75.0, "percent_covered_display": "75", "missing_lines": 1, "excluded_lines": 0}, "missing_lines": [460], "excluded_lines": []}, "list_policies": {"executed_lines": [470, 472, 475], "summary": {"covered_lines": 3, "num_statements": 4, "percent_covered": 75.0, "percent_covered_display": "75", "missing_lines": 1, "excluded_lines": 0}, "missing_lines": [473], "excluded_lines": []}, "load_policy": {"executed_lines": [487, 489, 491, 493, 496, 498, 499, 501, 504, 513, 519, 520], "summary": {"covered_lines": 12, "num_statements": 12, "percent_covered": 100.0, "percent_covered_display": "100", "missing_lines": 0, "excluded_lines": 0}, "missing_lines": [], "excluded_lines": []}, "make_decision": {"executed_lines": [528, 530, 534, 548, 551, 561, 564, 574], "summary": {"covered_lines": 8, "num_statements": 9, "percent_covered": 88.88888888888889, "percent_covered_display": "89", "missing_lines": 1, "excluded_lines": 0}, "missing_lines": [531], "excluded_lines": []}, "verify_decision": {"executed_lines": [581, 583, 586, 588, 590, 591, 596, 597, 598, 599, 600, 602, 603, 606, 607, 610], "summary": {"covered_lines": 16, "num_statements": 17, "percent_covered": 94.11764705882354, "percent_covered_display": "94", "missing_lines": 1, "excluded_lines": 0}, "missing_lines": [608], "excluded_lines": []}, "verify_ledger": {"executed_lines": [616], "summary": {"covered_lines": 1, "num_statements": 1, "percent_covered": 100.0, "percent_covered_display": "100", "missing_lines": 0, "excluded_lines": 0}, "missing_lines": [], "excluded_lines": []}, "get_audit_report": {"executed_lines": [622], "summary": {"covered_lines": 1, "num_statements": 1, "percent_covered": 100.0, "percent_covered_display": "100", "missing_lines": 0, "excluded_lines": 0}, "missing_lines": [], "excluded_lines": []}, "get_ledger_entries": {"executed_lines": [632, 635, 639, 640, 641, 643, 645], "summary": {"covered_lines": 7, "num_statements": 8, "percent_covered": 87.5, "percent_covered_display": "88", "missing_lines": 1, "excluded_lines": 0}, "missing_lines": [636], "excluded_lines": []}, "get_storage_statistics": {"executed_lines": [656, 659, 660], "summary": {"covered_lines": 3, "num_statements": 4, "percent_covered": 75.0, "percent_covered_display": "75", "missing_lines": 1, "excluded_lines": 0}, "missing_lines": [657], "excluded_lines": []}, "generate_article_11_documentation": {"executed_lines": [669, 671, 673, 678, 680, 686], "summary": {"covered_lines": 6, "num_statements": 7, "percent_covered": 85.71428571428571, "percent_covered_display": "86", "missing_lines": 1, "excluded_lines": 0}, "missing_lines": [681], "excluded_lines": []}, "get_retention_status": {"executed_lines": [695, 697, 698], "summary": {"covered_lines": 3, "num_statements": 3, "percent_covered": 100.0, "percent_covered_display": "100", "missing_lines": 0, "excluded_lines": 0}, "missing_lines": [], "excluded_lines": []}, "generate_regulatory_package": {"executed_lines": [708, 710, 712, 715, 721, 722], "summary": {"covered_lines": 6, "num_statements": 8, "percent_covered": 75.0, "percent_covered_display": "75", "missing_lines": 2, "excluded_lines": 0}, "missing_lines": [713, 724], "excluded_lines": []}, "apply_legal_hold": {"executed_lines": [], "summary": {"covered_lines": 0, "num_statements": 3, "percent_covered": 0.0, "percent_covered_display": "0", "missing_lines": 3, "excluded_lines": 0}, "missing_lines": [735, 737, 738], "excluded_lines": []}, "log_human_intervention": {"executed_lines": [], "summary": {"covered_lines": 0, "num_statements": 11, "percent_covered": 0.0, "percent_covered_display": "0", "missing_lines": 11, "excluded_lines": 0}, "missing_lines": [749, 751, 753, 755, 756, 758, 768, 774, 775, 776, 777], "excluded_lines": []}, "get_oversight_effectiveness": {"executed_lines": [785, 787, 791], "summary": {"covered_lines": 3, "num_statements": 3, "percent_covered": 100.0, "percent_covered_display": "100", "missing_lines": 0, "excluded_lines": 0}, "missing_lines": [], "excluded_lines": []}, "verify_intervention": {"executed_lines": [799, 801, 803, 804, 824, 825], "summary": {"covered_lines": 6, "num_statements": 10, "percent_covered": 60.0, "percent_covered_display": "60", "missing_lines": 4, "excluded_lines": 0}, "missing_lines": [817, 819, 826, 827], "excluded_lines": []}, "get_evidence_package": {"executed_lines": [837, 839, 842, 847, 851], "summary": {"covered_lines": 5, "num_statements": 8, "percent_covered": 62.5, "percent_covered_display": "62", "missing_lines": 3, "excluded_lines": 0}, "missing_lines": [840, 848, 849], "excluded_lines": []}, "simulate_escalation": {"executed_lines": [], "summary": {"covered_lines": 0, "num_statements": 10, "percent_covered": 0.0, "percent_covered_display": "0", "missing_lines": 10, "excluded_lines": 0}, "missing_lines": [860, 862, 864, 865, 867, 872, 873, 874, 875, 876], "excluded_lines": []}, "get_intervention_storage_stats": {"executed_lines": [882, 884, 887, 888], "summary": {"covered_lines": 4, "num_statements": 5, "percent_covered": 80.0, "percent_covered_display": "80", "missing_lines": 1, "excluded_lines": 0}, "missing_lines": [885], "excluded_lines": []}, "generate_audit_packet": {"executed_lines": [916, 918, 921, 922, 929, 930, 934, 953, 985, 986, 998, 1005, 1011, 1012, 1013, 1030, 1031, 1034, 1035, 1037, 1038, 1040, 1049, 1063, 1064, 1065, 1066, 1067, 1073, 1076, 1091, 1174, 1176], "summary": {"covered_lines": 33, "num_statements": 40, "percent_covered": 82.5, "percent_covered_display": "82", "missing_lines": 7, "excluded_lines": 0}, "missing_lines": [931, 1068, 1069, 1070, 1092, 1094, 1171], "excluded_lines": []}, "generate_audit_packet.filter_by_time": {"executed_lines": [935, 936], "summary": {"covered_lines": 2, "num_statements": 14, "percent_covered": 14.285714285714286, "percent_covered_display": "14", "missing_lines": 12, "excluded_lines": 0}, "missing_lines": [937, 938, 939, 940, 941, 943, 944, 945, 946, 947, 949, 950], "excluded_lines": []}, "get_accountability_report": {"executed_lines": [1185], "summary": {"covered_lines": 1, "num_statements": 1, "percent_covered": 100.0, "percent_covered_display": "100", "missing_lines": 0, "excluded_lines": 0}, "missing_lines": [], "excluded_lines": []}, "get_responsibility_chain": {"executed_lines": [1194, 1196, 1197], "summary": {"covered_lines": 3, "num_statements": 4, "percent_covered": 75.0, "percent_covered_display": "75", "missing_lines": 1, "excluded_lines": 0}, "missing_lines": [1199], "excluded_lines": []}, "get_by_party": {"executed_lines": [1209, 1211], "summary": {"covered_lines": 2, "num_statements": 2, "percent_covered": 100.0, "percent_covered_display": "100", "missing_lines": 0, "excluded_lines": 0}, "missing_lines": [], "excluded_lines": []}, "get_ai_overrides": {"executed_lines": [1221, 1223], "summary": {"covered_lines": 2, "num_statements": 2, "percent_covered": 100.0, "percent_covered_display": "100", "missing_lines": 0, "excluded_lines": 0}, "missing_lines": [], "excluded_lines": []}, "get_pending_reviews": {"executed_lines": [1232, 1234], "summary": {"covered_lines": 2, "num_statements": 2, "percent_covered": 100.0, "percent_covered_display": "100", "missing_lines": 0, "excluded_lines": 0}, "missing_lines": [], "excluded_lines": []}, "get_legal_export": {"executed_lines": [1243], "summary": {"covered_lines": 1, "num_statements": 1, "percent_covered": 100.0, "percent_covered_display": "100", "missing_lines": 0, "excluded_lines": 0}, "missing_lines": [], "excluded_lines": []}, "get_responsibility_storage_stats": {"executed_lines": [1249, 1252, 1253], "summary": {"covered_lines": 3, "num_statements": 4, "percent_covered": 75.0, "percent_covered_display": "75", "missing_lines": 1, "excluded_lines": 0}, "missing_lines": [1250], "excluded_lines": []}, "login": {"executed_lines": [], "summary": {"covered_lines": 0, "num_statements": 7, "percent_covered": 0.0, "percent_covered_display": "0", "missing_lines": 7, "excluded_lines": 0}, "missing_lines": [1267, 1269, 1275, 1276, 1279, 1282, 1291], "excluded_lines": []}, "logout": {"executed_lines": [], "summary": {"covered_lines": 0, "num_statements": 6, "percent_covered": 0.0, "percent_covered_display": "0", "missing_lines": 6, "excluded_lines": 0}, "missing_lines": [1307, 1308, 1309, 1311, 1312, 1314], "excluded_lines": []}, "get_current_user_info": {"executed_lines": [], "summary": {"covered_lines": 0, "num_statements": 12, "percent_covered": 0.0, "percent_covered_display": "0", "missing_lines": 12, "excluded_lines": 0}, "missing_lines": [1320, 1321, 1322, 1324, 1325, 1327, 1328, 1329, 1331, 1332, 1333, 1335], "excluded_lines": []}, "create_user": {"executed_lines": [1348, 1349, 1350], "summary": {"covered_lines": 3, "num_statements": 13, "percent_covered": 23.076923076923077, "percent_covered_display": "23", "missing_lines": 10, "excluded_lines": 0}, "missing_lines": [1352, 1353, 1354, 1356, 1357, 1359, 1360, 1368, 1378, 1379], "excluded_lines": []}, "list_users": {"executed_lines": [1385, 1386, 1387], "summary": {"covered_lines": 3, "num_statements": 10, "percent_covered": 30.0, "percent_covered_display": "30", "missing_lines": 7, "excluded_lines": 0}, "missing_lines": [1389, 1390, 1391, 1393, 1394, 1396, 1398], "excluded_lines": []}, "verify_signature": {"executed_lines": [1422, 1424], "summary": {"covered_lines": 2, "num_statements": 2, "percent_covered": 100.0, "percent_covered_display": "100", "missing_lines": 0, "excluded_lines": 0}, "missing_lines": [], "excluded_lines": []}, "get_public_key": {"executed_lines": [1434], "summary": {"covered_lines": 1, "num_statements": 1, "percent_covered": 100.0, "percent_covered_display": "100", "missing_lines": 0, "excluded_lines": 0}, "missing_lines": [], "excluded_lines": []}, "list_export_requests": {"executed_lines": [1450, 1451, 1452], "summary": {"covered_lines": 3, "num_statements": 10, "percent_covered": 30.0, "percent_covered_display": "30", "missing_lines": 7, "excluded_lines": 0}, "missing_lines": [1454, 1455, 1456, 1458, 1459, 1461, 1463], "excluded_lines": []}, "verify_audit_chain": {"executed_lines": [1483, 1484, 1485], "summary": {"covered_lines": 3, "num_statements": 8, "percent_covered": 37.5, "percent_covered_display": "38", "missing_lines": 5, "excluded_lines": 0}, "missing_lines": [1487, 1488, 1489, 1491, 1493], "excluded_lines": []}, "assess_risk": {"executed_lines": [1505, 1507, 1510, 1512, 1513, 1516, 1523, 1539, 1540], "summary": {"covered_lines": 9, "num_statements": 12, "percent_covered": 75.0, "percent_covered_display": "75", "missing_lines": 3, "excluded_lines": 0}, "missing_lines": [1508, 1541, 1542], "excluded_lines": []}, "get_risk": {"executed_lines": [1548, 1550, 1553, 1554, 1555, 1557], "summary": {"covered_lines": 6, "num_statements": 7, "percent_covered": 85.71428571428571, "percent_covered_display": "86", "missing_lines": 1, "excluded_lines": 0}, "missing_lines": [1551], "excluded_lines": []}, "get_risk_for_decision": {"executed_lines": [1578, 1580, 1583, 1584, 1587], "summary": {"covered_lines": 5, "num_statements": 7, "percent_covered": 71.42857142857143, "percent_covered_display": "71", "missing_lines": 2, "excluded_lines": 0}, "missing_lines": [1581, 1585], "excluded_lines": []}, "create_escalation": {"executed_lines": [1610, 1612, 1615, 1617, 1620, 1621, 1623, 1632, 1643, 1644], "summary": {"covered_lines": 10, "num_statements": 13, "percent_covered": 76.92307692307692, "percent_covered_display": "77", "missing_lines": 3, "excluded_lines": 0}, "missing_lines": [1613, 1645, 1646], "excluded_lines": []}, "resolve_escalation": {"executed_lines": [1652, 1654, 1657, 1659, 1662, 1664, 1672, 1673, 1674, 1675, 1679], "summary": {"covered_lines": 11, "num_statements": 17, "percent_covered": 64.70588235294117, "percent_covered_display": "65", "missing_lines": 6, "excluded_lines": 0}, "missing_lines": [1655, 1677, 1687, 1688, 1689, 1690], "excluded_lines": []}, "get_escalation": {"executed_lines": [1696, 1698, 1701, 1702, 1705], "summary": {"covered_lines": 5, "num_statements": 7, "percent_covered": 71.42857142857143, "percent_covered_display": "71", "missing_lines": 2, "excluded_lines": 0}, "missing_lines": [1699, 1703], "excluded_lines": []}, "get_escalations_for_decision": {"executed_lines": [1723, 1725, 1728, 1730], "summary": {"covered_lines": 4, "num_statements": 5, "percent_covered": 80.0, "percent_covered_display": "80", "missing_lines": 1, "excluded_lines": 0}, "missing_lines": [1726], "excluded_lines": []}, "get_sla_violations": {"executed_lines": [1749, 1751, 1756, 1758, 1762, 1763, 1768], "summary": {"covered_lines": 7, "num_statements": 8, "percent_covered": 87.5, "percent_covered_display": "88", "missing_lines": 1, "excluded_lines": 0}, "missing_lines": [1752], "excluded_lines": []}, "create_override": {"executed_lines": [1788, 1790, 1793, 1795, 1796, 1797, 1800, 1801, 1806, 1807, 1810, 1822, 1832, 1833], "summary": {"covered_lines": 14, "num_statements": 20, "percent_covered": 70.0, "percent_covered_display": "70", "missing_lines": 6, "excluded_lines": 0}, "missing_lines": [1791, 1802, 1803, 1808, 1834, 1835], "excluded_lines": []}, "get_override": {"executed_lines": [1841, 1843, 1846, 1847, 1850], "summary": {"covered_lines": 5, "num_statements": 7, "percent_covered": 71.42857142857143, "percent_covered_display": "71", "missing_lines": 2, "excluded_lines": 0}, "missing_lines": [1844, 1848], "excluded_lines": []}, "get_overrides_for_decision": {"executed_lines": [1867, 1869, 1872, 1874], "summary": {"covered_lines": 4, "num_statements": 5, "percent_covered": 80.0, "percent_covered_display": "80", "missing_lines": 1, "excluded_lines": 0}, "missing_lines": [1870], "excluded_lines": []}, "check_active_override": {"executed_lines": [1893, 1895, 1898, 1899, 1901, 1906, 1907, 1915], "summary": {"covered_lines": 8, "num_statements": 9, "percent_covered": 88.88888888888889, "percent_covered_display": "89", "missing_lines": 1, "excluded_lines": 0}, "missing_lines": [1896], "excluded_lines": []}, "get_decision_with_override_status": {"executed_lines": [1921, 1923, 1929, 1931, 1933], "summary": {"covered_lines": 5, "num_statements": 6, "percent_covered": 83.33333333333333, "percent_covered_display": "83", "missing_lines": 1, "excluded_lines": 0}, "missing_lines": [1924], "excluded_lines": []}, "store_evidence_artifact": {"executed_lines": [1941, 1943, 1946, 1948, 1950, 1962, 1972, 1973], "summary": {"covered_lines": 8, "num_statements": 11, "percent_covered": 72.72727272727273, "percent_covered_display": "73", "missing_lines": 3, "excluded_lines": 0}, "missing_lines": [1944, 1974, 1975], "excluded_lines": []}, "get_evidence_statistics": {"executed_lines": [1981, 1983, 1986, 1988], "summary": {"covered_lines": 4, "num_statements": 5, "percent_covered": 80.0, "percent_covered_display": "80", "missing_lines": 1, "excluded_lines": 0}, "missing_lines": [1984], "excluded_lines": []}, "get_evidence_artifact": {"executed_lines": [1994, 1996, 1999, 2000, 2003], "summary": {"covered_lines": 5, "num_statements": 7, "percent_covered": 71.42857142857143, "percent_covered_display": "71", "missing_lines": 2, "excluded_lines": 0}, "missing_lines": [1997, 2001], "excluded_lines": []}, "verify_evidence_artifact": {"executed_lines": [2023, 2025, 2028, 2029, 2031, 2033], "summary": {"covered_lines": 6, "num_statements": 11, "percent_covered": 54.54545454545455, "percent_covered_display": "55", "missing_lines": 5, "excluded_lines": 0}, "missing_lines": [2026, 2038, 2039, 2040, 2041], "excluded_lines": []}, "get_artifacts_for_decision": {"executed_lines": [2047, 2049, 2052, 2054], "summary": {"covered_lines": 4, "num_statements": 5, "percent_covered": 80.0, "percent_covered_display": "80", "missing_lines": 1, "excluded_lines": 0}, "missing_lines": [2050], "excluded_lines": []}, "export_artifact_lineage": {"executed_lines": [2074, 2076, 2079, 2081], "summary": {"covered_lines": 4, "num_statements": 5, "percent_covered": 80.0, "percent_covered_display": "80", "missing_lines": 1, "excluded_lines": 0}, "missing_lines": [2077], "excluded_lines": []}, "sign_evidence_artifact": {"executed_lines": [2087, 2089, 2092, 2093, 2100], "summary": {"covered_lines": 5, "num_statements": 10, "percent_covered": 50.0, "percent_covered_display": "50", "missing_lines": 5, "excluded_lines": 0}, "missing_lines": [2090, 2107, 2108, 2109, 2110], "excluded_lines": []}, "map_primitive_to_controls": {"executed_lines": [2118, 2120, 2123, 2125, 2145, 2146], "summary": {"covered_lines": 6, "num_statements": 12, "percent_covered": 50.0, "percent_covered_display": "50", "missing_lines": 6, "excluded_lines": 0}, "missing_lines": [2121, 2126, 2128, 2135, 2147, 2148], "excluded_lines": []}, "list_compliance_controls": {"executed_lines": [2158, 2160, 2163, 2164, 2194, 2195], "summary": {"covered_lines": 6, "num_statements": 12, "percent_covered": 50.0, "percent_covered_display": "50", "missing_lines": 6, "excluded_lines": 0}, "missing_lines": [2161, 2165, 2167, 2173, 2196, 2197], "excluded_lines": []}, "get_control_status": {"executed_lines": [2203, 2205, 2208, 2209, 2231, 2232], "summary": {"covered_lines": 6, "num_statements": 13, "percent_covered": 46.15384615384615, "percent_covered_display": "46", "missing_lines": 7, "excluded_lines": 0}, "missing_lines": [2206, 2210, 2212, 2213, 2218, 2233, 2234], "excluded_lines": []}, "verify_control": {"executed_lines": [2240, 2242, 2245, 2246, 2271, 2272], "summary": {"covered_lines": 6, "num_statements": 14, "percent_covered": 42.857142857142854, "percent_covered_display": "43", "missing_lines": 8, "excluded_lines": 0}, "missing_lines": [2243, 2248, 2254, 2255, 2261, 2263, 2273, 2274], "excluded_lines": []}, "link_evidence_to_control": {"executed_lines": [], "summary": {"covered_lines": 0, "num_statements": 14, "percent_covered": 0.0, "percent_covered_display": "0", "missing_lines": 14, "excluded_lines": 0}, "missing_lines": [2284, 2286, 2287, 2289, 2290, 2292, 2298, 2299, 2305, 2307, 2314, 2315, 2316, 2317], "excluded_lines": []}, "analyze_compliance_gaps": {"executed_lines": [], "summary": {"covered_lines": 0, "num_statements": 11, "percent_covered": 0.0, "percent_covered_display": "0", "missing_lines": 11, "excluded_lines": 0}, "missing_lines": [2323, 2325, 2326, 2328, 2329, 2330, 2332, 2337, 2338, 2339, 2340], "excluded_lines": []}, "generate_compliance_report": {"executed_lines": [], "summary": {"covered_lines": 0, "num_statements": 11, "percent_covered": 0.0, "percent_covered_display": "0", "missing_lines": 11, "excluded_lines": 0}, "missing_lines": [2346, 2348, 2349, 2351, 2352, 2353, 2355, 2367, 2368, 2369, 2370], "excluded_lines": []}, "get_framework_coverage": {"executed_lines": [], "summary": {"covered_lines": 0, "num_statements": 11, "percent_covered": 0.0, "percent_covered_display": "0", "missing_lines": 11, "excluded_lines": 0}, "missing_lines": [2376, 2378, 2379, 2381, 2382, 2383, 2385, 2386, 2387, 2388, 2389], "excluded_lines": []}, "get_primitive_mappings": {"executed_lines": [2395, 2397, 2400, 2401, 2403], "summary": {"covered_lines": 5, "num_statements": 8, "percent_covered": 62.5, "percent_covered_display": "62", "missing_lines": 3, "excluded_lines": 0}, "missing_lines": [2398, 2418, 2419], "excluded_lines": []}, "get_compliance_statistics": {"executed_lines": [2425, 2427, 2430, 2431, 2434, 2435, 2437], "summary": {"covered_lines": 7, "num_statements": 10, "percent_covered": 70.0, "percent_covered_display": "70", "missing_lines": 3, "excluded_lines": 0}, "missing_lines": [2428, 2438, 2439], "excluded_lines": []}, "create_audit_export_request": {"executed_lines": [], "summary": {"covered_lines": 0, "num_statements": 27, "percent_covered": 0.0, "percent_covered_display": "0", "missing_lines": 27, "excluded_lines": 0}, "missing_lines": [2447, 2449, 2450, 2453, 2454, 2455, 2456, 2457, 2459, 2461, 2462, 2465, 2466, 2467, 2468, 2469, 2471, 2472, 2473, 2474, 2475, 2478, 2489, 2502, 2503, 2504, 2505], "excluded_lines": []}, "generate_audit_export": {"executed_lines": [2511, 2513, 2517, 2518, 2523, 2525, 2526, 2527, 2570, 2571], "summary": {"covered_lines": 10, "num_statements": 22, "percent_covered": 45.45454545454545, "percent_covered_display": "45", "missing_lines": 12, "excluded_lines": 0}, "missing_lines": [2514, 2519, 2520, 2521, 2530, 2531, 2532, 2535, 2546, 2554, 2572, 2573], "excluded_lines": []}, "get_audit_export": {"executed_lines": [2579, 2581, 2585, 2586, 2587, 2592, 2593, 2594, 2595, 2625, 2626], "summary": {"covered_lines": 11, "num_statements": 22, "percent_covered": 50.0, "percent_covered_display": "50", "missing_lines": 11, "excluded_lines": 0}, "missing_lines": [2582, 2588, 2589, 2590, 2597, 2618, 2619, 2622, 2624, 2627, 2628], "excluded_lines": []}, "download_audit_export": {"executed_lines": [2634, 2636, 2640, 2641, 2646, 2647, 2648, 2649, 2685, 2686], "summary": {"covered_lines": 10, "num_statements": 25, "percent_covered": 40.0, "percent_covered_display": "40", "missing_lines": 15, "excluded_lines": 0}, "missing_lines": [2637, 2642, 2643, 2644, 2652, 2661, 2667, 2674, 2675, 2676, 2677, 2678, 2680, 2687, 2688], "excluded_lines": []}, "list_audit_exports": {"executed_lines": [], "summary": {"covered_lines": 0, "num_statements": 37, "percent_covered": 0.0, "percent_covered_display": "0", "missing_lines": 37, "excluded_lines": 0}, "missing_lines": [2701, 2703, 2704, 2707, 2708, 2709, 2710, 2711, 2712, 2714, 2716, 2717, 2720, 2723, 2724, 2725, 2726, 2727, 2728, 2730, 2731, 2732, 2733, 2734, 2735, 2737, 2738, 2739, 2740, 2741, 2742, 2743, 2746, 2770, 2771, 2772, 2773], "excluded_lines": []}, "list_audit_export_requests": {"executed_lines": [], "summary": {"covered_lines": 0, "num_statements": 27, "percent_covered": 0.0, "percent_covered_display": "0", "missing_lines": 27, "excluded_lines": 0}, "missing_lines": [2783, 2785, 2786, 2789, 2790, 2791, 2792, 2793, 2794, 2796, 2798, 2799, 2802, 2805, 2806, 2807, 2808, 2809, 2810, 2811, 2814, 2817, 2819, 2836, 2837, 2838, 2839], "excluded_lines": []}, "get_audit_export_statistics": {"executed_lines": [], "summary": {"covered_lines": 0, "num_statements": 14, "percent_covered": 0.0, "percent_covered_display": "0", "missing_lines": 14, "excluded_lines": 0}, "missing_lines": [2845, 2847, 2848, 2851, 2852, 2853, 2854, 2855, 2856, 2858, 2859, 2860, 2861, 2862], "excluded_lines": []}, "root": {"executed_lines": [2873], "summary": {"covered_lines": 1, "num_statements": 1, "percent_covered": 100.0, "percent_covered_display": "100", "missing_lines": 0, "excluded_lines": 0}, "missing_lines": [], "excluded_lines": []}, "": {"executed_lines": [1, 8, 9, 10, 11, 12, 13, 15, 16, 17, 18, 19, 21, 22, 23, 24, 25, 26, 31, 34, 35, 36, 39, 40, 41, 42, 43, 49, 56, 57, 73, 79, 80, 82, 83, 84, 85, 86, 87, 88, 89, 90, 91, 94, 95, 98, 100, 101, 102, 103, 104, 105, 108, 109, 111, 112, 113, 114, 115, 116, 117, 120, 121, 123, 124, 125, 126, 129, 130, 132, 133, 134, 135, 136, 137, 138, 139, 143, 144, 145, 146, 149, 150, 151, 152, 153, 154, 157, 158, 159, 160, 161, 162, 163, 166, 167, 169, 170, 171, 172, 173, 176, 177, 178, 179, 180, 181, 184, 185, 191, 192, 193, 194, 195, 196, 197, 198, 201, 202, 203, 204, 205, 209, 210, 211, 212, 213, 214, 215, 216, 219, 220, 221, 222, 223, 227, 228, 229, 230, 231, 232, 233, 234, 235, 236, 237, 241, 242, 243, 244, 245, 246, 247, 248, 249, 250, 251, 254, 255, 256, 259, 260, 261, 262, 263, 268, 269, 270, 271, 272, 273, 276, 277, 278, 281, 282, 283, 288, 289, 290, 291, 292, 293, 294, 295, 296, 297, 301, 308, 309, 310, 319, 320, 321, 322, 323, 324, 325, 326, 327, 328, 329, 332, 333, 334, 337, 338, 339, 340, 343, 346, 349, 399, 400, 406, 407, 417, 418, 435, 436, 451, 452, 467, 468, 484, 485, 525, 526, 577, 578, 613, 614, 619, 620, 625, 626, 653, 654, 666, 667, 692, 693, 701, 702, 727, 728, 746, 747, 780, 781, 794, 795, 830, 831, 854, 855, 879, 880, 894, 895, 1179, 1180, 1191, 1192, 1206, 1207, 1218, 1219, 1229, 1230, 1240, 1241, 1246, 1247, 1264, 1265, 1304, 1305, 1317, 1318, 1345, 1346, 1382, 1383, 1419, 1420, 1431, 1432, 1447, 1448, 1480, 1481, 1502, 1503, 1545, 1546, 1575, 1576, 1607, 1608, 1649, 1650, 1693, 1694, 1720, 1721, 1746, 1747, 1785, 1786, 1838, 1839, 1864, 1865, 1890, 1891, 1918, 1919, 1938, 1939, 1978, 1979, 1991, 1992, 2020, 2021, 2044, 2045, 2071, 2072, 2084, 2085, 2115, 2116, 2151, 2152, 2200, 2201, 2237, 2238, 2277, 2278, 2320, 2321, 2343, 2344, 2373, 2374, 2392, 2393, 2422, 2423, 2444, 2445, 2508, 2509, 2576, 2577, 2631, 2632, 2691, 2692, 2776, 2777, 2842, 2843, 2870, 2871], "summary": {"covered_lines": 346, "num_statements": 348, "percent_covered": 99.42528735632185, "percent_covered_display": "99", "missing_lines": 2, "excluded_lines": 0}, "missing_lines": [74, 75], "excluded_lines": []}}, "classes": {"DecisionRequestModel": {"executed_lines": [], "summary": {"covered_lines": 0, "num_statements": 0, "percent_covered": 100.0, "percent_covered_display": "100", "missing_lines": 0, "excluded_lines": 0}, "missing_lines": [], "excluded_lines": []}, "PolicyLoadModel": {"executed_lines": [], "summary": {"covered_lines": 0, "num_statements": 0, "percent_covered": 100.0, "percent_covered_display": "100", "missing_lines": 0, "excluded_lines": 0}, "missing_lines": [], "excluded_lines": []}, "InterventionModel": {"executed_lines": [], "summary": {"covered_lines": 0, "num_statements": 0, "percent_covered": 100.0, "percent_covered_display": "100", "missing_lines": 0, "excluded_lines": 0}, "missing_lines": [], "excluded_lines": []}, "HealthResponse": {"executed_lines": [], "summary": {"covered_lines": 0, "num_statements": 0, "percent_covered": 100.0, "percent_covered_display": "100", "missing_lines": 0, "excluded_lines": 0}, "missing_lines": [], "excluded_lines": []}, "StatusResponse": {"executed_lines": [], "summary": {"covered_lines": 0, "num_statements": 0, "percent_covered": 100.0, "percent_covered_display": "100", "missing_lines": 0, "excluded_lines": 0}, "missing_lines": [], "excluded_lines": []}, "LoginRequest": {"executed_lines": [], "summary": {"covered_lines": 0, "num_statements": 0, "percent_covered": 100.0, "percent_covered_display": "100", "missing_lines": 0, "excluded_lines": 0}, "missing_lines": [], "excluded_lines": []}, "LoginResponse": {"executed_lines": [], "summary": {"covered_lines": 0, "num_statements": 0, "percent_covered": 100.0, "percent_covered_display": "100", "missing_lines": 0, "excluded_lines": 0}, "missing_lines": [], "excluded_lines": []}, "CreateUserRequest": {"executed_lines": [], "summary": {"covered_lines": 0, "num_statements": 0, "percent_covered": 100.0, "percent_covered_display": "100", "missing_lines": 0, "excluded_lines": 0}, "missing_lines": [], "excluded_lines": []}, "ExportRequestModel": {"executed_lines": [], "summary": {"covered_lines": 0, "num_statements": 0, "percent_covered": 100.0, "percent_covered_display": "100", "missing_lines": 0, "excluded_lines": 0}, "missing_lines": [], "excluded_lines": []}, "RiskDimensionsModel": {"executed_lines": [], "summary": {"covered_lines": 0, "num_statements": 0, "percent_covered": 100.0, "percent_covered_display": "100", "missing_lines": 0, "excluded_lines": 0}, "missing_lines": [], "excluded_lines": []}, "RiskAssessmentRequest": {"executed_lines": [], "summary": {"covered_lines": 0, "num_statements": 0, "percent_covered": 100.0, "percent_covered_display": "100", "missing_lines": 0, "excluded_lines": 0}, "missing_lines": [], "excluded_lines": []}, "EscalationCreateRequest": {"executed_lines": [], "summary": {"covered_lines": 0, "num_statements": 0, "percent_covered": 100.0, "percent_covered_display": "100", "missing_lines": 0, "excluded_lines": 0}, "missing_lines": [], "excluded_lines": []}, "EscalationResolveRequest": {"executed_lines": [], "summary": {"covered_lines": 0, "num_statements": 0, "percent_covered": 100.0, "percent_covered_display": "100", "missing_lines": 0, "excluded_lines": 0}, "missing_lines": [], "excluded_lines": []}, "OverrideCreateRequest": {"executed_lines": [], "summary": {"covered_lines": 0, "num_statements": 0, "percent_covered": 100.0, "percent_covered_display": "100", "missing_lines": 0, "excluded_lines": 0}, "missing_lines": [], "excluded_lines": []}, "EvidenceStoreRequest": {"executed_lines": [], "summary": {"covered_lines": 0, "num_statements": 0, "percent_covered": 100.0, "percent_covered_display": "100", "missing_lines": 0, "excluded_lines": 0}, "missing_lines": [], "excluded_lines": []}, "EvidenceVerifyRequest": {"executed_lines": [], "summary": {"covered_lines": 0, "num_statements": 0, "percent_covered": 100.0, "percent_covered_display": "100", "missing_lines": 0, "excluded_lines": 0}, "missing_lines": [], "excluded_lines": []}, "EvidenceSignRequest": {"executed_lines": [], "summary": {"covered_lines": 0, "num_statements": 0, "percent_covered": 100.0, "percent_covered_display": "100", "missing_lines": 0, "excluded_lines": 0}, "missing_lines": [], "excluded_lines": []}, "ComplianceMappingRequest": {"executed_lines": [], "summary": {"covered_lines": 0, "num_statements": 0, "percent_covered": 100.0, "percent_covered_display": "100", "missing_lines": 0, "excluded_lines": 0}, "missing_lines": [], "excluded_lines": []}, "ComplianceLinkEvidenceRequest": {"executed_lines": [], "summary": {"covered_lines": 0, "num_statements": 0, "percent_covered": 100.0, "percent_covered_display": "100", "missing_lines": 0, "excluded_lines": 0}, "missing_lines": [], "excluded_lines": []}, "ComplianceVerifyControlRequest": {"executed_lines": [], "summary": {"covered_lines": 0, "num_statements": 0, "percent_covered": 100.0, "percent_covered_display": "100", "missing_lines": 0, "excluded_lines": 0}, "missing_lines": [], "excluded_lines": []}, "AuditExportCreateRequest": {"executed_lines": [], "summary": {"covered_lines": 0, "num_statements": 0, "percent_covered": 100.0, "percent_covered_display": "100", "missing_lines": 0, "excluded_lines": 0}, "missing_lines": [], "excluded_lines": []}, "": {"executed_lines": [1, 8, 9, 10, 11, 12, 13, 15, 16, 17, 18, 19, 21, 22, 23, 24, 25, 26, 31, 34, 35, 36, 39, 40, 41, 42, 43, 49, 56, 57, 73, 79, 80, 82, 83, 84, 85, 86, 87, 88, 89, 90, 91, 94, 95, 98, 100, 101, 102, 103, 104, 105, 108, 109, 111, 112, 113, 114, 115, 116, 117, 120, 121, 123, 124, 125, 126, 129, 130, 132, 133, 134, 135, 136, 137, 138, 139, 143, 144, 145, 146, 149, 150, 151, 152, 153, 154, 157, 158, 159, 160, 161, 162, 163, 166, 167, 169, 170, 171, 172, 173, 176, 177, 178, 179, 180, 181, 184, 185, 191, 192, 193, 194, 195, 196, 197, 198, 201, 202, 203, 204, 205, 209, 210, 211, 212, 213, 214, 215, 216, 219, 220, 221, 222, 223, 227, 228, 229, 230, 231, 232, 233, 234, 235, 236, 237, 241, 242, 243, 244, 245, 246, 247, 248, 249, 250, 251, 254, 255, 256, 259, 260, 261, 262, 263, 268, 269, 270, 271, 272, 273, 276, 277, 278, 281, 282, 283, 288, 289, 290, 291, 292, 293, 294, 295, 296, 297, 301, 308, 309, 310, 319, 320, 321, 322, 323, 324, 325, 326, 327, 328, 329, 332, 333, 334, 337, 338, 339, 340, 343, 346, 349, 355, 356, 358, 359, 361, 362, 365, 366, 367, 370, 371, 372, 378, 379, 381, 382, 384, 385, 387, 388, 391, 392, 395, 396, 399, 400, 406, 407, 409, 417, 418, 420, 422, 423, 435, 436, 439, 443, 448, 451, 452, 455, 459, 464, 467, 468, 470, 472, 475, 484, 485, 487, 489, 491, 493, 496, 498, 499, 501, 504, 513, 519, 520, 525, 526, 528, 530, 534, 548, 551, 561, 564, 574, 577, 578, 581, 583, 586, 588, 590, 591, 596, 597, 598, 599, 600, 602, 603, 606, 607, 610, 613, 614, 616, 619, 620, 622, 625, 626, 632, 635, 639, 640, 641, 643, 645, 653, 654, 656, 659, 660, 666, 667, 669, 671, 673, 678, 680, 686, 692, 693, 695, 697, 698, 701, 702, 708, 710, 712, 715, 721, 722, 727, 728, 746, 747, 780, 781, 785, 787, 791, 794, 795, 799, 801, 803, 804, 824, 825, 830, 831, 837, 839, 842, 847, 851, 854, 855, 879, 880, 882, 884, 887, 888, 894, 895, 916, 918, 921, 922, 929, 930, 934, 935, 936, 953, 985, 986, 998, 1005, 1011, 1012, 1013, 1030, 1031, 1034, 1035, 1037, 1038, 1040, 1049, 1063, 1064, 1065, 1066, 1067, 1073, 1076, 1091, 1174, 1176, 1179, 1180, 1185, 1191, 1192, 1194, 1196, 1197, 1206, 1207, 1209, 1211, 1218, 1219, 1221, 1223, 1229, 1230, 1232, 1234, 1240, 1241, 1243, 1246, 1247, 1249, 1252, 1253, 1264, 1265, 1304, 1305, 1317, 1318, 1345, 1346, 1348, 1349, 1350, 1382, 1383, 1385, 1386, 1387, 1419, 1420, 1422, 1424, 1431, 1432, 1434, 1447, 1448, 1450, 1451, 1452, 1480, 1481, 1483, 1484, 1485, 1502, 1503, 1505, 1507, 1510, 1512, 1513, 1516, 1523, 1539, 1540, 1545, 1546, 1548, 1550, 1553, 1554, 1555, 1557, 1575, 1576, 1578, 1580, 1583, 1584, 1587, 1607, 1608, 1610, 1612, 1615, 1617, 1620, 1621, 1623, 1632, 1643, 1644, 1649, 1650, 1652, 1654, 1657, 1659, 1662, 1664, 1672, 1673, 1674, 1675, 1679, 1693, 1694, 1696, 1698, 1701, 1702, 1705, 1720, 1721, 1723, 1725, 1728, 1730, 1746, 1747, 1749, 1751, 1756, 1758, 1762, 1763, 1768, 1785, 1786, 1788, 1790, 1793, 1795, 1796, 1797, 1800, 1801, 1806, 1807, 1810, 1822, 1832, 1833, 1838, 1839, 1841, 1843, 1846, 1847, 1850, 1864, 1865, 1867, 1869, 1872, 1874, 1890, 1891, 1893, 1895, 1898, 1899, 1901, 1906, 1907, 1915, 1918, 1919, 1921, 1923, 1929, 1931, 1933, 1938, 1939, 1941, 1943, 1946, 1948, 1950, 1962, 1972, 1973, 1978, 1979, 1981, 1983, 1986, 1988, 1991, 1992, 1994, 1996, 1999, 2000, 2003, 2020, 2021, 2023, 2025, 2028, 2029, 2031, 2033, 2044, 2045, 2047, 2049, 2052, 2054, 2071, 2072, 2074, 2076, 2079, 2081, 2084, 2085, 2087, 2089, 2092, 2093, 2100, 2115, 2116, 2118, 2120, 2123, 2125, 2145, 2146, 2151, 2152, 2158, 2160, 2163, 2164, 2194, 2195, 2200, 2201, 2203, 2205, 2208, 2209, 2231, 2232, 2237, 2238, 2240, 2242, 2245, 2246, 2271, 2272, 2277, 2278, 2320, 2321, 2343, 2344, 2373, 2374, 2392, 2393, 2395, 2397, 2400, 2401, 2403, 2422, 2423, 2425, 2427, 2430, 2431, 2434, 2435, 2437, 2444, 2445, 2508, 2509, 2511, 2513, 2517, 2518, 2523, 2525, 2526, 2527, 2570, 2571, 2576, 2577, 2579, 2581, 2585, 2586, 2587, 2592, 2593, 2594, 2595, 2625, 2626, 2631, 2632, 2634, 2636, 2640, 2641, 2646, 2647, 2648, 2649, 2685, 2686, 2691, 2692, 2776, 2777, 2842, 2843, 2870, 2871, 2873], "summary": {"covered_lines": 725, "num_statements": 1117, "percent_covered": 64.90599820948971, "percent_covered_display": "65", "missing_lines": 392, "excluded_lines": 0}, "missing_lines": [74, 75, 402, 403, 444, 460, 473, 531, 608, 636, 657, 681, 713, 724, 735, 737, 738, 749, 751, 753, 755, 756, 758, 768, 774, 775, 776, 777, 817, 819, 826, 827, 840, 848, 849, 860, 862, 864, 865, 867, 872, 873, 874, 875, 876, 885, 931, 937, 938, 939, 940, 941, 943, 944, 945, 946, 947, 949, 950, 1068, 1069, 1070, 1092, 1094, 1171, 1199, 1250, 1267, 1269, 1275, 1276, 1279, 1282, 1291, 1307, 1308, 1309, 1311, 1312, 1314, 1320, 1321, 1322, 1324, 1325, 1327, 1328, 1329, 1331, 1332, 1333, 1335, 1352, 1353, 1354, 1356, 1357, 1359, 1360, 1368, 1378, 1379, 1389, 1390, 1391, 1393, 1394, 1396, 1398, 1454, 1455, 1456, 1458, 1459, 1461, 1463, 1487, 1488, 1489, 1491, 1493, 1508, 1541, 1542, 1551, 1581, 1585, 1613, 1645, 1646, 1655, 1677, 1687, 1688, 1689, 1690, 1699, 1703, 1726, 1752, 1791, 1802, 1803, 1808, 1834, 1835, 1844, 1848, 1870, 1896, 1924, 1944, 1974, 1975, 1984, 1997, 2001, 2026, 2038, 2039, 2040, 2041, 2050, 2077, 2090, 2107, 2108, 2109, 2110, 2121, 2126, 2128, 2135, 2147, 2148, 2161, 2165, 2167, 2173, 2196, 2197, 2206, 2210, 2212, 2213, 2218, 2233, 2234, 2243, 2248, 2254, 2255, 2261, 2263, 2273, 2274, 2284, 2286, 2287, 2289, 2290, 2292, 2298, 2299, 2305, 2307, 2314, 2315, 2316, 2317, 2323, 2325, 2326, 2328, 2329, 2330, 2332, 2337, 2338, 2339, 2340, 2346, 2348, 2349, 2351, 2352, 2353, 2355, 2367, 2368, 2369, 2370, 2376, 2378, 2379, 2381, 2382, 2383, 2385, 2386, 2387, 2388, 2389, 2398, 2418, 2419, 2428, 2438, 2439, 2447, 2449, 2450, 2453, 2454, 2455, 2456, 2457, 2459, 2461, 2462, 2465, 2466, 2467, 2468, 2469, 2471, 2472, 2473, 2474, 2475, 2478, 2489, 2502, 2503, 2504, 2505, 2514, 2519, 2520, 2521, 2530, 2531, 2532, 2535, 2546, 2554, 2572, 2573, 2582, 2588, 2589, 2590, 2597, 2618, 2619, 2622, 2624, 2627, 2628, 2637, 2642, 2643, 2644, 2652, 2661, 2667, 2674, 2675, 2676, 2677, 2678, 2680, 2687, 2688, 2701, 2703, 2704, 2707, 2708, 2709, 2710, 2711, 2712, 2714, 2716, 2717, 2720, 2723, 2724, 2725, 2726, 2727, 2728, 2730, 2731, 2732, 2733, 2734, 2735, 2737, 2738, 2739, 2740, 2741, 2742, 2743, 2746, 2770, 2771, 2772, 2773, 2783, 2785, 2786, 2789, 2790, 2791, 2792, 2793, 2794, 2796, 2798, 2799, 2802, 2805, 2806, 2807, 2808, 2809, 2810, 2811, 2814, 2817, 2819, 2836, 2837, 2838, 2839, 2845, 2847, 2848, 2851, 2852, 2853, 2854, 2855, 2856, 2858, 2859, 2860, 2861, 2862], "excluded_lines": []}}}, "src/lexecon/audit_export/__init__.py": {"executed_lines": [1], "summary": {"covered_lines": 0, "num_statements": 0, "percent_covered": 100.0, "percent_covered_display": "100", "missing_lines": 0, "excluded_lines": 0}, "missing_lines": [], "excluded_lines": [], "functions": {"": {"executed_lines": [1], "summary": {"covered_lines": 0, "num_statements": 0, "percent_covered": 100.0, "percent_covered_display": "100", "missing_lines": 0, "excluded_lines": 0}, "missing_lines": [], "excluded_lines": []}}, "classes": {"": {"executed_lines": [1], "summary": {"covered_lines": 0, "num_statements": 0, "percent_covered": 100.0, "percent_covered_display": "100", "missing_lines": 0, "excluded_lines": 0}, "missing_lines": [], "excluded_lines": []}}}, "src/lexecon/audit_export/service.py": {"executed_lines": [1, 14, 15, 16, 17, 18, 19, 20, 21, 22, 25, 26, 27, 28, 29, 30, 33, 34, 35, 36, 37, 38, 39, 40, 41, 44, 45, 46, 47, 48, 49, 52, 53, 54, 55, 56, 57, 58, 59, 60, 61, 62, 63, 64, 65, 66, 69, 70, 71, 72, 73, 74, 75, 76, 77, 78, 79, 80, 81, 82, 85, 86, 87, 88, 89, 90, 91, 92, 93, 94, 95, 96, 97, 100, 101, 108, 110, 111, 113, 140, 142, 154, 155, 157, 182, 185, 201, 202, 203, 206, 207, 208, 211, 212, 213, 216, 217, 218, 221, 222, 223, 226, 227, 228, 231, 232, 235, 238, 241, 254, 255, 257, 259, 266, 269, 271, 273, 275, 278, 295, 297, 304, 307, 309, 311, 313, 316, 327, 328, 329, 331, 333, 336, 338, 340, 347, 350, 352, 354, 356, 359, 372, 374, 381, 384, 386, 388, 390, 393, 408, 410, 412, 418, 420, 421, 422, 423, 425, 441, 443, 450, 453, 454, 455, 458, 459, 460, 461, 466, 468, 471, 479, 481, 483, 492, 493, 494, 495, 496, 498, 500, 502, 503, 504, 505, 506, 507, 508, 510, 512, 513, 514, 515, 516, 517, 518, 519, 523, 525, 527, 529, 532, 533, 534, 538, 539, 540, 547, 550, 568, 585, 587, 589, 592, 593, 594, 595, 596, 597, 598, 601, 602, 603, 604, 605, 606, 607, 608, 609, 610, 611, 614, 615, 616, 617, 618, 619, 620, 621, 622, 623, 626, 638, 649, 651, 653, 654, 655, 656, 657, 658, 659, 660, 661, 662, 663, 666, 667, 668, 671, 672, 673, 674, 675, 676, 677, 678, 679, 680, 682, 683, 684, 686, 688, 690, 696, 698, 699, 702, 704, 706, 708, 709, 710, 712, 713, 714, 715, 717], "summary": {"covered_lines": 281, "num_statements": 327, "percent_covered": 85.93272171253822, "percent_covered_display": "86", "missing_lines": 46, "excluded_lines": 0}, "missing_lines": [274, 276, 312, 314, 330, 332, 334, 355, 357, 389, 391, 462, 463, 467, 469, 521, 551, 552, 556, 557, 558, 565, 569, 570, 574, 575, 576, 583, 627, 628, 629, 630, 631, 632, 633, 634, 635, 639, 640, 641, 642, 643, 644, 645, 646, 647], "excluded_lines": [], "functions": {"AuditExportService.__init__": {"executed_lines": [110, 111], "summary": {"covered_lines": 2, "num_statements": 2, "percent_covered": 100.0, "percent_covered_display": "100", "missing_lines": 0, "excluded_lines": 0}, "missing_lines": [], "excluded_lines": []}, "AuditExportService.create_export_request": {"executed_lines": [140, 142, 154, 155], "summary": {"covered_lines": 4, "num_statements": 4, "percent_covered": 100.0, "percent_covered_display": "100", "missing_lines": 0, "excluded_lines": 0}, "missing_lines": [], "excluded_lines": []}, "AuditExportService.generate_export": {"executed_lines": [182, 185, 201, 202, 203, 206, 207, 208, 211, 212, 213, 216, 217, 218, 221, 222, 223, 226, 227, 228, 231, 232, 235, 238, 241, 254, 255, 257], "summary": {"covered_lines": 28, "num_statements": 28, "percent_covered": 100.0, "percent_covered_display": "100", "missing_lines": 0, "excluded_lines": 0}, "missing_lines": [], "excluded_lines": []}, "AuditExportService._collect_risks": {"executed_lines": [266, 269, 271, 273, 275, 278, 295], "summary": {"covered_lines": 7, "num_statements": 9, "percent_covered": 77.77777777777777, "percent_covered_display": "78", "missing_lines": 2, "excluded_lines": 0}, "missing_lines": [274, 276], "excluded_lines": []}, "AuditExportService._collect_escalations": {"executed_lines": [304, 307, 309, 311, 313, 316, 327, 328, 329, 331, 333, 336, 338], "summary": {"covered_lines": 13, "num_statements": 18, "percent_covered": 72.22222222222223, "percent_covered_display": "72", "missing_lines": 5, "excluded_lines": 0}, "missing_lines": [312, 314, 330, 332, 334], "excluded_lines": []}, "AuditExportService._collect_overrides": {"executed_lines": [347, 350, 352, 354, 356, 359, 372], "summary": {"covered_lines": 7, "num_statements": 9, "percent_covered": 77.77777777777777, "percent_covered_display": "78", "missing_lines": 2, "excluded_lines": 0}, "missing_lines": [355, 357], "excluded_lines": []}, "AuditExportService._collect_evidence": {"executed_lines": [381, 384, 386, 388, 390, 393, 408], "summary": {"covered_lines": 7, "num_statements": 9, "percent_covered": 77.77777777777777, "percent_covered_display": "78", "missing_lines": 2, "excluded_lines": 0}, "missing_lines": [389, 391], "excluded_lines": []}, "AuditExportService._collect_compliance": {"executed_lines": [412, 418, 420, 421, 422, 423, 425, 441], "summary": {"covered_lines": 8, "num_statements": 8, "percent_covered": 100.0, "percent_covered_display": "100", "missing_lines": 0, "excluded_lines": 0}, "missing_lines": [], "excluded_lines": []}, "AuditExportService._collect_decisions": {"executed_lines": [450, 453, 454, 455, 458, 459, 460, 461, 466, 468, 471, 479], "summary": {"covered_lines": 12, "num_statements": 16, "percent_covered": 75.0, "percent_covered_display": "75", "missing_lines": 4, "excluded_lines": 0}, "missing_lines": [462, 463, 467, 469], "excluded_lines": []}, "AuditExportService._calculate_statistics": {"executed_lines": [483, 492, 493, 494, 495, 496, 498], "summary": {"covered_lines": 7, "num_statements": 7, "percent_covered": 100.0, "percent_covered_display": "100", "missing_lines": 0, "excluded_lines": 0}, "missing_lines": [], "excluded_lines": []}, "AuditExportService._count_records": {"executed_lines": [502, 503, 504, 505, 506, 507, 508], "summary": {"covered_lines": 7, "num_statements": 7, "percent_covered": 100.0, "percent_covered_display": "100", "missing_lines": 0, "excluded_lines": 0}, "missing_lines": [], "excluded_lines": []}, "AuditExportService._format_data": {"executed_lines": [512, 513, 514, 515, 516, 517, 518, 519], "summary": {"covered_lines": 8, "num_statements": 9, "percent_covered": 88.88888888888889, "percent_covered_display": "89", "missing_lines": 1, "excluded_lines": 0}, "missing_lines": [521], "excluded_lines": []}, "AuditExportService._format_json": {"executed_lines": [525], "summary": {"covered_lines": 1, "num_statements": 1, "percent_covered": 100.0, "percent_covered_display": "100", "missing_lines": 0, "excluded_lines": 0}, "missing_lines": [], "excluded_lines": []}, "AuditExportService._format_csv": {"executed_lines": [529, 532, 533, 534, 538, 539, 540, 547, 550, 568, 585], "summary": {"covered_lines": 11, "num_statements": 23, "percent_covered": 47.82608695652174, "percent_covered_display": "48", "missing_lines": 12, "excluded_lines": 0}, "missing_lines": [551, 552, 556, 557, 558, 565, 569, 570, 574, 575, 576, 583], "excluded_lines": []}, "AuditExportService._format_markdown": {"executed_lines": [589, 592, 593, 594, 595, 596, 597, 598, 601, 602, 603, 604, 605, 606, 607, 608, 609, 610, 611, 614, 615, 616, 617, 618, 619, 620, 621, 622, 623, 626, 638, 649], "summary": {"covered_lines": 32, "num_statements": 50, "percent_covered": 64.0, "percent_covered_display": "64", "missing_lines": 18, "excluded_lines": 0}, "missing_lines": [627, 628, 629, 630, 631, 632, 633, 634, 635, 639, 640, 641, 642, 643, 644, 645, 646, 647], "excluded_lines": []}, "AuditExportService._format_html": {"executed_lines": [653, 654, 655, 656, 657, 658, 659, 660, 661, 662, 663, 666, 667, 668, 671, 672, 673, 674, 675, 676, 677, 678, 679, 680, 682, 683, 684], "summary": {"covered_lines": 27, "num_statements": 27, "percent_covered": 100.0, "percent_covered_display": "100", "missing_lines": 0, "excluded_lines": 0}, "missing_lines": [], "excluded_lines": []}, "AuditExportService.get_export": {"executed_lines": [688], "summary": {"covered_lines": 1, "num_statements": 1, "percent_covered": 100.0, "percent_covered_display": "100", "missing_lines": 0, "excluded_lines": 0}, "missing_lines": [], "excluded_lines": []}, "AuditExportService.list_exports": {"executed_lines": [696, 698, 699, 702, 704], "summary": {"covered_lines": 5, "num_statements": 5, "percent_covered": 100.0, "percent_covered_display": "100", "missing_lines": 0, "excluded_lines": 0}, "missing_lines": [], "excluded_lines": []}, "AuditExportService.get_export_statistics": {"executed_lines": [708, 709, 710, 712, 713, 714, 715, 717], "summary": {"covered_lines": 8, "num_statements": 8, "percent_covered": 100.0, "percent_covered_display": "100", "missing_lines": 0, "excluded_lines": 0}, "missing_lines": [], "excluded_lines": []}, "": {"executed_lines": [1, 14, 15, 16, 17, 18, 19, 20, 21, 22, 25, 26, 27, 28, 29, 30, 33, 34, 35, 36, 37, 38, 39, 40, 41, 44, 45, 46, 47, 48, 49, 52, 53, 54, 55, 56, 57, 58, 59, 60, 61, 62, 63, 64, 65, 66, 69, 70, 71, 72, 73, 74, 75, 76, 77, 78, 79, 80, 81, 82, 85, 86, 87, 88, 89, 90, 91, 92, 93, 94, 95, 96, 97, 100, 101, 108, 113, 157, 259, 297, 340, 374, 410, 443, 481, 500, 510, 523, 527, 587, 651, 686, 690, 706], "summary": {"covered_lines": 86, "num_statements": 86, "percent_covered": 100.0, "percent_covered_display": "100", "missing_lines": 0, "excluded_lines": 0}, "missing_lines": [], "excluded_lines": []}}, "classes": {"ExportFormat": {"executed_lines": [], "summary": {"covered_lines": 0, "num_statements": 0, "percent_covered": 100.0, "percent_covered_display": "100", "missing_lines": 0, "excluded_lines": 0}, "missing_lines": [], "excluded_lines": []}, "ExportScope": {"executed_lines": [], "summary": {"covered_lines": 0, "num_statements": 0, "percent_covered": 100.0, "percent_covered_display": "100", "missing_lines": 0, "excluded_lines": 0}, "missing_lines": [], "excluded_lines": []}, "ExportStatus": {"executed_lines": [], "summary": {"covered_lines": 0, "num_statements": 0, "percent_covered": 100.0, "percent_covered_display": "100", "missing_lines": 0, "excluded_lines": 0}, "missing_lines": [], "excluded_lines": []}, "ExportRequest": {"executed_lines": [], "summary": {"covered_lines": 0, "num_statements": 0, "percent_covered": 100.0, "percent_covered_display": "100", "missing_lines": 0, "excluded_lines": 0}, "missing_lines": [], "excluded_lines": []}, "ExportPackage": {"executed_lines": [], "summary": {"covered_lines": 0, "num_statements": 0, "percent_covered": 100.0, "percent_covered_display": "100", "missing_lines": 0, "excluded_lines": 0}, "missing_lines": [], "excluded_lines": []}, "ExportStatistics": {"executed_lines": [], "summary": {"covered_lines": 0, "num_statements": 0, "percent_covered": 100.0, "percent_covered_display": "100", "missing_lines": 0, "excluded_lines": 0}, "missing_lines": [], "excluded_lines": []}, "AuditExportService": {"executed_lines": [110, 111, 140, 142, 154, 155, 182, 185, 201, 202, 203, 206, 207, 208, 211, 212, 213, 216, 217, 218, 221, 222, 223, 226, 227, 228, 231, 232, 235, 238, 241, 254, 255, 257, 266, 269, 271, 273, 275, 278, 295, 304, 307, 309, 311, 313, 316, 327, 328, 329, 331, 333, 336, 338, 347, 350, 352, 354, 356, 359, 372, 381, 384, 386, 388, 390, 393, 408, 412, 418, 420, 421, 422, 423, 425, 441, 450, 453, 454, 455, 458, 459, 460, 461, 466, 468, 471, 479, 483, 492, 493, 494, 495, 496, 498, 502, 503, 504, 505, 506, 507, 508, 512, 513, 514, 515, 516, 517, 518, 519, 525, 529, 532, 533, 534, 538, 539, 540, 547, 550, 568, 585, 589, 592, 593, 594, 595, 596, 597, 598, 601, 602, 603, 604, 605, 606, 607, 608, 609, 610, 611, 614, 615, 616, 617, 618, 619, 620, 621, 622, 623, 626, 638, 649, 653, 654, 655, 656, 657, 658, 659, 660, 661, 662, 663, 666, 667, 668, 671, 672, 673, 674, 675, 676, 677, 678, 679, 680, 682, 683, 684, 688, 696, 698, 699, 702, 704, 708, 709, 710, 712, 713, 714, 715, 717], "summary": {"covered_lines": 195, "num_statements": 241, "percent_covered": 80.91286307053942, "percent_covered_display": "81", "missing_lines": 46, "excluded_lines": 0}, "missing_lines": [274, 276, 312, 314, 330, 332, 334, 355, 357, 389, 391, 462, 463, 467, 469, 521, 551, 552, 556, 557, 558, 565, 569, 570, 574, 575, 576, 583, 627, 628, 629, 630, 631, 632, 633, 634, 635, 639, 640, 641, 642, 643, 644, 645, 646, 647], "excluded_lines": []}, "": {"executed_lines": [1, 14, 15, 16, 17, 18, 19, 20, 21, 22, 25, 26, 27, 28, 29, 30, 33, 34, 35, 36, 37, 38, 39, 40, 41, 44, 45, 46, 47, 48, 49, 52, 53, 54, 55, 56, 57, 58, 59, 60, 61, 62, 63, 64, 65, 66, 69, 70, 71, 72, 73, 74, 75, 76, 77, 78, 79, 80, 81, 82, 85, 86, 87, 88, 89, 90, 91, 92, 93, 94, 95, 96, 97, 100, 101, 108, 113, 157, 259, 297, 340, 374, 410, 443, 481, 500, 510, 523, 527, 587, 651, 686, 690, 706], "summary": {"covered_lines": 86, "num_statements": 86, "percent_covered": 100.0, "percent_covered_display": "100", "missing_lines": 0, "excluded_lines": 0}, "missing_lines": [], "excluded_lines": []}}}, "src/lexecon/capability/__init__.py": {"executed_lines": [1], "summary": {"covered_lines": 0, "num_statements": 0, "percent_covered": 100.0, "percent_covered_display": "100", "missing_lines": 0, "excluded_lines": 0}, "missing_lines": [], "excluded_lines": [], "functions": {"": {"executed_lines": [], "summary": {"covered_lines": 0, "num_statements": 0, "percent_covered": 100.0, "percent_covered_display": "100", "missing_lines": 0, "excluded_lines": 0}, "missing_lines": [], "excluded_lines": []}}, "classes": {"": {"executed_lines": [], "summary": {"covered_lines": 0, "num_statements": 0, "percent_covered": 100.0, "percent_covered_display": "100", "missing_lines": 0, "excluded_lines": 0}, "missing_lines": [], "excluded_lines": []}}}, "src/lexecon/capability/tokens.py": {"executed_lines": [1, 7, 8, 9, 10, 13, 14, 15, 21, 22, 23, 24, 25, 26, 28, 29, 33, 34, 42, 44, 46, 48, 49, 51, 53, 55, 64, 65, 67, 77, 78, 80, 81, 83, 85, 87, 89, 91, 93, 94, 95, 96, 98, 100, 101, 102, 103], "summary": {"covered_lines": 44, "num_statements": 44, "percent_covered": 100.0, "percent_covered_display": "100", "missing_lines": 0, "excluded_lines": 0}, "missing_lines": [], "excluded_lines": [], "functions": {"CapabilityToken.create": {"executed_lines": [33, 34], "summary": {"covered_lines": 2, "num_statements": 2, "percent_covered": 100.0, "percent_covered_display": "100", "missing_lines": 0, "excluded_lines": 0}, "missing_lines": [], "excluded_lines": []}, "CapabilityToken.is_valid": {"executed_lines": [44], "summary": {"covered_lines": 1, "num_statements": 1, "percent_covered": 100.0, "percent_covered_display": "100", "missing_lines": 0, "excluded_lines": 0}, "missing_lines": [], "excluded_lines": []}, "CapabilityToken.is_authorized_for": {"executed_lines": [48, 49, 51], "summary": {"covered_lines": 3, "num_statements": 3, "percent_covered": 100.0, "percent_covered_display": "100", "missing_lines": 0, "excluded_lines": 0}, "missing_lines": [], "excluded_lines": []}, "CapabilityToken.to_dict": {"executed_lines": [55], "summary": {"covered_lines": 1, "num_statements": 1, "percent_covered": 100.0, "percent_covered_display": "100", "missing_lines": 0, "excluded_lines": 0}, "missing_lines": [], "excluded_lines": []}, "CapabilityToken.from_dict": {"executed_lines": [67], "summary": {"covered_lines": 1, "num_statements": 1, "percent_covered": 100.0, "percent_covered_display": "100", "missing_lines": 0, "excluded_lines": 0}, "missing_lines": [], "excluded_lines": []}, "CapabilityTokenStore.__init__": {"executed_lines": [81], "summary": {"covered_lines": 1, "num_statements": 1, "percent_covered": 100.0, "percent_covered_display": "100", "missing_lines": 0, "excluded_lines": 0}, "missing_lines": [], "excluded_lines": []}, "CapabilityTokenStore.store": {"executed_lines": [85], "summary": {"covered_lines": 1, "num_statements": 1, "percent_covered": 100.0, "percent_covered_display": "100", "missing_lines": 0, "excluded_lines": 0}, "missing_lines": [], "excluded_lines": []}, "CapabilityTokenStore.get": {"executed_lines": [89], "summary": {"covered_lines": 1, "num_statements": 1, "percent_covered": 100.0, "percent_covered_display": "100", "missing_lines": 0, "excluded_lines": 0}, "missing_lines": [], "excluded_lines": []}, "CapabilityTokenStore.verify": {"executed_lines": [93, 94, 95, 96], "summary": {"covered_lines": 4, "num_statements": 4, "percent_covered": 100.0, "percent_covered_display": "100", "missing_lines": 0, "excluded_lines": 0}, "missing_lines": [], "excluded_lines": []}, "CapabilityTokenStore.cleanup_expired": {"executed_lines": [100, 101, 102, 103], "summary": {"covered_lines": 4, "num_statements": 4, "percent_covered": 100.0, "percent_covered_display": "100", "missing_lines": 0, "excluded_lines": 0}, "missing_lines": [], "excluded_lines": []}, "": {"executed_lines": [1, 7, 8, 9, 10, 13, 14, 15, 21, 22, 23, 24, 25, 26, 28, 29, 42, 46, 53, 64, 65, 77, 78, 80, 83, 87, 91, 98], "summary": {"covered_lines": 25, "num_statements": 25, "percent_covered": 100.0, "percent_covered_display": "100", "missing_lines": 0, "excluded_lines": 0}, "missing_lines": [], "excluded_lines": []}}, "classes": {"CapabilityToken": {"executed_lines": [33, 34, 44, 48, 49, 51, 55, 67], "summary": {"covered_lines": 8, "num_statements": 8, "percent_covered": 100.0, "percent_covered_display": "100", "missing_lines": 0, "excluded_lines": 0}, "missing_lines": [], "excluded_lines": []}, "CapabilityTokenStore": {"executed_lines": [81, 85, 89, 93, 94, 95, 96, 100, 101, 102, 103], "summary": {"covered_lines": 11, "num_statements": 11, "percent_covered": 100.0, "percent_covered_display": "100", "missing_lines": 0, "excluded_lines": 0}, "missing_lines": [], "excluded_lines": []}, "": {"executed_lines": [1, 7, 8, 9, 10, 13, 14, 15, 21, 22, 23, 24, 25, 26, 28, 29, 42, 46, 53, 64, 65, 77, 78, 80, 83, 87, 91, 98], "summary": {"covered_lines": 25, "num_statements": 25, "percent_covered": 100.0, "percent_covered_display": "100", "missing_lines": 0, "excluded_lines": 0}, "missing_lines": [], "excluded_lines": []}}}, "src/lexecon/cli/__init__.py": {"executed_lines": [1], "summary": {"covered_lines": 0, "num_statements": 0, "percent_covered": 100.0, "percent_covered_display": "100", "missing_lines": 0, "excluded_lines": 0}, "missing_lines": [], "excluded_lines": [], "functions": {"": {"executed_lines": [], "summary": {"covered_lines": 0, "num_statements": 0, "percent_covered": 100.0, "percent_covered_display": "100", "missing_lines": 0, "excluded_lines": 0}, "missing_lines": [], "excluded_lines": []}}, "classes": {"": {"executed_lines": [], "summary": {"covered_lines": 0, "num_statements": 0, "percent_covered": 100.0, "percent_covered_display": "100", "missing_lines": 0, "excluded_lines": 0}, "missing_lines": [], "excluded_lines": []}}}, "src/lexecon/cli/main.py": {"executed_lines": [1, 7, 8, 9, 10, 12, 13, 15, 16, 17, 18, 21, 22, 23, 25, 28, 29, 30, 31, 33, 34, 37, 38, 39, 41, 44, 51, 52, 54, 55, 56, 57, 60, 61, 62, 63, 64, 66, 68, 69, 72, 75, 76, 77, 78, 79, 80, 81, 91, 92, 93, 94, 95, 102, 105, 108, 109, 112, 123, 126, 129, 130, 131, 133, 134, 136, 137, 139, 140, 141, 142, 145, 146, 147, 149, 150, 152, 153, 155, 156, 157, 158, 160, 161, 162, 165], "summary": {"covered_lines": 85, "num_statements": 86, "percent_covered": 98.83720930232558, "percent_covered_display": "99", "missing_lines": 1, "excluded_lines": 0}, "missing_lines": [166], "excluded_lines": [], "functions": {"cli": {"executed_lines": [25], "summary": {"covered_lines": 1, "num_statements": 1, "percent_covered": 100.0, "percent_covered_display": "100", "missing_lines": 0, "excluded_lines": 0}, "missing_lines": [], "excluded_lines": []}, "init": {"executed_lines": [33, 34, 37, 38, 39, 41, 44, 51, 52, 54, 55, 56, 57], "summary": {"covered_lines": 13, "num_statements": 13, "percent_covered": 100.0, "percent_covered_display": "100", "missing_lines": 0, "excluded_lines": 0}, "missing_lines": [], "excluded_lines": []}, "server": {"executed_lines": [66, 68, 69, 72], "summary": {"covered_lines": 4, "num_statements": 4, "percent_covered": 100.0, "percent_covered_display": "100", "missing_lines": 0, "excluded_lines": 0}, "missing_lines": [], "excluded_lines": []}, "decide": {"executed_lines": [91, 92, 93, 94, 95, 102, 105, 108, 109, 112, 123, 126], "summary": {"covered_lines": 12, "num_statements": 12, "percent_covered": 100.0, "percent_covered_display": "100", "missing_lines": 0, "excluded_lines": 0}, "missing_lines": [], "excluded_lines": []}, "load_policy": {"executed_lines": [133, 134, 136, 137, 139, 140, 141, 142], "summary": {"covered_lines": 8, "num_statements": 8, "percent_covered": 100.0, "percent_covered_display": "100", "missing_lines": 0, "excluded_lines": 0}, "missing_lines": [], "excluded_lines": []}, "verify_ledger": {"executed_lines": [149, 150, 152, 153, 155, 156, 157, 158, 160, 161, 162], "summary": {"covered_lines": 11, "num_statements": 11, "percent_covered": 100.0, "percent_covered_display": "100", "missing_lines": 0, "excluded_lines": 0}, "missing_lines": [], "excluded_lines": []}, "": {"executed_lines": [1, 7, 8, 9, 10, 12, 13, 15, 16, 17, 18, 21, 22, 23, 28, 29, 30, 31, 60, 61, 62, 63, 64, 75, 76, 77, 78, 79, 80, 81, 129, 130, 131, 145, 146, 147, 165], "summary": {"covered_lines": 36, "num_statements": 37, "percent_covered": 97.29729729729729, "percent_covered_display": "97", "missing_lines": 1, "excluded_lines": 0}, "missing_lines": [166], "excluded_lines": []}}, "classes": {"": {"executed_lines": [1, 7, 8, 9, 10, 12, 13, 15, 16, 17, 18, 21, 22, 23, 25, 28, 29, 30, 31, 33, 34, 37, 38, 39, 41, 44, 51, 52, 54, 55, 56, 57, 60, 61, 62, 63, 64, 66, 68, 69, 72, 75, 76, 77, 78, 79, 80, 81, 91, 92, 93, 94, 95, 102, 105, 108, 109, 112, 123, 126, 129, 130, 131, 133, 134, 136, 137, 139, 140, 141, 142, 145, 146, 147, 149, 150, 152, 153, 155, 156, 157, 158, 160, 161, 162, 165], "summary": {"covered_lines": 85, "num_statements": 86, "percent_covered": 98.83720930232558, "percent_covered_display": "99", "missing_lines": 1, "excluded_lines": 0}, "missing_lines": [166], "excluded_lines": []}}}, "src/lexecon/compliance/__init__.py": {"executed_lines": [1, 7], "summary": {"covered_lines": 1, "num_statements": 1, "percent_covered": 100.0, "percent_covered_display": "100", "missing_lines": 0, "excluded_lines": 0}, "missing_lines": [], "excluded_lines": [], "functions": {"": {"executed_lines": [1, 7], "summary": {"covered_lines": 1, "num_statements": 1, "percent_covered": 100.0, "percent_covered_display": "100", "missing_lines": 0, "excluded_lines": 0}, "missing_lines": [], "excluded_lines": []}}, "classes": {"": {"executed_lines": [1, 7], "summary": {"covered_lines": 1, "num_statements": 1, "percent_covered": 100.0, "percent_covered_display": "100", "missing_lines": 0, "excluded_lines": 0}, "missing_lines": [], "excluded_lines": []}}}, "src/lexecon/compliance/eu_ai_act/__init__.py": {"executed_lines": [1, 10, 11, 12, 13, 15], "summary": {"covered_lines": 5, "num_statements": 5, "percent_covered": 100.0, "percent_covered_display": "100", "missing_lines": 0, "excluded_lines": 0}, "missing_lines": [], "excluded_lines": [], "functions": {"": {"executed_lines": [1, 10, 11, 12, 13, 15], "summary": {"covered_lines": 5, "num_statements": 5, "percent_covered": 100.0, "percent_covered_display": "100", "missing_lines": 0, "excluded_lines": 0}, "missing_lines": [], "excluded_lines": []}}, "classes": {"": {"executed_lines": [1, 10, 11, 12, 13, 15], "summary": {"covered_lines": 5, "num_statements": 5, "percent_covered": 100.0, "percent_covered_display": "100", "missing_lines": 0, "excluded_lines": 0}, "missing_lines": [], "excluded_lines": []}}}, "src/lexecon/compliance/eu_ai_act/article_11_technical_docs.py": {"executed_lines": [1, 16, 17, 18, 19, 20, 22, 23, 26, 27, 28, 30, 31, 32, 33, 36, 39, 42, 45, 48, 51, 54, 57, 60, 62, 63, 64, 67, 68, 73, 78, 79, 81, 94, 95, 98, 99, 100, 101, 102, 103, 104, 105, 108, 109, 112, 114, 116, 121, 160, 162, 164, 223, 225, 284, 286, 324, 326, 366, 368, 434, 436, 438, 477, 479, 553, 555, 559, 560, 562, 564, 566, 567, 568, 570, 572, 574], "summary": {"covered_lines": 74, "num_statements": 77, "percent_covered": 96.1038961038961, "percent_covered_display": "96", "missing_lines": 3, "excluded_lines": 0}, "missing_lines": [556, 576, 628], "excluded_lines": [], "functions": {"TechnicalDocumentation.__post_init__": {"executed_lines": [63, 64], "summary": {"covered_lines": 2, "num_statements": 2, "percent_covered": 100.0, "percent_covered_display": "100", "missing_lines": 0, "excluded_lines": 0}, "missing_lines": [], "excluded_lines": []}, "TechnicalDocumentationGenerator.__init__": {"executed_lines": [78, 79], "summary": {"covered_lines": 2, "num_statements": 2, "percent_covered": 100.0, "percent_covered_display": "100", "missing_lines": 0, "excluded_lines": 0}, "missing_lines": [], "excluded_lines": []}, "TechnicalDocumentationGenerator.generate": {"executed_lines": [94, 95, 98, 99, 100, 101, 102, 103, 104, 105, 108, 109, 112, 114], "summary": {"covered_lines": 14, "num_statements": 14, "percent_covered": 100.0, "percent_covered_display": "100", "missing_lines": 0, "excluded_lines": 0}, "missing_lines": [], "excluded_lines": []}, "TechnicalDocumentationGenerator._generate_general_description": {"executed_lines": [121], "summary": {"covered_lines": 1, "num_statements": 1, "percent_covered": 100.0, "percent_covered_display": "100", "missing_lines": 0, "excluded_lines": 0}, "missing_lines": [], "excluded_lines": []}, "TechnicalDocumentationGenerator._generate_intended_purpose": {"executed_lines": [162, 164], "summary": {"covered_lines": 2, "num_statements": 2, "percent_covered": 100.0, "percent_covered_display": "100", "missing_lines": 0, "excluded_lines": 0}, "missing_lines": [], "excluded_lines": []}, "TechnicalDocumentationGenerator._generate_design_specifications": {"executed_lines": [225], "summary": {"covered_lines": 1, "num_statements": 1, "percent_covered": 100.0, "percent_covered_display": "100", "missing_lines": 0, "excluded_lines": 0}, "missing_lines": [], "excluded_lines": []}, "TechnicalDocumentationGenerator._generate_development_methodology": {"executed_lines": [286], "summary": {"covered_lines": 1, "num_statements": 1, "percent_covered": 100.0, "percent_covered_display": "100", "missing_lines": 0, "excluded_lines": 0}, "missing_lines": [], "excluded_lines": []}, "TechnicalDocumentationGenerator._generate_data_requirements": {"executed_lines": [326], "summary": {"covered_lines": 1, "num_statements": 1, "percent_covered": 100.0, "percent_covered_display": "100", "missing_lines": 0, "excluded_lines": 0}, "missing_lines": [], "excluded_lines": []}, "TechnicalDocumentationGenerator._generate_human_oversight": {"executed_lines": [368], "summary": {"covered_lines": 1, "num_statements": 1, "percent_covered": 100.0, "percent_covered_display": "100", "missing_lines": 0, "excluded_lines": 0}, "missing_lines": [], "excluded_lines": []}, "TechnicalDocumentationGenerator._generate_accuracy_metrics": {"executed_lines": [436, 438], "summary": {"covered_lines": 2, "num_statements": 2, "percent_covered": 100.0, "percent_covered_display": "100", "missing_lines": 0, "excluded_lines": 0}, "missing_lines": [], "excluded_lines": []}, "TechnicalDocumentationGenerator._generate_known_limitations": {"executed_lines": [479], "summary": {"covered_lines": 1, "num_statements": 1, "percent_covered": 100.0, "percent_covered_display": "100", "missing_lines": 0, "excluded_lines": 0}, "missing_lines": [], "excluded_lines": []}, "TechnicalDocumentationGenerator._build_evidence_chain": {"executed_lines": [555, 559, 560], "summary": {"covered_lines": 3, "num_statements": 4, "percent_covered": 75.0, "percent_covered_display": "75", "missing_lines": 1, "excluded_lines": 0}, "missing_lines": [556], "excluded_lines": []}, "TechnicalDocumentationGenerator._calculate_hash": {"executed_lines": [564, 566, 567, 568], "summary": {"covered_lines": 4, "num_statements": 4, "percent_covered": 100.0, "percent_covered_display": "100", "missing_lines": 0, "excluded_lines": 0}, "missing_lines": [], "excluded_lines": []}, "TechnicalDocumentationGenerator.export_json": {"executed_lines": [572], "summary": {"covered_lines": 1, "num_statements": 1, "percent_covered": 100.0, "percent_covered_display": "100", "missing_lines": 0, "excluded_lines": 0}, "missing_lines": [], "excluded_lines": []}, "TechnicalDocumentationGenerator.export_markdown": {"executed_lines": [], "summary": {"covered_lines": 0, "num_statements": 2, "percent_covered": 0.0, "percent_covered_display": "0", "missing_lines": 2, "excluded_lines": 0}, "missing_lines": [576, 628], "excluded_lines": []}, "": {"executed_lines": [1, 16, 17, 18, 19, 20, 22, 23, 26, 27, 28, 30, 31, 32, 33, 36, 39, 42, 45, 48, 51, 54, 57, 60, 62, 67, 68, 73, 81, 116, 160, 223, 284, 324, 366, 434, 477, 553, 562, 570, 574], "summary": {"covered_lines": 38, "num_statements": 38, "percent_covered": 100.0, "percent_covered_display": "100", "missing_lines": 0, "excluded_lines": 0}, "missing_lines": [], "excluded_lines": []}}, "classes": {"TechnicalDocumentation": {"executed_lines": [63, 64], "summary": {"covered_lines": 2, "num_statements": 2, "percent_covered": 100.0, "percent_covered_display": "100", "missing_lines": 0, "excluded_lines": 0}, "missing_lines": [], "excluded_lines": []}, "TechnicalDocumentationGenerator": {"executed_lines": [78, 79, 94, 95, 98, 99, 100, 101, 102, 103, 104, 105, 108, 109, 112, 114, 121, 162, 164, 225, 286, 326, 368, 436, 438, 479, 555, 559, 560, 564, 566, 567, 568, 572], "summary": {"covered_lines": 34, "num_statements": 37, "percent_covered": 91.89189189189189, "percent_covered_display": "92", "missing_lines": 3, "excluded_lines": 0}, "missing_lines": [556, 576, 628], "excluded_lines": []}, "": {"executed_lines": [1, 16, 17, 18, 19, 20, 22, 23, 26, 27, 28, 30, 31, 32, 33, 36, 39, 42, 45, 48, 51, 54, 57, 60, 62, 67, 68, 73, 81, 116, 160, 223, 284, 324, 366, 434, 477, 553, 562, 570, 574], "summary": {"covered_lines": 38, "num_statements": 38, "percent_covered": 100.0, "percent_covered_display": "100", "missing_lines": 0, "excluded_lines": 0}, "missing_lines": [], "excluded_lines": []}}}, "src/lexecon/compliance/eu_ai_act/article_12_records.py": {"executed_lines": [1, 14, 15, 16, 17, 18, 20, 23, 24, 25, 26, 27, 30, 31, 32, 33, 34, 35, 36, 39, 40, 41, 42, 43, 44, 45, 46, 49, 50, 51, 52, 53, 54, 55, 56, 57, 58, 59, 60, 63, 64, 70, 71, 72, 75, 99, 109, 110, 113, 114, 116, 117, 119, 120, 122, 126, 127, 129, 130, 132, 134, 136, 140, 141, 143, 145, 146, 148, 149, 152, 157, 159, 169, 171, 173, 174, 175, 176, 178, 180, 181, 182, 184, 185, 188, 202, 214, 218, 227, 233, 235, 236, 238, 239, 240, 241, 243, 245, 251, 253, 255, 256, 257, 259, 270, 273, 277, 282, 286, 289, 290, 292, 293, 294, 295, 297, 326, 328, 338, 340, 341, 343, 344, 346, 347, 352, 354, 396, 398, 400, 401, 403, 404, 408, 413, 414, 416, 417, 418, 420, 432, 434, 441, 442, 443, 444, 445, 447, 451, 452, 460, 462, 470, 472, 475, 480, 481, 489], "summary": {"covered_lines": 152, "num_statements": 169, "percent_covered": 89.94082840236686, "percent_covered_display": "90", "missing_lines": 17, "excluded_lines": 0}, "missing_lines": [123, 186, 216, 274, 275, 278, 279, 283, 350, 405, 448, 453, 482, 483, 484, 485, 487], "excluded_lines": [], "functions": {"RecordKeepingSystem.__init__": {"executed_lines": [71, 72, 75], "summary": {"covered_lines": 3, "num_statements": 3, "percent_covered": 100.0, "percent_covered_display": "100", "missing_lines": 0, "excluded_lines": 0}, "missing_lines": [], "excluded_lines": []}, "RecordKeepingSystem.classify_entry": {"executed_lines": [109, 110, 113, 114, 116, 117, 119, 120, 122, 126, 127, 129, 130, 132], "summary": {"covered_lines": 14, "num_statements": 15, "percent_covered": 93.33333333333333, "percent_covered_display": "93", "missing_lines": 1, "excluded_lines": 0}, "missing_lines": [123], "excluded_lines": []}, "RecordKeepingSystem._contains_personal_data": {"executed_lines": [136, 140, 141], "summary": {"covered_lines": 3, "num_statements": 3, "percent_covered": 100.0, "percent_covered_display": "100", "missing_lines": 0, "excluded_lines": 0}, "missing_lines": [], "excluded_lines": []}, "RecordKeepingSystem.wrap_entry": {"executed_lines": [145, 146, 148, 149, 152, 157, 159], "summary": {"covered_lines": 7, "num_statements": 7, "percent_covered": 100.0, "percent_covered_display": "100", "missing_lines": 0, "excluded_lines": 0}, "missing_lines": [], "excluded_lines": []}, "RecordKeepingSystem.get_retention_status": {"executed_lines": [171, 173, 174, 175, 176, 178, 180, 181, 182, 184, 185, 188], "summary": {"covered_lines": 12, "num_statements": 13, "percent_covered": 92.3076923076923, "percent_covered_display": "92", "missing_lines": 1, "excluded_lines": 0}, "missing_lines": [186], "excluded_lines": []}, "RecordKeepingSystem.apply_legal_hold": {"executed_lines": [214, 218, 227], "summary": {"covered_lines": 3, "num_statements": 4, "percent_covered": 75.0, "percent_covered_display": "75", "missing_lines": 1, "excluded_lines": 0}, "missing_lines": [216], "excluded_lines": []}, "RecordKeepingSystem.release_legal_hold": {"executed_lines": [235, 236, 238, 239, 240, 241, 243, 245], "summary": {"covered_lines": 8, "num_statements": 8, "percent_covered": 100.0, "percent_covered_display": "100", "missing_lines": 0, "excluded_lines": 0}, "missing_lines": [], "excluded_lines": []}, "RecordKeepingSystem._record_to_dict": {"executed_lines": [253, 255, 256, 257], "summary": {"covered_lines": 4, "num_statements": 4, "percent_covered": 100.0, "percent_covered_display": "100", "missing_lines": 0, "excluded_lines": 0}, "missing_lines": [], "excluded_lines": []}, "RecordKeepingSystem.generate_regulatory_package": {"executed_lines": [270, 273, 277, 282, 286, 289, 290, 292, 293, 294, 295, 297, 326], "summary": {"covered_lines": 13, "num_statements": 18, "percent_cove
[...]
ments": 3, "percent_covered": 0.0, "percent_covered_display": "0", "missing_lines": 3, "excluded_lines": 1}, "missing_lines": [70, 71, 90], "excluded_lines": [62]}, "require_permission.decorator": {"executed_lines": [], "summary": {"covered_lines": 0, "num_statements": 2, "percent_covered": 0.0, "percent_covered_display": "0", "missing_lines": 2, "excluded_lines": 0}, "missing_lines": [72, 89], "excluded_lines": []}, "require_permission.decorator.wrapper": {"executed_lines": [], "summary": {"covered_lines": 0, "num_statements": 7, "percent_covered": 0.0, "percent_covered_display": "0", "missing_lines": 7, "excluded_lines": 0}, "missing_lines": [73, 74, 79, 80, 82, 83, 88], "excluded_lines": []}, "get_current_user": {"executed_lines": [95, 96, 98], "summary": {"covered_lines": 3, "num_statements": 3, "percent_covered": 100.0, "percent_covered_display": "100", "missing_lines": 0, "excluded_lines": 0}, "missing_lines": [], "excluded_lines": []}, "": {"executed_lines": [1, 5, 6, 7, 8, 10, 13, 14, 16, 19, 61, 93], "summary": {"covered_lines": 10, "num_statements": 10, "percent_covered": 100.0, "percent_covered_display": "100", "missing_lines": 0, "excluded_lines": 0}, "missing_lines": [], "excluded_lines": []}}, "classes": {"AuthMiddleware": {"executed_lines": [], "summary": {"covered_lines": 0, "num_statements": 17, "percent_covered": 0.0, "percent_covered_display": "0", "missing_lines": 17, "excluded_lines": 0}, "missing_lines": [17, 22, 30, 31, 34, 35, 36, 38, 39, 45, 46, 47, 53, 54, 55, 56, 58], "excluded_lines": []}, "": {"executed_lines": [1, 5, 6, 7, 8, 10, 13, 14, 16, 19, 61, 93, 95, 96, 98], "summary": {"covered_lines": 13, "num_statements": 25, "percent_covered": 52.0, "percent_covered_display": "52", "missing_lines": 12, "excluded_lines": 1}, "missing_lines": [70, 71, 72, 73, 74, 79, 80, 82, 83, 88, 89, 90], "excluded_lines": [62]}}}, "src/lexecon/security/signature_service.py": {"executed_lines": [1, 11, 12, 13, 14, 15, 16, 17, 18, 19, 22, 23, 25, 32, 33, 34, 35, 36, 39, 42, 43, 45, 47, 49, 51, 54, 61, 64, 70, 71, 74, 79, 80, 83, 84, 86, 88, 89, 95, 96, 101, 111, 112, 115, 116, 119, 129, 132, 136, 139, 151, 153, 168, 169, 171, 173, 174, 177, 180, 190, 192, 193, 194, 195, 197, 199, 200, 202, 207, 209, 211, 212, 214, 219, 221, 232, 235, 238, 243, 245, 255, 256, 258, 260, 261, 264, 267], "summary": {"covered_lines": 85, "num_statements": 85, "percent_covered": 100.0, "percent_covered_display": "100", "missing_lines": 0, "excluded_lines": 0}, "missing_lines": [], "excluded_lines": [], "functions": {"SignatureService.__init__": {"executed_lines": [32, 33, 34, 35, 36, 39, 42, 43, 45], "summary": {"covered_lines": 9, "num_statements": 9, "percent_covered": 100.0, "percent_covered_display": "100", "missing_lines": 0, "excluded_lines": 0}, "missing_lines": [], "excluded_lines": []}, "SignatureService._keys_exist": {"executed_lines": [49], "summary": {"covered_lines": 1, "num_statements": 1, "percent_covered": 100.0, "percent_covered_display": "100", "missing_lines": 0, "excluded_lines": 0}, "missing_lines": [], "excluded_lines": []}, "SignatureService._generate_keys": {"executed_lines": [54, 61, 64, 70, 71, 74, 79, 80, 83, 84], "summary": {"covered_lines": 10, "num_statements": 10, "percent_covered": 100.0, "percent_covered_display": "100", "missing_lines": 0, "excluded_lines": 0}, "missing_lines": [], "excluded_lines": []}, "SignatureService._load_keys": {"executed_lines": [88, 89, 95, 96], "summary": {"covered_lines": 4, "num_statements": 4, "percent_covered": 100.0, "percent_covered_display": "100", "missing_lines": 0, "excluded_lines": 0}, "missing_lines": [], "excluded_lines": []}, "SignatureService.sign_packet": {"executed_lines": [111, 112, 115, 116, 119, 129, 132, 136, 139, 151], "summary": {"covered_lines": 10, "num_statements": 10, "percent_covered": 100.0, "percent_covered_display": "100", "missing_lines": 0, "excluded_lines": 0}, "missing_lines": [], "excluded_lines": []}, "SignatureService.verify_signature": {"executed_lines": [168, 169, 171, 173, 174, 177, 180, 190, 192, 193, 194, 195], "summary": {"covered_lines": 12, "num_statements": 12, "percent_covered": 100.0, "percent_covered_display": "100", "missing_lines": 0, "excluded_lines": 0}, "missing_lines": [], "excluded_lines": []}, "SignatureService.get_public_key_pem": {"executed_lines": [199, 200, 202, 207], "summary": {"covered_lines": 4, "num_statements": 4, "percent_covered": 100.0, "percent_covered_display": "100", "missing_lines": 0, "excluded_lines": 0}, "missing_lines": [], "excluded_lines": []}, "SignatureService.get_public_key_fingerprint": {"executed_lines": [211, 212, 214, 219], "summary": {"covered_lines": 4, "num_statements": 4, "percent_covered": 100.0, "percent_covered_display": "100", "missing_lines": 0, "excluded_lines": 0}, "missing_lines": [], "excluded_lines": []}, "SignatureService.sign_and_enrich_packet": {"executed_lines": [232, 235, 238, 243], "summary": {"covered_lines": 4, "num_statements": 4, "percent_covered": 100.0, "percent_covered_display": "100", "missing_lines": 0, "excluded_lines": 0}, "missing_lines": [], "excluded_lines": []}, "SignatureService.verify_packet_signature": {"executed_lines": [255, 256, 258, 260, 261, 264, 267], "summary": {"covered_lines": 7, "num_statements": 7, "percent_covered": 100.0, "percent_covered_display": "100", "missing_lines": 0, "excluded_lines": 0}, "missing_lines": [], "excluded_lines": []}, "": {"executed_lines": [1, 11, 12, 13, 14, 15, 16, 17, 18, 19, 22, 23, 25, 47, 51, 86, 101, 153, 197, 209, 221, 245], "summary": {"covered_lines": 20, "num_statements": 20, "percent_covered": 100.0, "percent_covered_display": "100", "missing_lines": 0, "excluded_lines": 0}, "missing_lines": [], "excluded_lines": []}}, "classes": {"SignatureService": {"executed_lines": [32, 33, 34, 35, 36, 39, 42, 43, 45, 49, 54, 61, 64, 70, 71, 74, 79, 80, 83, 84, 88, 89, 95, 96, 111, 112, 115, 116, 119, 129, 132, 136, 139, 151, 168, 169, 171, 173, 174, 177, 180, 190, 192, 193, 194, 195, 199, 200, 202, 207, 211, 212, 214, 219, 232, 235, 238, 243, 255, 256, 258, 260, 261, 264, 267], "summary": {"covered_lines": 65, "num_statements": 65, "percent_covered": 100.0, "percent_covered_display": "100", "missing_lines": 0, "excluded_lines": 0}, "missing_lines": [], "excluded_lines": []}, "": {"executed_lines": [1, 11, 12, 13, 14, 15, 16, 17, 18, 19, 22, 23, 25, 47, 51, 86, 101, 153, 197, 209, 221, 245], "summary": {"covered_lines": 20, "num_statements": 20, "percent_covered": 100.0, "percent_covered_display": "100", "missing_lines": 0, "excluded_lines": 0}, "missing_lines": [], "excluded_lines": []}}}, "src/lexecon/storage/__init__.py": {"executed_lines": [1, 7, 9], "summary": {"covered_lines": 2, "num_statements": 2, "percent_covered": 100.0, "percent_covered_display": "100", "missing_lines": 0, "excluded_lines": 0}, "missing_lines": [], "excluded_lines": [], "functions": {"": {"executed_lines": [1, 7, 9], "summary": {"covered_lines": 2, "num_statements": 2, "percent_covered": 100.0, "percent_covered_display": "100", "missing_lines": 0, "excluded_lines": 0}, "missing_lines": [], "excluded_lines": []}}, "classes": {"": {"executed_lines": [1, 7, 9], "summary": {"covered_lines": 2, "num_statements": 2, "percent_covered": 100.0, "percent_covered_display": "100", "missing_lines": 0, "excluded_lines": 0}, "missing_lines": [], "excluded_lines": []}}}, "src/lexecon/storage/persistence.py": {"executed_lines": [1, 8, 9, 10, 11, 12, 14, 17, 18, 28, 30, 31, 33, 35, 36, 39, 52, 56, 61, 69, 70, 72, 74, 75, 77, 78, 93, 98, 100, 102, 104, 105, 107, 108, 114, 115, 116, 119, 128, 131, 133, 135, 137, 139, 140, 142, 143, 150, 151, 152, 154, 163, 166, 168, 170, 172, 174, 175, 177, 178, 179, 181, 183, 185, 186, 188, 189, 192, 193, 195, 197, 199, 201, 202, 205, 206, 207, 211, 212, 213, 215, 217, 230, 232, 233, 235, 237, 238, 241, 246, 249, 253, 256, 258, 268], "summary": {"covered_lines": 93, "num_statements": 100, "percent_covered": 93.0, "percent_covered_display": "93", "missing_lines": 7, "excluded_lines": 0}, "missing_lines": [129, 164, 208, 219, 221, 227, 228], "excluded_lines": [], "functions": {"LedgerStorage.__init__": {"executed_lines": [30, 31], "summary": {"covered_lines": 2, "num_statements": 2, "percent_covered": 100.0, "percent_covered_display": "100", "missing_lines": 0, "excluded_lines": 0}, "missing_lines": [], "excluded_lines": []}, "LedgerStorage._init_database": {"executed_lines": [35, 36, 39, 52, 56, 61, 69, 70], "summary": {"covered_lines": 8, "num_statements": 8, "percent_covered": 100.0, "percent_covered_display": "100", "missing_lines": 0, "excluded_lines": 0}, "missing_lines": [], "excluded_lines": []}, "LedgerStorage.save_entry": {"executed_lines": [74, 75, 77, 78, 93, 98, 100], "summary": {"covered_lines": 7, "num_statements": 7, "percent_covered": 100.0, "percent_covered_display": "100", "missing_lines": 0, "excluded_lines": 0}, "missing_lines": [], "excluded_lines": []}, "LedgerStorage.load_all_entries": {"executed_lines": [104, 105, 107, 108, 114, 115, 116, 119, 128, 131, 133, 135], "summary": {"covered_lines": 12, "num_statements": 13, "percent_covered": 92.3076923076923, "percent_covered_display": "92", "missing_lines": 1, "excluded_lines": 0}, "missing_lines": [129], "excluded_lines": []}, "LedgerStorage.get_entries_by_type": {"executed_lines": [139, 140, 142, 143, 150, 151, 152, 154, 163, 166, 168, 170], "summary": {"covered_lines": 12, "num_statements": 13, "percent_covered": 92.3076923076923, "percent_covered_display": "92", "missing_lines": 1, "excluded_lines": 0}, "missing_lines": [164], "excluded_lines": []}, "LedgerStorage.get_entry_count": {"executed_lines": [174, 175, 177, 178, 179, 181], "summary": {"covered_lines": 6, "num_statements": 6, "percent_covered": 100.0, "percent_covered_display": "100", "missing_lines": 0, "excluded_lines": 0}, "missing_lines": [], "excluded_lines": []}, "LedgerStorage.get_latest_hash": {"executed_lines": [185, 186, 188, 189, 192, 193, 195], "summary": {"covered_lines": 7, "num_statements": 7, "percent_covered": 100.0, "percent_covered_display": "100", "missing_lines": 0, "excluded_lines": 0}, "missing_lines": [], "excluded_lines": []}, "LedgerStorage.verify_chain_integrity": {"executed_lines": [199, 201, 202, 205, 206, 207, 211, 212, 213, 215], "summary": {"covered_lines": 10, "num_statements": 11, "percent_covered": 90.9090909090909, "percent_covered_display": "91", "missing_lines": 1, "excluded_lines": 0}, "missing_lines": [208], "excluded_lines": []}, "LedgerStorage.export_to_json": {"executed_lines": [], "summary": {"covered_lines": 0, "num_statements": 4, "percent_covered": 0.0, "percent_covered_display": "0", "missing_lines": 4, "excluded_lines": 0}, "missing_lines": [219, 221, 227, 228], "excluded_lines": []}, "LedgerStorage.get_statistics": {"executed_lines": [232, 233, 235, 237, 238, 241, 246, 249, 253, 256, 258, 268], "summary": {"covered_lines": 12, "num_statements": 12, "percent_covered": 100.0, "percent_covered_display": "100", "missing_lines": 0, "excluded_lines": 0}, "missing_lines": [], "excluded_lines": []}, "": {"executed_lines": [1, 8, 9, 10, 11, 12, 14, 17, 18, 28, 33, 72, 102, 137, 172, 183, 197, 217, 230], "summary": {"covered_lines": 17, "num_statements": 17, "percent_covered": 100.0, "percent_covered_display": "100", "missing_lines": 0, "excluded_lines": 0}, "missing_lines": [], "excluded_lines": []}}, "classes": {"LedgerStorage": {"executed_lines": [30, 31, 35, 36, 39, 52, 56, 61, 69, 70, 74, 75, 77, 78, 93, 98, 100, 104, 105, 107, 108, 114, 115, 116, 119, 128, 131, 133, 135, 139, 140, 142, 143, 150, 151, 152, 154, 163, 166, 168, 170, 174, 175, 177, 178, 179, 181, 185, 186, 188, 189, 192, 193, 195, 199, 201, 202, 205, 206, 207, 211, 212, 213, 215, 232, 233, 235, 237, 238, 241, 246, 249, 253, 256, 258, 268], "summary": {"covered_lines": 76, "num_statements": 83, "percent_covered": 91.56626506024097, "percent_covered_display": "92", "missing_lines": 7, "excluded_lines": 0}, "missing_lines": [129, 164, 208, 219, 221, 227, 228], "excluded_lines": []}, "": {"executed_lines": [1, 8, 9, 10, 11, 12, 14, 17, 18, 28, 33, 72, 102, 137, 172, 183, 197, 217, 230], "summary": {"covered_lines": 17, "num_statements": 17, "percent_covered": 100.0, "percent_covered_display": "100", "missing_lines": 0, "excluded_lines": 0}, "missing_lines": [], "excluded_lines": []}}}, "src/lexecon/tools/__init__.py": {"executed_lines": [1], "summary": {"covered_lines": 0, "num_statements": 0, "percent_covered": 100.0, "percent_covered_display": "100", "missing_lines": 0, "excluded_lines": 0}, "missing_lines": [], "excluded_lines": [], "functions": {"": {"executed_lines": [1], "summary": {"covered_lines": 0, "num_statements": 0, "percent_covered": 100.0, "percent_covered_display": "100", "missing_lines": 0, "excluded_lines": 0}, "missing_lines": [], "excluded_lines": []}}, "classes": {"": {"executed_lines": [1], "summary": {"covered_lines": 0, "num_statements": 0, "percent_covered": 100.0, "percent_covered_display": "100", "missing_lines": 0, "excluded_lines": 0}, "missing_lines": [], "excluded_lines": []}}}, "src/lexecon/tools/audit_verify.py": {"executed_lines": [2, 8, 9, 10, 11, 12, 13, 16, 17, 18, 21, 22, 24, 25, 26, 27, 28, 30, 37, 39, 47, 48, 49, 50, 51, 59, 60, 62, 64, 65, 67, 69, 70, 71, 73, 74, 75, 76, 77, 81, 83, 84, 85, 86, 87, 88, 89, 91, 92, 93, 94, 95, 96, 100, 109, 110, 111, 114, 115, 117, 120, 125, 127, 130, 134, 141, 142, 143, 144, 147, 149, 150, 152, 153, 154, 183, 185, 186, 188, 192, 195, 198, 212, 227, 235, 254, 256, 258, 259, 260, 261, 262, 264, 266, 267, 268, 269, 271, 272, 273, 274, 276, 277, 278, 279, 280, 281, 282, 284, 287, 333], "summary": {"covered_lines": 108, "num_statements": 172, "percent_covered": 62.7906976744186, "percent_covered_display": "63", "missing_lines": 64, "excluded_lines": 0}, "missing_lines": [52, 53, 54, 55, 56, 57, 79, 97, 116, 118, 121, 131, 145, 157, 158, 159, 162, 163, 165, 166, 167, 168, 171, 172, 173, 178, 180, 181, 189, 201, 205, 206, 209, 210, 215, 221, 222, 223, 225, 229, 230, 231, 232, 233, 237, 241, 249, 250, 252, 289, 305, 310, 317, 319, 321, 322, 323, 324, 325, 326, 327, 329, 330, 334], "excluded_lines": [], "functions": {"AuditVerifier.__init__": {"executed_lines": [25, 26, 27, 28], "summary": {"covered_lines": 4, "num_statements": 4, "percent_covered": 100.0, "percent_covered_display": "100", "missing_lines": 0, "excluded_lines": 0}, "missing_lines": [], "excluded_lines": []}, "AuditVerifier.verify": {"executed_lines": [37, 39, 47, 48, 49, 50, 51, 59, 60], "summary": {"covered_lines": 9, "num_statements": 15, "percent_covered": 60.0, "percent_covered_display": "60", "missing_lines": 6, "excluded_lines": 0}, "missing_lines": [52, 53, 54, 55, 56, 57], "excluded_lines": []}, "AuditVerifier._verify_structure": {"executed_lines": [64, 65, 67, 69, 70, 71, 73, 74, 75, 76, 77], "summary": {"covered_lines": 11, "num_statements": 12, "percent_covered": 91.66666666666667, "percent_covered_display": "92", "missing_lines": 1, "excluded_lines": 0}, "missing_lines": [79], "excluded_lines": []}, "AuditVerifier._verify_manifest": {"executed_lines": [83, 84, 85, 86, 87, 88, 89, 91, 92, 93, 94, 95, 96, 100, 109, 110, 111, 114, 115, 117, 120], "summary": {"covered_lines": 21, "num_statements": 25, "percent_covered": 84.0, "percent_covered_display": "84", "missing_lines": 4, "excluded_lines": 0}, "missing_lines": [97, 116, 118, 121], "excluded_lines": []}, "AuditVerifier._verify_required_sections": {"executed_lines": [127, 130, 134, 141, 142, 143, 144], "summary": {"covered_lines": 7, "num_statements": 9, "percent_covered": 77.77777777777777, "percent_covered_display": "78", "missing_lines": 2, "excluded_lines": 0}, "missing_lines": [131, 145], "excluded_lines": []}, "AuditVerifier._verify_artifact_checksums": {"executed_lines": [149, 150, 152, 153, 154], "summary": {"covered_lines": 5, "num_statements": 20, "percent_covered": 25.0, "percent_covered_display": "25", "missing_lines": 15, "excluded_lines": 0}, "missing_lines": [157, 158, 159, 162, 163, 165, 166, 167, 168, 171, 172, 173, 178, 180, 181], "excluded_lines": []}, "AuditVerifier._verify_root_checksum": {"executed_lines": [185, 186, 188, 192, 195, 198], "summary": {"covered_lines": 6, "num_statements": 12, "percent_covered": 50.0, "percent_covered_display": "50", "missing_lines": 6, "excluded_lines": 0}, "missing_lines": [189, 201, 205, 206, 209, 210], "excluded_lines": []}, "AuditVerifier._find_artifact_file": {"executed_lines": [], "summary": {"covered_lines": 0, "num_statements": 5, "percent_covered": 0.0, "percent_covered_display": "0", "missing_lines": 5, "excluded_lines": 0}, "missing_lines": [215, 221, 222, 223, 225], "excluded_lines": []}, "AuditVerifier._compute_file_hash": {"executed_lines": [], "summary": {"covered_lines": 0, "num_statements": 5, "percent_covered": 0.0, "percent_covered_display": "0", "missing_lines": 5, "excluded_lines": 0}, "missing_lines": [229, 230, 231, 232, 233], "excluded_lines": []}, "AuditVerifier._compute_root_checksum": {"executed_lines": [], "summary": {"covered_lines": 0, "num_statements": 5, "percent_covered": 0.0, "percent_covered_display": "0", "missing_lines": 5, "excluded_lines": 0}, "missing_lines": [237, 241, 249, 250, 252], "excluded_lines": []}, "AuditVerifier._print_results": {"executed_lines": [256, 258, 259, 260, 261, 262, 264, 266, 267, 268, 269, 271, 272, 273, 274, 276, 277, 278, 279, 280, 281, 282, 284], "summary": {"covered_lines": 23, "num_statements": 23, "percent_covered": 100.0, "percent_covered_display": "100", "missing_lines": 0, "excluded_lines": 0}, "missing_lines": [], "excluded_lines": []}, "main": {"executed_lines": [], "summary": {"covered_lines": 0, "num_statements": 14, "percent_covered": 0.0, "percent_covered_display": "0", "missing_lines": 14, "excluded_lines": 0}, "missing_lines": [289, 305, 310, 317, 319, 321, 322, 323, 324, 325, 326, 327, 329, 330], "excluded_lines": []}, "": {"executed_lines": [2, 8, 9, 10, 11, 12, 13, 16, 17, 18, 21, 22, 24, 30, 62, 81, 125, 147, 183, 212, 227, 235, 254, 287, 333], "summary": {"covered_lines": 22, "num_statements": 23, "percent_covered": 95.65217391304348, "percent_covered_display": "96", "missing_lines": 1, "excluded_lines": 0}, "missing_lines": [334], "excluded_lines": []}}, "classes": {"AuditVerificationError": {"executed_lines": [], "summary": {"covered_lines": 0, "num_statements": 0, "percent_covered": 100.0, "percent_covered_display": "100", "missing_lines": 0, "excluded_lines": 0}, "missing_lines": [], "excluded_lines": []}, "AuditVerifier": {"executed_lines": [25, 26, 27, 28, 37, 39, 47, 48, 49, 50, 51, 59, 60, 64, 65, 67, 69, 70, 71, 73, 74, 75, 76, 77, 83, 84, 85, 86, 87, 88, 89, 91, 92, 93, 94, 95, 96, 100, 109, 110, 111, 114, 115, 117, 120, 127, 130, 134, 141, 142, 143, 144, 149, 150, 152, 153, 154, 185, 186, 188, 192, 195, 198, 256, 258, 259, 260, 261, 262, 264, 266, 267, 268, 269, 271, 272, 273, 274, 276, 277, 278, 279, 280, 281, 282, 284], "summary": {"covered_lines": 86, "num_statements": 135, "percent_covered": 63.7037037037037, "percent_covered_display": "64", "missing_lines": 49, "excluded_lines": 0}, "missing_lines": [52, 53, 54, 55, 56, 57, 79, 97, 116, 118, 121, 131, 145, 157, 158, 159, 162, 163, 165, 166, 167, 168, 171, 172, 173, 178, 180, 181, 189, 201, 205, 206, 209, 210, 215, 221, 222, 223, 225, 229, 230, 231, 232, 233, 237, 241, 249, 250, 252], "excluded_lines": []}, "": {"executed_lines": [2, 8, 9, 10, 11, 12, 13, 16, 17, 18, 21, 22, 24, 30, 62, 81, 125, 147, 183, 212, 227, 235, 254, 287, 333], "summary": {"covered_lines": 22, "num_statements": 37, "percent_covered": 59.45945945945946, "percent_covered_display": "59", "missing_lines": 15, "excluded_lines": 0}, "missing_lines": [289, 305, 310, 317, 319, 321, 322, 323, 324, 325, 326, 327, 329, 330, 334], "excluded_lines": []}}}}, "totals": {"covered_lines": 3727, "num_statements": 4691, "percent_covered": 79.45001065870817, "percent_covered_display": "79", "missing_lines": 964, "excluded_lines": 1}}